#
# A fatal error has been detected by the Java Runtime Environment:
#
#  EXCEPTION_ACCESS_VIOLATION (0xc0000005) at pc=0x000007feeae57a26, pid=1844, tid=7476
#
# JRE version: 6.0_17-b04
# Java VM: Java HotSpot(TM) 64-Bit Server VM (14.3-b01 mixed mode windows-amd64 )
# Problematic frame:
# C  0x000007feeae57a26
#
# If you would like to submit a bug report, please visit:
#   http://java.sun.com/webapps/bugreport/crash.jsp
# The crash happened outside the Java Virtual Machine in native code.
# See problematic frame for where to report the bug.
#

---------------  T H R E A D  ---------------

Current thread (0x000000005b730000):  JavaThread "Live mode timer" [_thread_in_native, id=7476, stack(0x00000000086a0000,0x0000000008720000)]

siginfo: ExceptionCode=0xc0000005, reading address 0xffffffffffffffff

Registers:
EAX=0x0000000041686010, EBX=0x000000006592e1e0, ECX=0x0000000041438380, EDX=0x0000000000000000
ESP=0x000000000871f358, EBP=0x0000000041437fd0, ESI=0x0000000084b02988, EDI=0x000000005b7301b8
EIP=0x000007feeae57a26, EFLAGS=0x0000000000010246

Top of Stack: (sp=0x000000000871f358)
0x000000000871f358:   000007feeae326d2 0000000000000000
0x000000000871f368:   0000000041437fd0 0000000084b02988
0x000000000871f378:   000000005b7301b8 0000000084a37408
0x000000000871f388:   0000000041811588 00000000840bfd88
0x000000000871f398:   000000000871f418 0000000000000000
0x000000000871f3a8:   0000000000000000 000000000871f438
0x000000000871f3b8:   0000000000000000 0000000000000000
0x000000000871f3c8:   0000000000000000 0000000000000000
0x000000000871f3d8:   000000000871f3d8 0000000000000000
0x000000000871f3e8:   000000000871f450 00000000840d24d0
0x000000000871f3f8:   0000000000000000 00000000840bfd88
0x000000000871f408:   0000000000000000 000000000871f438
0x000000000871f418:   000000000871f498 0000000041805ac2
0x000000000871f428:   00000000840d1900 000000004180de58
0x000000000871f438:   0000000084c652b0 0000000089bb4628
0x000000000871f448:   0000000041437fd0 000000008009cf78 

Instructions: (pc=0x000007feeae57a26)
0x000007feeae57a16:   00 4c 8b ca 4c 8d 05 e7 6e 06 00 48 8b 01 33 d2
0x000007feeae57a26:   48 ff 60 30 cc cc cc cc cc cc 48 8b 89 78 02 00 


Stack: [0x00000000086a0000,0x0000000008720000],  sp=0x000000000871f358,  free space=508k
Native frames: (J=compiled Java code, j=interpreted, Vv=VM code, C=native code)
C  0x000007feeae57a26

Java frames: (J=compiled Java code, j=interpreted, Vv=VM code)
j  mmcorej.MMCoreJJNI.CMMCore_logMessage__SWIG_0(JLmmcorej/CMMCore;Ljava/lang/String;)V+0
j  mmcorej.CMMCore.logMessage(Ljava/lang/String;)V+6
j  org.micromanager.utils.ReportingUtils.logMessage(Ljava/lang/String;)V+20
J  org.micromanager.acquisition.LiveModeTimer$3.run()V
J  java.util.TimerThread.mainLoop()V
j  java.util.TimerThread.run()V+1
v  ~StubRoutines::call_stub

---------------  P R O C E S S  ---------------

Java Threads: ( => current thread )
  0x000000005b731000 JavaThread "Display thread" [_thread_blocked, id=5456, stack(0x0000000008850000,0x00000000088d0000)]
=>0x000000005b730000 JavaThread "Live mode timer" [_thread_in_native, id=7476, stack(0x00000000086a0000,0x0000000008720000)]
  0x000000005b7e4800 JavaThread "Prefs Updater" daemon [_thread_blocked, id=8120, stack(0x0000000013c60000,0x0000000013ce0000)]
  0x000000005b7ea800 JavaThread "Foxtrot Single Worker Thread #1" daemon [_thread_blocked, id=8936, stack(0x00000000134f0000,0x0000000013570000)]
  0x0000000063cb0000 JavaThread "Swing-Shell" daemon [_thread_blocked, id=2856, stack(0x00000000135d0000,0x0000000013650000)]
  0x000000005b7eb000 JavaThread "zSelector" [_thread_blocked, id=10172, stack(0x0000000041570000,0x00000000415f0000)]
  0x000000005b7e9800 JavaThread "Timer-102" [_thread_blocked, id=1164, stack(0x0000000008950000,0x00000000089d0000)]
  0x000000005b7ec000 JavaThread "Beanshell interpreter" [_thread_blocked, id=9896, stack(0x00000000489e0000,0x0000000048a60000)]
  0x000000005b7e3000 JavaThread "Thread-124" [_thread_blocked, id=5344, stack(0x0000000048940000,0x00000000489c0000)]
  0x000000005b7ec800 JavaThread "Thread-119" [_thread_blocked, id=1072, stack(0x0000000025350000,0x00000000253d0000)]
  0x000000005b7e7000 JavaThread "Active Reference Queue Daemon" daemon [_thread_blocked, id=5388, stack(0x0000000039720000,0x00000000397a0000)]
  0x000000005b7e5800 JavaThread "Timer-8" daemon [_thread_blocked, id=7524, stack(0x00000000596f0000,0x0000000059770000)]
  0x000000005b7e6000 JavaThread "Timer-7" daemon [_thread_blocked, id=6148, stack(0x00000000448b0000,0x0000000044930000)]
  0x000000005b7e4000 JavaThread "Explorer NavigationContext request queue" [_thread_blocked, id=5028, stack(0x0000000025420000,0x00000000254a0000)]
  0x000000005b7e2000 JavaThread "AddressBar directory emptiness poller" [_thread_blocked, id=7080, stack(0x0000000044810000,0x0000000044890000)]
  0x000000005b7e0800 JavaThread "Timer-1" [_thread_blocked, id=3300, stack(0x00000000294a0000,0x0000000029520000)]
  0x000000005b7df000 JavaThread "TimerQueue" daemon [_thread_blocked, id=5508, stack(0x000000000fe90000,0x000000000ff10000)]
  0x000000005b7de000 JavaThread "FelixPackageAdmin" daemon [_thread_blocked, id=3468, stack(0x0000000021250000,0x00000000212d0000)]
  0x000000005b50a800 JavaThread "FelixStartLevel" daemon [_thread_blocked, id=6524, stack(0x00000000211b0000,0x0000000021230000)]
  0x000000000edcd000 JavaThread "FelixDispatchQueue" daemon [_thread_blocked, id=10020, stack(0x000000000fca0000,0x000000000fd20000)]
  0x000000000ea0d000 JavaThread "AWT-EventQueue-0" [_thread_blocked, id=7100, stack(0x000000000fd30000,0x000000000fdb0000)]
  0x000000000f331800 JavaThread "com.google.common.base.internal.Finalizer" daemon [_thread_blocked, id=5908, stack(0x000000000ff10000,0x000000000ff90000)]
  0x000000000f32b000 JavaThread "AWT-Windows" daemon [_thread_in_native, id=6556, stack(0x000000000f9b0000,0x000000000fa30000)]
  0x000000000f322000 JavaThread "AWT-Shutdown" [_thread_blocked, id=2668, stack(0x000000000fbc0000,0x000000000fc40000)]
  0x000000000f321000 JavaThread "Java2D Disposer" daemon [_thread_blocked, id=6812, stack(0x000000000faf0000,0x000000000fb70000)]
  0x000000000f742000 JavaThread "Timer-0" [_thread_blocked, id=6204, stack(0x000000000fa30000,0x000000000fab0000)]
  0x000000000f66b000 JavaThread "EventMgr Dispatcher" daemon [_thread_in_native, id=7876, stack(0x0000000019180000,0x000000001d180000)]
  0x000000000e954000 JavaThread "Low Memory Detector" daemon [_thread_blocked, id=1136, stack(0x000000000eb80000,0x000000000ec00000)]
  0x000000000e94c800 JavaThread "CompilerThread1" daemon [_thread_blocked, id=7888, stack(0x0000000068d00000,0x000000006cd00000)]
  0x000000000e945800 JavaThread "CompilerThread0" daemon [_thread_blocked, id=10012, stack(0x000000005d110000,0x0000000061110000)]
  0x000000000e944000 JavaThread "Attach Listener" daemon [_thread_blocked, id=9820, stack(0x000000000eaa0000,0x000000000eb20000)]
  0x000000000e8e6800 JavaThread "Finalizer" daemon [_thread_blocked, id=1700, stack(0x000000000ec30000,0x000000000ecb0000)]
  0x000000000e8e5800 JavaThread "Reference Handler" daemon [_thread_blocked, id=6552, stack(0x000000000d6b0000,0x000000000d730000)]
  0x00000000058f3800 JavaThread "main" [_thread_in_native, id=3380, stack(0x0000000000200000,0x0000000004200000)]

Other Threads:
  0x000000000e8e2800 VMThread [stack: 0x0000000054ba0000,0x0000000058ba0000] [id=8236]
  0x000000000e977800 WatcherThread [stack: 0x0000000108040000,0x000000010c040000] [id=6568]

VM state:not at safepoint (normal execution)

VM Mutex/Monitor currently owned by a thread: None

Heap
 PSYoungGen      total 65792K, used 22987K [0x00000000e8000000, 0x00000000ecf70000, 0x0000000108000000)
  eden space 63936K, 33% used [0x00000000e8000000,0x00000000e94a8058,0x00000000ebe70000)
  from space 1856K, 98% used [0x00000000ecda0000,0x00000000ecf6acf8,0x00000000ecf70000)
  to   space 2496K, 0% used [0x00000000eca90000,0x00000000eca90000,0x00000000ecd00000)
 PSOldGen        total 73280K, used 65096K [0x0000000088000000, 0x000000008c790000, 0x00000000e8000000)
  object space 73280K, 88% used [0x0000000088000000,0x000000008bf92318,0x000000008c790000)
 PSPermGen       total 81408K, used 81161K [0x0000000080000000, 0x0000000084f80000, 0x0000000088000000)
  object space 81408K, 99% used [0x0000000080000000,0x0000000084f42750,0x0000000084f80000)

Dynamic libraries:
0x000000013fd50000 - 0x000000013fd82000 	C:\Program Files\MATLAB\R2012a\bin\win64\MATLAB.exe
0x0000000076ed0000 - 0x0000000077079000 	C:\Windows\SYSTEM32\ntdll.dll
0x0000000076cb0000 - 0x0000000076dcf000 	C:\Windows\system32\kernel32.dll
0x000007fefd020000 - 0x000007fefd08c000 	C:\Windows\system32\KERNELBASE.dll
0x0000000074a00000 - 0x0000000074a88000 	C:\Windows\System32\SYSFER.DLL
0x0000000074460000 - 0x0000000074554000 	C:\Program Files\MATLAB\R2012a\bin\win64\libut.dll
0x00000000758a0000 - 0x0000000075952000 	C:\Program Files\MATLAB\R2012a\bin\win64\libmwi18n.dll
0x0000000180000000 - 0x000000018000b000 	C:\Program Files\MATLAB\R2012a\bin\win64\libmwresource_core.dll
0x0000000072a90000 - 0x0000000072b63000 	C:\Windows\WinSxS\amd64_microsoft.vc90.crt_1fc8b3b9a1e18e3b_9.0.30729.6161_none_08e61857a83bc251\MSVCP90.dll
0x00000000729e0000 - 0x0000000072a83000 	C:\Windows\WinSxS\amd64_microsoft.vc90.crt_1fc8b3b9a1e18e3b_9.0.30729.6161_none_08e61857a83bc251\MSVCR90.dll
0x000000007a170000 - 0x000000007a19c000 	C:\Program Files\MATLAB\R2012a\bin\win64\boost_filesystem-vc90-mt-1_44.dll
0x000000007a560000 - 0x000000007a569000 	C:\Program Files\MATLAB\R2012a\bin\win64\boost_system-vc90-mt-1_44.dll
0x000007fefdd30000 - 0x000007fefde0b000 	C:\Windows\system32\ADVAPI32.dll
0x000007fefd920000 - 0x000007fefd9bf000 	C:\Windows\system32\msvcrt.dll
0x000007fefdd10000 - 0x000007fefdd2f000 	C:\Windows\SYSTEM32\sechost.dll
0x000007fefd750000 - 0x000007fefd87d000 	C:\Windows\system32\RPCRT4.dll
0x000000007a010000 - 0x000000007a035000 	C:\Program Files\MATLAB\R2012a\bin\win64\LIBEXPAT.dll
0x00000000654e0000 - 0x00000000656d1000 	C:\Program Files\MATLAB\R2012a\bin\win64\icuin44.dll
0x0000000065760000 - 0x00000000658d1000 	C:\Program Files\MATLAB\R2012a\bin\win64\icuuc44.dll
0x0000000010000000 - 0x0000000010e41000 	C:\Program Files\MATLAB\R2012a\bin\win64\icudt44.dll
0x0000000073f70000 - 0x00000000740ad000 	C:\Program Files\MATLAB\R2012a\bin\win64\libmwfl.dll
0x0000000004470000 - 0x0000000004766000 	C:\Program Files\MATLAB\R2012a\bin\win64\libmwMATLAB_res.dll
0x000000007a3b0000 - 0x000000007a3c0000 	C:\Program Files\MATLAB\R2012a\bin\win64\boost_date_time-vc90-mt-1_44.dll
0x000000007a250000 - 0x000000007a263000 	C:\Program Files\MATLAB\R2012a\bin\win64\boost_signals-vc90-mt-1_44.dll
0x000000007a2d0000 - 0x000000007a2e2000 	C:\Program Files\MATLAB\R2012a\bin\win64\boost_thread-vc90-mt-1_44.dll
0x00000000001b0000 - 0x00000000001f6000 	C:\Program Files\MATLAB\R2012a\bin\win64\tbb.dll
0x000007fefd100000 - 0x000007fefd119000 	C:\Windows\system32\imagehlp.dll
0x0000000077090000 - 0x0000000077097000 	C:\Windows\system32\PSAPI.DLL
0x0000000070f00000 - 0x0000000070f13000 	C:\Program Files\MATLAB\R2012a\bin\win64\icuio44.dll
0x000007feeb1d0000 - 0x000007feeb2f5000 	C:\Windows\system32\dbghelp.dll
0x0000000076dd0000 - 0x0000000076eca000 	C:\Windows\system32\USER32.dll
0x000007fefd9c0000 - 0x000007fefda27000 	C:\Windows\system32\GDI32.dll
0x000007fefd300000 - 0x000007fefd30e000 	C:\Windows\system32\LPK.dll
0x000007fefd630000 - 0x000007fefd6f9000 	C:\Windows\system32\USP10.dll
0x000000007bed0000 - 0x000000007c183000 	C:\Program Files\MATLAB\R2012a\bin\win64\libmwservices.dll
0x0000000075a20000 - 0x0000000075ae2000 	C:\Program Files\MATLAB\R2012a\bin\win64\libmx.dll
0x000000007a210000 - 0x000000007a228000 	C:\Program Files\MATLAB\R2012a\bin\win64\zlib1.dll
0x0000000004250000 - 0x0000000004271000 	C:\Program Files\MATLAB\R2012a\bin\win64\libmwmfl_scalar.dll
0x0000000075f10000 - 0x0000000075f5d000 	C:\Program Files\MATLAB\R2012a\bin\win64\mpath.dll
0x000000007b680000 - 0x000000007bbe1000 	C:\Program Files\MATLAB\R2012a\bin\win64\mlutil.dll
0x0000000070e10000 - 0x0000000070e8f000 	C:\Program Files\MATLAB\R2012a\bin\win64\xmlcore.dll
0x000000007bc30000 - 0x000000007be83000 	C:\Program Files\MATLAB\R2012a\bin\win64\xerces-c_2_7.dll
0x000007fefd700000 - 0x000007fefd74d000 	C:\Windows\system32\WS2_32.dll
0x000007feff150000 - 0x000007feff158000 	C:\Windows\system32\NSI.dll
0x00000000042d0000 - 0x00000000042ea000 	C:\Program Files\MATLAB\R2012a\bin\win64\libmwMATLAB_settings_res.dll
0x0000000004300000 - 0x0000000004347000 	C:\Program Files\MATLAB\R2012a\bin\win64\boost_serialization-vc90-mt-1_44.dll
0x000007fefe320000 - 0x000007feff0a8000 	C:\Windows\system32\SHELL32.dll
0x000007fefe130000 - 0x000007fefe1a1000 	C:\Windows\system32\SHLWAPI.dll
0x000007fef67d0000 - 0x000007fef6870000 	C:\Windows\WinSxS\amd64_microsoft.windows.common-controls_6595b64144ccf1df_5.82.7601.18201_none_a4d3b9377117c3df\COMCTL32.dll
0x000007feff0b0000 - 0x000007feff147000 	C:\Windows\system32\COMDLG32.dll
0x000007fefa300000 - 0x000007fefa316000 	C:\Windows\system32\NETAPI32.dll
0x000007fefa2f0000 - 0x000007fefa2fc000 	C:\Windows\system32\netutils.dll
0x000007fefc730000 - 0x000007fefc753000 	C:\Windows\system32\srvcli.dll
0x000007fefa190000 - 0x000007fefa1a5000 	C:\Windows\system32\wkscli.dll
0x000007fefdf20000 - 0x000007fefe123000 	C:\Windows\system32\ole32.dll
0x000007fefd310000 - 0x000007fefd3e7000 	C:\Windows\system32\OLEAUT32.dll
0x0000000004770000 - 0x0000000004906000 	C:\Program Files\MATLAB\R2012a\bin\win64\mcr.dll
0x0000000075000000 - 0x000000007536b000 	C:\Program Files\MATLAB\R2012a\bin\win64\iqm.dll
0x000000005a260000 - 0x000000005aa81000 	C:\Program Files\MATLAB\R2012a\bin\win64\m_interpreter.dll
0x0000000070080000 - 0x00000000700a5000 	C:\Program Files\MATLAB\R2012a\bin\win64\libmex.dll
0x0000000068730000 - 0x00000000687e3000 	C:\Program Files\MATLAB\R2012a\bin\win64\m_dispatcher.dll
0x0000000074880000 - 0x000000007496d000 	C:\Program Files\MATLAB\R2012a\bin\win64\boost_regex-vc90-mt-1_44.dll
0x000000006fff0000 - 0x0000000070074000 	C:\Program Files\MATLAB\R2012a\bin\win64\profiler.dll
0x0000000004970000 - 0x0000000004bc5000 	C:\Program Files\MATLAB\R2012a\bin\win64\libmwmathutil.dll
0x0000000079f40000 - 0x0000000079f6d000 	C:\Program Files\MATLAB\R2012a\bin\win64\libmwmathrng.dll
0x0000000074c10000 - 0x0000000074ced000 	C:\Program Files\MATLAB\R2012a\bin\win64\libmwmathcore.dll
0x0000000076160000 - 0x00000000761cb000 	C:\Program Files\MATLAB\R2012a\bin\win64\libmwspmatrix.dll
0x0000000075ea0000 - 0x0000000075f02000 	C:\Program Files\MATLAB\R2012a\bin\win64\libmwcholmod.dll
0x000000007a460000 - 0x000000007a46d000 	C:\Program Files\MATLAB\R2012a\bin\win64\libmwamd.dll
0x000000007a4b0000 - 0x000000007a4bc000 	C:\Program Files\MATLAB\R2012a\bin\win64\libmwcolamd.dll
0x00000000714b0000 - 0x00000000714c9000 	C:\Program Files\MATLAB\R2012a\bin\win64\libmwblas.dll
0x0000000070510000 - 0x0000000070522000 	C:\Program Files\MATLAB\R2012a\bin\win64\libmwbinder.dll
0x0000000070e00000 - 0x0000000070e0b000 	C:\Program Files\MATLAB\R2012a\bin\win64\libmwompwrapper.dll
0x000000006d030000 - 0x000000006d0b6000 	C:\Program Files\MATLAB\R2012a\bin\win64\libmwlapack.dll
0x000000006d000000 - 0x000000006d021000 	C:\Program Files\MATLAB\R2012a\bin\win64\m_pcodeio.dll
0x0000000079b10000 - 0x0000000079b77000 	C:\Program Files\MATLAB\R2012a\bin\win64\m_ir.dll
0x0000000064e90000 - 0x00000000654e0000 	C:\Program Files\MATLAB\R2012a\bin\win64\m_parser.dll
0x000000006cfe0000 - 0x000000006cffa000 	C:\Program Files\MATLAB\R2012a\bin\win64\ir_xfmr.dll
0x000000005cdc0000 - 0x000000005d039000 	C:\Program Files\MATLAB\R2012a\bin\win64\mcos.dll
0x000000006ff20000 - 0x000000006ff2c000 	C:\Program Files\MATLAB\R2012a\bin\win64\mtok.dll
0x0000000068cb0000 - 0x0000000068ce1000 	C:\Program Files\MATLAB\R2012a\bin\win64\m_pcodegen.dll
0x0000000079fb0000 - 0x0000000079fe7000 	C:\Program Files\MATLAB\R2012a\bin\win64\libmwbridge.dll
0x00000000637d0000 - 0x0000000063898000 	C:\Program Files\MATLAB\R2012a\bin\win64\udd.dll
0x00000000634c0000 - 0x0000000063612000 	C:\Program Files\MATLAB\R2012a\bin\win64\libmwgui.dll
0x0000000068c90000 - 0x0000000068ca7000 	C:\Program Files\MATLAB\R2012a\bin\win64\graphics_util.dll
0x00000000598b0000 - 0x000000005a253000 	C:\Program Files\MATLAB\R2012a\bin\win64\hg.dll
0x0000000004d40000 - 0x0000000004da7000 	C:\Program Files\MATLAB\R2012a\bin\win64\libmat.dll
0x0000000072d30000 - 0x0000000072f44000 	C:\Program Files\MATLAB\R2012a\bin\win64\hdf5dll.dll
0x0000000075710000 - 0x00000000757c1000 	C:\Program Files\MATLAB\R2012a\bin\win64\jmi.dll
0x0000000004de0000 - 0x0000000004dee000 	C:\Program Files\MATLAB\R2012a\bin\win64\nativejava_services.dll
0x0000000065710000 - 0x0000000065752000 	C:\Program Files\MATLAB\R2012a\bin\win64\libmwhardcopy.dll
0x0000000064e30000 - 0x0000000064e8a000 	C:\Program Files\MATLAB\R2012a\bin\win64\libuij.dll
0x000000005b0b0000 - 0x000000005b2bc000 	C:\Program Files\MATLAB\R2012a\bin\win64\hgdatatypes.dll
0x0000000064cd0000 - 0x0000000064dcd000 	C:\Program Files\MATLAB\R2012a\bin\win64\hgutils.dll
0x0000000063710000 - 0x00000000637cd000 	C:\Program Files\MATLAB\R2012a\bin\win64\udd_mi.dll
0x0000000004e50000 - 0x0000000004e8b000 	C:\Program Files\MATLAB\R2012a\bin\win64\libmwgbtutils.dll
0x0000000004ea0000 - 0x0000000004eb9000 	C:\Program Files\MATLAB\R2012a\bin\win64\libmwgbt.dll
0x0000000004ed0000 - 0x000000000519a000 	C:\Program Files\MATLAB\R2012a\bin\win64\uiw.dll
0x000000006fbf0000 - 0x000000006fbff000 	C:\Program Files\MATLAB\R2012a\bin\win64\uinone.dll
0x000007fef67b0000 - 0x000007fef67c8000 	C:\Windows\system32\MPR.dll
0x000000005abc0000 - 0x000000005b0a4000 	C:\Windows\WinSxS\amd64_microsoft.vc90.mfc_1fc8b3b9a1e18e3b_9.0.30729.6161_none_044aad0bab1eb146\mfc90.dll
0x000007fef95a0000 - 0x000007fef95a7000 	C:\Windows\system32\MSIMG32.dll
0x000007fef7f00000 - 0x000007fef7f71000 	C:\Windows\system32\WINSPOOL.DRV
0x0000000068930000 - 0x0000000068950000 	C:\Program Files\MATLAB\R2012a\bin\win64\mwoles05.DLL
0x00000000648f0000 - 0x000000006496c000 	C:\Program Files\MATLAB\R2012a\bin\win64\comcli.dll
0x0000000068700000 - 0x000000006872f000 	C:\Windows\WinSxS\amd64_microsoft.vc90.atl_1fc8b3b9a1e18e3b_9.0.30729.6161_none_0a1fd3a3a768b895\ATL90.DLL
0x000000006cfa0000 - 0x000000006cfac000 	C:\Program Files\MATLAB\R2012a\bin\win64\mlautoregister.dll
0x00000000051f0000 - 0x0000000005200000 	C:\Program Files\MATLAB\R2012a\bin\win64\boost_iostreams-vc90-mt-1_44.dll
0x000007fefcb20000 - 0x000007fefcb77000 	C:\Windows\system32\apphelp.dll
0x000007fef59a0000 - 0x000007fef59f1000 	C:\Windows\AppPatch\AppPatch64\AcGenral.DLL
0x000007fefcaf0000 - 0x000007fefcb15000 	C:\Windows\system32\SspiCli.dll
0x00000000723c0000 - 0x00000000723c3000 	C:\Windows\system32\sfc.dll
0x000007fef9850000 - 0x000007fef9860000 	C:\Windows\system32\sfc_os.DLL
0x000007fefce20000 - 0x000007fefce3e000 	C:\Windows\system32\USERENV.dll
0x000007fefcce0000 - 0x000007fefccef000 	C:\Windows\system32\profapi.dll
0x000007fefb000000 - 0x000007fefb018000 	C:\Windows\system32\dwmapi.dll
0x000007fefda30000 - 0x000007fefda5e000 	C:\Windows\system32\IMM32.DLL
0x000007fefde10000 - 0x000007fefdf19000 	C:\Windows\system32\MSCTF.dll
0x000007fefb290000 - 0x000007fefb2e6000 	C:\Windows\system32\UxTheme.dll
0x000000006ce10000 - 0x000000006ce1d000 	C:\Windows\WinSxS\amd64_microsoft.vc90.mfcloc_1fc8b3b9a1e18e3b_9.0.30729.6161_none_01c9581e60cbee58\MFC90ENU.DLL
0x0000000005720000 - 0x0000000005749000 	C:\Program Files\MATLAB\R2012a\bin\win64\tbbmalloc.dll
0x000007fefb6f0000 - 0x000007fefb6ff000 	C:\Program Files\MATLAB\R2012a\bin\win64\xmlxrcsc.dll
0x000007fefcb80000 - 0x000007fefcb8f000 	C:\Windows\system32\CRYPTBASE.dll
0x000007fefb710000 - 0x000007fefb904000 	C:\Windows\WinSxS\amd64_microsoft.windows.common-controls_6595b64144ccf1df_6.0.7601.17514_none_fa396087175ac9ac\comctl32.dll
0x000007fefd120000 - 0x000007fefd2f7000 	C:\Windows\system32\SETUPAPI.dll
0x000007fefcd20000 - 0x000007fefcd56000 	C:\Windows\system32\CFGMGR32.dll
0x000007fefcd60000 - 0x000007fefcd7a000 	C:\Windows\system32\DEVOBJ.dll
0x000007fefd880000 - 0x000007fefd919000 	C:\Windows\system32\CLBCatQ.DLL

VM Arguments:
jvm_args: -Xss512k -XX:PermSize=32m -Xms64m -XX:NewRatio=3 -XX:MaxPermSize=128m -Xmx196m -XX:MaxDirectMemorySize=2147400000 -Dsun.java2d.noddraw=true -Dsun.awt.nopixfmt=true -Xshare:off -Xrs -Dsun.awt.disableMixing=true -Xmx2048m -Djava.library.path=C:\Program Files\MATLAB\R2012a\bin\win64;C:\Micro-Manager-1.4.17\ vfprintf abort 
java_command: <unknown>
Launcher Type: generic

Environment Variables:
PATH=C:\Windows\system32;C:\Windows;C:\Windows\System32\Wbem;C:\Windows\System32\WindowsPowerShell\v1.0\;C:\Program Files\MATLAB\R2013b\bin;C:\Program Files (x86)\MATLAB-32\R2012a\bin;C:\Program Files\MATLAB\R2012a\bin;C:\Program Files\MATLAB\R2010b\bin;C:\Micro-Manager-1.4.17;C:\Program Files (x86)\Ocean Optics\Overture\OOI_HOME;C:\Program Files\Microsoft Windows Performance Toolkit\;C:\Program Files\IVI Foundation\VISA\Win64\Bin\;C:\Program Files (x86)\IVI Foundation\VISA\WinNT\Bin\;C:\Program Files (x86)\IVI Foundation\VISA\WinNT\Bin
USERNAME=keck
OS=Windows_NT
PROCESSOR_IDENTIFIER=Intel64 Family 6 Model 42 Stepping 7, GenuineIntel



---------------  S Y S T E M  ---------------

OS: Windows 7 Build 7601 Service Pack 1

CPU:total 4 (8 cores per cpu, 2 threads per core) family 6 model 42 stepping 7, cmov, cx8, fxsr, mmx, sse, sse2, sse3, ssse3, sse4.1, sse4.2, ht

Memory: 4k page, physical 16682868k(9871100k free), swap 17500204k(11034596k free)

vm_info: Java HotSpot(TM) 64-Bit Server VM (14.3-b01) for windows-amd64 JRE (1.6.0_17-b04), built on Oct 11 2009 00:46:08 by "java_re" with MS VC++ 8.0

time: Sat Oct 18 11:37:06 2014
elapsed time: 76656 seconds

