#
# A fatal error has been detected by the Java Runtime Environment:
#
#  EXCEPTION_ACCESS_VIOLATION (0xc0000005) at pc=0x000007feed137a26, pid=6392, tid=9128
#
# JRE version: 6.0_17-b04
# Java VM: Java HotSpot(TM) 64-Bit Server VM (14.3-b01 mixed mode windows-amd64 )
# Problematic frame:
# C  0x000007feed137a26
#
# If you would like to submit a bug report, please visit:
#   http://java.sun.com/webapps/bugreport/crash.jsp
# The crash happened outside the Java Virtual Machine in native code.
# See problematic frame for where to report the bug.
#

---------------  T H R E A D  ---------------

Current thread (0x000000000eb8a000):  JavaThread "Live mode timer" [_thread_in_native, id=9128, stack(0x000000001bf90000,0x000000001c010000)]

siginfo: ExceptionCode=0xc0000005, reading address 0xffffffffffffffff

Registers:
EAX=0x0000000041972730, EBX=0x000000006ba1ad10, ECX=0x0000000041a383e0, EDX=0x0000000000000000
ESP=0x000000001c00ef88, EBP=0x0000000041a37fd0, ESI=0x0000000088b500fe, EDI=0x000000000eb8a1b8
EIP=0x000007feed137a26, EFLAGS=0x0000000000010246

Top of Stack: (sp=0x000000001c00ef88)
0x000000001c00ef88:   000007feed1126d2 0000000000000000
0x000000001c00ef98:   0000000041a37fd0 0000000088b500fe
0x000000001c00efa8:   000000000eb8a1b8 000000008473d578
0x000000001c00efb8:   0000000041bf1588 0000000083e119e8
0x000000001c00efc8:   000000001c00f040 000000001c00f130
0x000000001c00efd8:   000000001c00f130 000000001c00f060
0x000000001c00efe8:   0000000041be4e90 0000000000000000
0x000000001c00eff8:   000000001c00f178 000000001c00f000
0x000000001c00f008:   0000000000000000 000000001c00f078
0x000000001c00f018:   0000000083e24800 0000000000000000
0x000000001c00f028:   0000000083e119e8 0000000000000000
0x000000001c00f038:   000000001c00f060 000000001c00f0c0
0x000000001c00f048:   0000000041be5ac2 0000000083e23560
0x000000001c00f058:   0000000041bede58 000000008495cde0
0x000000001c00f068:   0000000089b4d430 0000000041a37fd0
0x000000001c00f078:   000000001c00f178 000000001c00f080 

Instructions: (pc=0x000007feed137a26)
0x000007feed137a16:   00 4c 8b ca 4c 8d 05 e7 6e 06 00 48 8b 01 33 d2
0x000007feed137a26:   48 ff 60 30 cc cc cc cc cc cc 48 8b 89 78 02 00 


Stack: [0x000000001bf90000,0x000000001c010000],  sp=0x000000001c00ef88,  free space=507k
Native frames: (J=compiled Java code, j=interpreted, Vv=VM code, C=native code)
C  0x000007feed137a26

Java frames: (J=compiled Java code, j=interpreted, Vv=VM code)
j  mmcorej.MMCoreJJNI.CMMCore_logMessage__SWIG_0(JLmmcorej/CMMCore;Ljava/lang/String;)V+0
j  mmcorej.CMMCore.logMessage(Ljava/lang/String;)V+6
j  org.micromanager.utils.ReportingUtils.logMessage(Ljava/lang/String;)V+20
j  org.micromanager.acquisition.LiveModeTimer$3.run()V+121
J  java.util.TimerThread.mainLoop()V
j  java.util.TimerThread.run()V+1
v  ~StubRoutines::call_stub

---------------  P R O C E S S  ---------------

Java Threads: ( => current thread )
  0x000000000eb89000 JavaThread "Display thread" [_thread_blocked, id=8972, stack(0x000000001c1a0000,0x000000001c220000)]
=>0x000000000eb8a000 JavaThread "Live mode timer" [_thread_in_native, id=9128, stack(0x000000001bf90000,0x000000001c010000)]
  0x0000000065f16000 JavaThread "Prefs Updater" daemon [_thread_blocked, id=8668, stack(0x000000001b870000,0x000000001b8f0000)]
  0x000000006549c800 JavaThread "Foxtrot Single Worker Thread #1" daemon [_thread_blocked, id=6640, stack(0x000000001ba50000,0x000000001bad0000)]
  0x000000006549b000 JavaThread "Active Reference Queue Daemon" daemon [_thread_blocked, id=6756, stack(0x000000001c470000,0x000000001c4f0000)]
  0x000000006549a800 JavaThread "Timer-243" daemon [_thread_blocked, id=5424, stack(0x000000001a370000,0x000000001a3f0000)]
  0x0000000065f1d000 JavaThread "zSelector" [_thread_blocked, id=7092, stack(0x0000000017000000,0x0000000017080000)]
  0x0000000065f1f000 JavaThread "Timer-83" [_thread_blocked, id=2256, stack(0x0000000016e40000,0x0000000016ec0000)]
  0x0000000065f1a800 JavaThread "Beanshell interpreter" [_thread_blocked, id=5932, stack(0x0000000048d70000,0x0000000048df0000)]
  0x0000000065f1b800 JavaThread "Thread-100" [_thread_blocked, id=8204, stack(0x0000000048cf0000,0x0000000048d70000)]
  0x0000000065f1a000 JavaThread "Thread-89" [_thread_blocked, id=5572, stack(0x0000000039a10000,0x0000000039a90000)]
  0x000000006592c800 JavaThread "Timer-7" daemon [_thread_blocked, id=6980, stack(0x0000000054fa0000,0x0000000055020000)]
  0x000000006592b800 JavaThread "Explorer NavigationContext request queue" [_thread_blocked, id=6696, stack(0x0000000025570000,0x00000000255f0000)]
  0x0000000065929000 JavaThread "AddressBar directory emptiness poller" [_thread_blocked, id=7548, stack(0x000000002d7e0000,0x000000002d860000)]
  0x0000000065927800 JavaThread "Timer-1" [_thread_blocked, id=7936, stack(0x0000000035900000,0x0000000035980000)]
  0x0000000065926000 JavaThread "TimerQueue" daemon [_thread_blocked, id=5884, stack(0x0000000015070000,0x00000000150f0000)]
  0x0000000065925800 JavaThread "FelixPackageAdmin" daemon [_thread_blocked, id=4432, stack(0x0000000029620000,0x00000000296a0000)]
  0x00000000658cc800 JavaThread "FelixStartLevel" daemon [_thread_blocked, id=7960, stack(0x00000000254e0000,0x0000000025560000)]
  0x00000000658cc000 JavaThread "FelixDispatchQueue" daemon [_thread_blocked, id=7044, stack(0x000000001d3e0000,0x000000001d460000)]
  0x000000006589b000 JavaThread "AWT-EventQueue-0" [_thread_blocked, id=5720, stack(0x00000000191f0000,0x0000000019270000)]
  0x000000006567e000 JavaThread "com.google.common.base.internal.Finalizer" daemon [_thread_blocked, id=5504, stack(0x0000000015100000,0x0000000015180000)]
  0x00000000655e9800 JavaThread "AWT-Windows" daemon [_thread_in_native, id=1208, stack(0x0000000008ef0000,0x0000000008f70000)]
  0x00000000655e9000 JavaThread "AWT-Shutdown" [_thread_blocked, id=7988, stack(0x000000000e050000,0x000000000e0d0000)]
  0x00000000655e8800 JavaThread "Java2D Disposer" daemon [_thread_blocked, id=7460, stack(0x000000000e110000,0x000000000e190000)]
  0x000000000f5c4000 JavaThread "Timer-0" [_thread_blocked, id=1552, stack(0x0000000008b40000,0x0000000008bc0000)]
  0x000000000ef07000 JavaThread "EventMgr Dispatcher" daemon [_thread_in_native, id=6688, stack(0x000000001d460000,0x0000000021460000)]
  0x0000000008a24000 JavaThread "Low Memory Detector" daemon [_thread_blocked, id=6460, stack(0x000000000dcf0000,0x000000000dd70000)]
  0x0000000008a1c800 JavaThread "CompilerThread1" daemon [_thread_blocked, id=4516, stack(0x000000005d210000,0x0000000061210000)]
  0x0000000008a15800 JavaThread "CompilerThread0" daemon [_thread_blocked, id=7072, stack(0x0000000059120000,0x000000005d120000)]
  0x0000000008a14000 JavaThread "Attach Listener" daemon [_thread_blocked, id=6988, stack(0x000000000dc60000,0x000000000dce0000)]
  0x00000000089b6800 JavaThread "Finalizer" daemon [_thread_blocked, id=1948, stack(0x000000000d7a0000,0x000000000d820000)]
  0x00000000089b5800 JavaThread "Reference Handler" daemon [_thread_blocked, id=3764, stack(0x000000000d6a0000,0x000000000d720000)]
  0x00000000058a5800 JavaThread "main" [_thread_in_native, id=7196, stack(0x00000000001b0000,0x00000000041b0000)]

Other Threads:
  0x00000000089b2800 VMThread [stack: 0x00000000550c0000,0x00000000590c0000] [id=5200]
  0x0000000008a47800 WatcherThread [stack: 0x0000000061340000,0x0000000065340000] [id=5772]

VM state:not at safepoint (normal execution)

VM Mutex/Monitor currently owned by a thread: None

Heap
 PSYoungGen      total 45184K, used 7171K [0x00000000e8000000, 0x00000000eae90000, 0x0000000108000000)
  eden space 43328K, 12% used [0x00000000e8000000,0x00000000e8535f98,0x00000000eaa50000)
  from space 1856K, 98% used [0x00000000eabf0000,0x00000000eadbacf8,0x00000000eadc0000)
  to   space 832K, 0% used [0x00000000eadc0000,0x00000000eadc0000,0x00000000eae90000)
 PSOldGen        total 129216K, used 117269K [0x0000000088000000, 0x000000008fe30000, 0x00000000e8000000)
  object space 129216K, 90% used [0x0000000088000000,0x000000008f2855a8,0x000000008fe30000)
 PSPermGen       total 80192K, used 80004K [0x0000000080000000, 0x0000000084e50000, 0x0000000088000000)
  object space 80192K, 99% used [0x0000000080000000,0x0000000084e213c8,0x0000000084e50000)

Dynamic libraries:
0x000000013f4e0000 - 0x000000013f512000 	C:\Program Files\MATLAB\R2012a\bin\win64\MATLAB.exe
0x00000000770c0000 - 0x0000000077269000 	C:\Windows\SYSTEM32\ntdll.dll
0x0000000076ea0000 - 0x0000000076fbf000 	C:\Windows\system32\kernel32.dll
0x000007fefd110000 - 0x000007fefd17c000 	C:\Windows\system32\KERNELBASE.dll
0x0000000074bf0000 - 0x0000000074c78000 	C:\Windows\System32\SYSFER.DLL
0x0000000074460000 - 0x0000000074554000 	C:\Program Files\MATLAB\R2012a\bin\win64\libut.dll
0x00000000758a0000 - 0x0000000075952000 	C:\Program Files\MATLAB\R2012a\bin\win64\libmwi18n.dll
0x0000000180000000 - 0x000000018000b000 	C:\Program Files\MATLAB\R2012a\bin\win64\libmwresource_core.dll
0x0000000073fe0000 - 0x00000000740b3000 	C:\Windows\WinSxS\amd64_microsoft.vc90.crt_1fc8b3b9a1e18e3b_9.0.30729.6161_none_08e61857a83bc251\MSVCP90.dll
0x0000000073f30000 - 0x0000000073fd3000 	C:\Windows\WinSxS\amd64_microsoft.vc90.crt_1fc8b3b9a1e18e3b_9.0.30729.6161_none_08e61857a83bc251\MSVCR90.dll
0x000000007a170000 - 0x000000007a19c000 	C:\Program Files\MATLAB\R2012a\bin\win64\boost_filesystem-vc90-mt-1_44.dll
0x000000007a560000 - 0x000000007a569000 	C:\Program Files\MATLAB\R2012a\bin\win64\boost_system-vc90-mt-1_44.dll
0x000007fefd4d0000 - 0x000007fefd5ab000 	C:\Windows\system32\ADVAPI32.dll
0x000007fefdba0000 - 0x000007fefdc3f000 	C:\Windows\system32\msvcrt.dll
0x000007fefd300000 - 0x000007fefd31f000 	C:\Windows\SYSTEM32\sechost.dll
0x000007fefda70000 - 0x000007fefdb9d000 	C:\Windows\system32\RPCRT4.dll
0x000000007a010000 - 0x000000007a035000 	C:\Program Files\MATLAB\R2012a\bin\win64\LIBEXPAT.dll
0x000000006f770000 - 0x000000006f961000 	C:\Program Files\MATLAB\R2012a\bin\win64\icuin44.dll
0x000000006fa50000 - 0x000000006fbc1000 	C:\Program Files\MATLAB\R2012a\bin\win64\icuuc44.dll
0x0000000010000000 - 0x0000000010e41000 	C:\Program Files\MATLAB\R2012a\bin\win64\icudt44.dll
0x0000000004260000 - 0x000000000439d000 	C:\Program Files\MATLAB\R2012a\bin\win64\libmwfl.dll
0x00000000043b0000 - 0x00000000046a6000 	C:\Program Files\MATLAB\R2012a\bin\win64\libmwMATLAB_res.dll
0x000000007a3b0000 - 0x000000007a3c0000 	C:\Program Files\MATLAB\R2012a\bin\win64\boost_date_time-vc90-mt-1_44.dll
0x000000007a250000 - 0x000000007a263000 	C:\Program Files\MATLAB\R2012a\bin\win64\boost_signals-vc90-mt-1_44.dll
0x000000007a2d0000 - 0x000000007a2e2000 	C:\Program Files\MATLAB\R2012a\bin\win64\boost_thread-vc90-mt-1_44.dll
0x00000000046f0000 - 0x0000000004736000 	C:\Program Files\MATLAB\R2012a\bin\win64\tbb.dll
0x000007fefe530000 - 0x000007fefe549000 	C:\Windows\system32\imagehlp.dll
0x0000000077280000 - 0x0000000077287000 	C:\Windows\system32\PSAPI.DLL
0x00000000732a0000 - 0x00000000732b3000 	C:\Program Files\MATLAB\R2012a\bin\win64\icuio44.dll
0x000007fefa850000 - 0x000007fefa975000 	C:\Windows\system32\dbghelp.dll
0x0000000076fc0000 - 0x00000000770ba000 	C:\Windows\system32\USER32.dll
0x000007fefd290000 - 0x000007fefd2f7000 	C:\Windows\system32\GDI32.dll
0x000007fefe620000 - 0x000007fefe62e000 	C:\Windows\system32\LPK.dll
0x000007fefdee0000 - 0x000007fefdfa9000 	C:\Windows\system32\USP10.dll
0x000000007bed0000 - 0x000000007c183000 	C:\Program Files\MATLAB\R2012a\bin\win64\libmwservices.dll
0x0000000075a20000 - 0x0000000075ae2000 	C:\Program Files\MATLAB\R2012a\bin\win64\libmx.dll
0x000000007a210000 - 0x000000007a228000 	C:\Program Files\MATLAB\R2012a\bin\win64\zlib1.dll
0x0000000004790000 - 0x00000000047b1000 	C:\Program Files\MATLAB\R2012a\bin\win64\libmwmfl_scalar.dll
0x0000000075f10000 - 0x0000000075f5d000 	C:\Program Files\MATLAB\R2012a\bin\win64\mpath.dll
0x000000007b680000 - 0x000000007bbe1000 	C:\Program Files\MATLAB\R2012a\bin\win64\mlutil.dll
0x000000006f9d0000 - 0x000000006fa4f000 	C:\Program Files\MATLAB\R2012a\bin\win64\xmlcore.dll
0x000000007bc30000 - 0x000000007be83000 	C:\Program Files\MATLAB\R2012a\bin\win64\xerces-c_2_7.dll
0x000007fefe5d0000 - 0x000007fefe61d000 	C:\Windows\system32\WS2_32.dll
0x000007fefe630000 - 0x000007fefe638000 	C:\Windows\system32\NSI.dll
0x0000000004810000 - 0x000000000482a000 	C:\Program Files\MATLAB\R2012a\bin\win64\libmwMATLAB_settings_res.dll
0x0000000004840000 - 0x0000000004887000 	C:\Program Files\MATLAB\R2012a\bin\win64\boost_serialization-vc90-mt-1_44.dll
0x000007fefe640000 - 0x000007feff3c8000 	C:\Windows\system32\SHELL32.dll
0x000007fefe3a0000 - 0x000007fefe411000 	C:\Windows\system32\SHLWAPI.dll
0x000007fef6350000 - 0x000007fef63f0000 	C:\Windows\WinSxS\amd64_microsoft.windows.common-controls_6595b64144ccf1df_5.82.7601.18201_none_a4d3b9377117c3df\COMCTL32.dll
0x000007fefd430000 - 0x000007fefd4c7000 	C:\Windows\system32\COMDLG32.dll
0x000007fefa180000 - 0x000007fefa196000 	C:\Windows\system32\NETAPI32.dll
0x000007fefa170000 - 0x000007fefa17c000 	C:\Windows\system32\netutils.dll
0x000007fefc920000 - 0x000007fefc943000 	C:\Windows\system32\srvcli.dll
0x000007fefa150000 - 0x000007fefa165000 	C:\Windows\system32\wkscli.dll
0x000007fefd860000 - 0x000007fefda63000 	C:\Windows\system32\ole32.dll
0x000007fefd320000 - 0x000007fefd3f7000 	C:\Windows\system32\OLEAUT32.dll
0x0000000074970000 - 0x0000000074b06000 	C:\Program Files\MATLAB\R2012a\bin\win64\mcr.dll
0x0000000075000000 - 0x000000007536b000 	C:\Program Files\MATLAB\R2012a\bin\win64\iqm.dll
0x0000000067670000 - 0x0000000067e91000 	C:\Program Files\MATLAB\R2012a\bin\win64\m_interpreter.dll
0x0000000073270000 - 0x0000000073295000 	C:\Program Files\MATLAB\R2012a\bin\win64\libmex.dll
0x000000006f4d0000 - 0x000000006f583000 	C:\Program Files\MATLAB\R2012a\bin\win64\m_dispatcher.dll
0x0000000074880000 - 0x000000007496d000 	C:\Program Files\MATLAB\R2012a\bin\win64\boost_regex-vc90-mt-1_44.dll
0x000000006f6e0000 - 0x000000006f764000 	C:\Program Files\MATLAB\R2012a\bin\win64\profiler.dll
0x0000000004910000 - 0x0000000004b65000 	C:\Program Files\MATLAB\R2012a\bin\win64\libmwmathutil.dll
0x0000000079f40000 - 0x0000000079f6d000 	C:\Program Files\MATLAB\R2012a\bin\win64\libmwmathrng.dll
0x0000000004b90000 - 0x0000000004c6d000 	C:\Program Files\MATLAB\R2012a\bin\win64\libmwmathcore.dll
0x0000000076160000 - 0x00000000761cb000 	C:\Program Files\MATLAB\R2012a\bin\win64\libmwspmatrix.dll
0x0000000075ea0000 - 0x0000000075f02000 	C:\Program Files\MATLAB\R2012a\bin\win64\libmwcholmod.dll
0x000000007a460000 - 0x000000007a46d000 	C:\Program Files\MATLAB\R2012a\bin\win64\libmwamd.dll
0x000000007a4b0000 - 0x000000007a4bc000 	C:\Program Files\MATLAB\R2012a\bin\win64\libmwcolamd.dll
0x00000000732c0000 - 0x00000000732d9000 	C:\Program Files\MATLAB\R2012a\bin\win64\libmwblas.dll
0x0000000073250000 - 0x0000000073262000 	C:\Program Files\MATLAB\R2012a\bin\win64\libmwbinder.dll
0x0000000073240000 - 0x000000007324b000 	C:\Program Files\MATLAB\R2012a\bin\win64\libmwompwrapper.dll
0x000000006f440000 - 0x000000006f4c6000 	C:\Program Files\MATLAB\R2012a\bin\win64\libmwlapack.dll
0x000000006f410000 - 0x000000006f431000 	C:\Program Files\MATLAB\R2012a\bin\win64\m_pcodeio.dll
0x0000000079b10000 - 0x0000000079b77000 	C:\Program Files\MATLAB\R2012a\bin\win64\m_ir.dll
0x0000000069bc0000 - 0x000000006a210000 	C:\Program Files\MATLAB\R2012a\bin\win64\m_parser.dll
0x000000006f9b0000 - 0x000000006f9ca000 	C:\Program Files\MATLAB\R2012a\bin\win64\ir_xfmr.dll
0x0000000069940000 - 0x0000000069bb9000 	C:\Program Files\MATLAB\R2012a\bin\win64\mcos.dll
0x0000000073230000 - 0x000000007323c000 	C:\Program Files\MATLAB\R2012a\bin\win64\mtok.dll
0x000000006f3d0000 - 0x000000006f401000 	C:\Program Files\MATLAB\R2012a\bin\win64\m_pcodegen.dll
0x0000000079fb0000 - 0x0000000079fe7000 	C:\Program Files\MATLAB\R2012a\bin\win64\libmwbridge.dll
0x000000006ca70000 - 0x000000006cb38000 	C:\Program Files\MATLAB\R2012a\bin\win64\udd.dll
0x000000006c910000 - 0x000000006ca62000 	C:\Program Files\MATLAB\R2012a\bin\win64\libmwgui.dll
0x000000006f5c0000 - 0x000000006f5d7000 	C:\Program Files\MATLAB\R2012a\bin\win64\graphics_util.dll
0x0000000066cc0000 - 0x0000000067663000 	C:\Program Files\MATLAB\R2012a\bin\win64\hg.dll
0x0000000004dc0000 - 0x0000000004e27000 	C:\Program Files\MATLAB\R2012a\bin\win64\libmat.dll
0x0000000072d30000 - 0x0000000072f44000 	C:\Program Files\MATLAB\R2012a\bin\win64\hdf5dll.dll
0x0000000075710000 - 0x00000000757c1000 	C:\Program Files\MATLAB\R2012a\bin\win64\jmi.dll
0x0000000004e60000 - 0x0000000004e6e000 	C:\Program Files\MATLAB\R2012a\bin\win64\nativejava_services.dll
0x000000006f100000 - 0x000000006f142000 	C:\Program Files\MATLAB\R2012a\bin\win64\libmwhardcopy.dll
0x000000006f0a0000 - 0x000000006f0fa000 	C:\Program Files\MATLAB\R2012a\bin\win64\libuij.dll
0x0000000069730000 - 0x000000006993c000 	C:\Program Files\MATLAB\R2012a\bin\win64\hgdatatypes.dll
0x000000006c810000 - 0x000000006c90d000 	C:\Program Files\MATLAB\R2012a\bin\win64\hgutils.dll
0x0000000069670000 - 0x000000006972d000 	C:\Program Files\MATLAB\R2012a\bin\win64\udd_mi.dll
0x0000000004ed0000 - 0x0000000004f0b000 	C:\Program Files\MATLAB\R2012a\bin\win64\libmwgbtutils.dll
0x0000000004f20000 - 0x0000000004f39000 	C:\Program Files\MATLAB\R2012a\bin\win64\libmwgbt.dll
0x0000000004f50000 - 0x000000000521a000 	C:\Program Files\MATLAB\R2012a\bin\win64\uiw.dll
0x0000000071f40000 - 0x0000000071f4f000 	C:\Program Files\MATLAB\R2012a\bin\win64\uinone.dll
0x000007fef9d80000 - 0x000007fef9d98000 	C:\Windows\system32\MPR.dll
0x00000000667d0000 - 0x0000000066cb4000 	C:\Windows\WinSxS\amd64_microsoft.vc90.mfc_1fc8b3b9a1e18e3b_9.0.30729.6161_none_044aad0bab1eb146\mfc90.dll
0x000007fef71e0000 - 0x000007fef71e7000 	C:\Windows\system32\MSIMG32.dll
0x000007fef6fd0000 - 0x000007fef7041000 	C:\Windows\system32\WINSPOOL.DRV
0x000000006f3b0000 - 0x000000006f3d0000 	C:\Program Files\MATLAB\R2012a\bin\win64\mwoles05.DLL
0x0000000066750000 - 0x00000000667cc000 	C:\Program Files\MATLAB\R2012a\bin\win64\comcli.dll
0x000000006f070000 - 0x000000006f09f000 	C:\Windows\WinSxS\amd64_microsoft.vc90.atl_1fc8b3b9a1e18e3b_9.0.30729.6161_none_0a1fd3a3a768b895\ATL90.DLL
0x0000000071a60000 - 0x0000000071a6c000 	C:\Program Files\MATLAB\R2012a\bin\win64\mlautoregister.dll
0x0000000005270000 - 0x0000000005280000 	C:\Program Files\MATLAB\R2012a\bin\win64\boost_iostreams-vc90-mt-1_44.dll
0x000007fefcd10000 - 0x000007fefcd67000 	C:\Windows\system32\apphelp.dll
0x000007fefa490000 - 0x000007fefa4e1000 	C:\Windows\AppPatch\AppPatch64\AcGenral.DLL
0x000007fefccd0000 - 0x000007fefccf5000 	C:\Windows\system32\SspiCli.dll
0x0000000073910000 - 0x0000000073913000 	C:\Windows\system32\sfc.dll
0x000007fef8c80000 - 0x000007fef8c90000 	C:\Windows\system32\sfc_os.DLL
0x000007fefd0f0000 - 0x000007fefd10e000 	C:\Windows\system32\USERENV.dll
0x000007fefced0000 - 0x000007fefcedf000 	C:\Windows\system32\profapi.dll
0x000007fefb3c0000 - 0x000007fefb3d8000 	C:\Windows\system32\dwmapi.dll
0x000007fefd400000 - 0x000007fefd42e000 	C:\Windows\system32\IMM32.DLL
0x000007fefe420000 - 0x000007fefe529000 	C:\Windows\system32\MSCTF.dll
0x000007fefb470000 - 0x000007fefb4c6000 	C:\Windows\system32\UxTheme.dll
0x0000000070040000 - 0x000000007004d000 	C:\Windows\WinSxS\amd64_microsoft.vc90.mfcloc_1fc8b3b9a1e18e3b_9.0.30729.6161_none_01c9581e60cbee58\MFC90ENU.DLL
0x0000000005320000 - 0x0000000005349000 	C:\Program Files\MATLAB\R2012a\bin\win64\tbbmalloc.dll
0x000007fefa750000 - 0x000007fefa75f000 	C:\Program Files\MATLAB\R2012a\bin\win64\xmlxrcsc.dll
0x000007fefcd70000 - 0x000007fefcd7f000 	C:\Windows\system32\CRYPTBASE.dll
0x000007fefbfc0000 - 0x000007fefbfcc000 	C:\Windows\system32\VERSION.dll
0x000007fefb900000 - 0x000007fefbaf4000 	C:\Windows\WinSxS\amd64_microsoft.windows.common-controls_6595b64144ccf1df_6.0.7601.17514_none_fa396087175ac9ac\comctl32.dll
0x000007fefe120000 - 0x000007fefe2f7000 	C:\Windows\system32\SETUPAPI.dll
0x000007fefcf20000 - 0x000007fefcf56000 	C:\Windows\system32\CFGMGR32.dll
0x000007fefd190000 - 0x000007fefd1aa000 	C:\Windows\system32\DEVOBJ.dll

VM Arguments:
jvm_args: -Xss512k -XX:PermSize=32m -Xms64m -XX:NewRatio=3 -XX:MaxPermSize=128m -Xmx196m -XX:MaxDirectMemorySize=2147400000 -Dsun.java2d.noddraw=true -Dsun.awt.nopixfmt=true -Xshare:off -Xrs -Dsun.awt.disableMixing=true -Xmx2048m -Djava.library.path=C:\Program Files\MATLAB\R2012a\bin\win64;C:\Micro-Manager-1.4.17\ vfprintf abort 
java_command: <unknown>
Launcher Type: generic

Environment Variables:
PATH=C:\Windows\system32;C:\Windows;C:\Windows\System32\Wbem;C:\Windows\System32\WindowsPowerShell\v1.0\;C:\Program Files\MATLAB\R2013b\bin;C:\Program Files (x86)\MATLAB-32\R2012a\bin;C:\Program Files\MATLAB\R2012a\bin;C:\Program Files\MATLAB\R2010b\bin;C:\Micro-Manager-1.4.17;C:\Program Files (x86)\Ocean Optics\Overture\OOI_HOME;C:\Program Files\Microsoft Windows Performance Toolkit\;C:\Program Files\IVI Foundation\VISA\Win64\Bin\;C:\Program Files (x86)\IVI Foundation\VISA\WinNT\Bin\;C:\Program Files (x86)\IVI Foundation\VISA\WinNT\Bin
USERNAME=keck
OS=Windows_NT
PROCESSOR_IDENTIFIER=Intel64 Family 6 Model 42 Stepping 7, GenuineIntel



---------------  S Y S T E M  ---------------

OS: Windows 7 Build 7601 Service Pack 1

CPU:total 4 (8 cores per cpu, 2 threads per core) family 6 model 42 stepping 7, cmov, cx8, fxsr, mmx, sse, sse2, sse3, ssse3, sse4.1, sse4.2, ht

Memory: 4k page, physical 16682868k(10536636k free), swap 17500204k(11814664k free)

vm_info: Java HotSpot(TM) 64-Bit Server VM (14.3-b01) for windows-amd64 JRE (1.6.0_17-b04), built on Oct 11 2009 00:46:08 by "java_re" with MS VC++ 8.0

time: Fri Nov 21 23:43:15 2014
elapsed time: 172031 seconds

