#
# A fatal error has been detected by the Java Runtime Environment:
#
#  EXCEPTION_ACCESS_VIOLATION (0xc0000005) at pc=0x000007fee7c2ae06, pid=4280, tid=9120
#
# JRE version: 6.0_17-b04
# Java VM: Java HotSpot(TM) 64-Bit Server VM (14.3-b01 mixed mode windows-amd64 )
# Problematic frame:
# C  0x000007fee7c2ae06
#
# If you would like to submit a bug report, please visit:
#   http://java.sun.com/webapps/bugreport/crash.jsp
# The crash happened outside the Java Virtual Machine in native code.
# See problematic frame for where to report the bug.
#

---------------  T H R E A D  ---------------

Current thread (0x000000005b9a7000):  JavaThread "Live mode timer" [_thread_in_native, id=9120, stack(0x0000000014520000,0x00000000145a0000)]

siginfo: ExceptionCode=0xc0000005, reading address 0x0000000000000091

Registers:
EAX=0x0000000000000000, EBX=0x0000000000000000, ECX=0x0000000000000000, EDX=0xfffffffe69da7ff8
ESP=0x000000001459ec10, EBP=0x000000000000000c, ESI=0x000000001459ec90, EDI=0x0000000000000000
EIP=0x000007fee7c2ae06, EFLAGS=0x0000000000010293

Top of Stack: (sp=0x000000001459ec10)
0x000000001459ec10:   000000005b9a7000 000007fee7c0ff10
0x000000001459ec20:   000000000000001f 00000000415f0080
0x000000001459ec30:   0000000041367fd0 000000000ee33c80
0x000000001459ec40:   0000000041367fd0 000007fee7c690f4
0x000000001459ec50:   000000001459f080 000000000ee33c8d
0x000000001459ec60:   000000001459f128 0000000000000001
0x000000001459ec70:   0000000000000000 0000000000000001
0x000000001459ec80:   000000000ee33c80 fffffffffffffffe
0x000000001459ec90:   476c656e6e616843 0000000070756f72
0x000000001459eca0:   000000000000000c 000000000000000f
0x000000001459ecb0:   0000000000000000 0000000076ef6925
0x000000001459ecc0:   66841eb4ffff0000 0000000041608530
0x000000001459ecd0:   0000000000000020 0000000000000020
0x000000001459ece0:   00000000115504f0 0000000064786a00
0x000000001459ecf0:   0000000000000004 0000000000000020
0x000000001459ed00:   ffffffff0000ffff 000007fee7c28353 

Instructions: (pc=0x000007fee7c2ae06)
0x000007fee7c2adf6:   85 c9 78 08 4c 8b e3 48 8b 1b eb 04 48 8b 5b 10
0x000007fee7c2ae06:   80 bb 91 00 00 00 00 74 a1 4c 8b 6c 24 50 48 8b 


Stack: [0x0000000014520000,0x00000000145a0000],  sp=0x000000001459ec10,  free space=507k
Native frames: (J=compiled Java code, j=interpreted, Vv=VM code, C=native code)
C  0x000007fee7c2ae06

Java frames: (J=compiled Java code, j=interpreted, Vv=VM code)
J  mmcorej.MMCoreJJNI.CMMCore_getPropertyFromCache(JLmmcorej/CMMCore;Ljava/lang/String;Ljava/lang/String;)Ljava/lang/String;
J  mmcorej.CMMCore.getPropertyFromCache(Ljava/lang/String;Ljava/lang/String;)Ljava/lang/String;
J  mmcorej.CMMCore.createTaggedImage(Ljava/lang/Object;Lmmcorej/Metadata;)Lmmcorej/TaggedImage;
J  org.micromanager.acquisition.LiveModeTimer$3.run()V
J  java.util.TimerThread.mainLoop()V
j  java.util.TimerThread.run()V+1
v  ~StubRoutines::call_stub

---------------  P R O C E S S  ---------------

Java Threads: ( => current thread )
  0x000000005b9a6000 JavaThread "Display thread" [_thread_blocked, id=7468, stack(0x0000000015380000,0x0000000015400000)]
=>0x000000005b9a7000 JavaThread "Live mode timer" [_thread_in_native, id=9120, stack(0x0000000014520000,0x00000000145a0000)]
  0x00000000644b1800 JavaThread "Prefs Updater" daemon [_thread_blocked, id=8880, stack(0x0000000014980000,0x0000000014a00000)]
  0x00000000644b1000 JavaThread "Foxtrot Single Worker Thread #1" daemon [_thread_blocked, id=2792, stack(0x0000000014ca0000,0x0000000014d20000)]
  0x000000005b9a6800 JavaThread "Code Analyzer updating thread" [_thread_blocked, id=4368, stack(0x00000000145c0000,0x0000000014640000)]
  0x000000005b9a0800 JavaThread "Active Reference Queue Daemon" daemon [_thread_blocked, id=2196, stack(0x0000000014720000,0x00000000147a0000)]
  0x000000005b9a5000 JavaThread "Timer-221" daemon [_thread_blocked, id=4748, stack(0x00000000148d0000,0x0000000014950000)]
  0x000000005b999800 JavaThread "pool-27-thread-1" [_thread_blocked, id=9396, stack(0x0000000014660000,0x00000000146e0000)]
  0x000000005b9a4800 JavaThread "pool-26-thread-1" [_thread_blocked, id=6252, stack(0x00000000143d0000,0x0000000014450000)]
  0x000000005b99f800 JavaThread "pool-10-thread-1" [_thread_blocked, id=7276, stack(0x00000000147a0000,0x0000000014820000)]
  0x000000005b9a3800 JavaThread "Swing-Shell" daemon [_thread_blocked, id=7280, stack(0x00000000087b0000,0x0000000008830000)]
  0x000000005b9a2000 JavaThread "zSelector" [_thread_blocked, id=2460, stack(0x0000000008aa0000,0x0000000008b20000)]
  0x000000005b99d000 JavaThread "Timer-88" [_thread_blocked, id=7108, stack(0x0000000008890000,0x0000000008910000)]
  0x000000005b9a3000 JavaThread "Beanshell interpreter" [_thread_blocked, id=6536, stack(0x000000003f280000,0x000000003f300000)]
  0x000000005b99c800 JavaThread "Thread-110" [_thread_blocked, id=9600, stack(0x00000000412c0000,0x0000000041340000)]
  0x000000005b99e800 JavaThread "Thread-100" [_thread_blocked, id=8956, stack(0x000000003d7e0000,0x000000003d860000)]
  0x000000005b9a0000 JavaThread "Timer-7" daemon [_thread_blocked, id=5528, stack(0x0000000054c60000,0x0000000054ce0000)]
  0x000000005b99e000 JavaThread "Explorer NavigationContext request queue" [_thread_blocked, id=8844, stack(0x0000000048910000,0x0000000048990000)]
  0x000000005b99b800 JavaThread "AddressBar directory emptiness poller" [_thread_blocked, id=5836, stack(0x00000000293e0000,0x0000000029460000)]
  0x000000005b99a000 JavaThread "Timer-1" [_thread_blocked, id=3020, stack(0x000000002d4b0000,0x000000002d530000)]
  0x000000005b999000 JavaThread "TimerQueue" daemon [_thread_blocked, id=8104, stack(0x0000000029310000,0x0000000029390000)]
  0x000000005b998000 JavaThread "FelixPackageAdmin" daemon [_thread_blocked, id=6768, stack(0x0000000025250000,0x00000000252d0000)]
  0x000000000ed9c000 JavaThread "FelixStartLevel" daemon [_thread_blocked, id=2452, stack(0x00000000251a0000,0x0000000025220000)]
  0x000000000ee41800 JavaThread "FelixDispatchQueue" daemon [_thread_blocked, id=6264, stack(0x00000000210a0000,0x0000000021120000)]
  0x000000005b74d000 JavaThread "AWT-EventQueue-0" [_thread_blocked, id=4692, stack(0x000000000fb80000,0x000000000fc00000)]
  0x000000005b730000 JavaThread "com.google.common.base.internal.Finalizer" daemon [_thread_blocked, id=5020, stack(0x0000000020fe0000,0x0000000021060000)]
  0x000000000ec05000 JavaThread "AWT-Windows" daemon [_thread_in_native, id=5700, stack(0x000000000fe10000,0x000000000fe90000)]
  0x000000000ec00800 JavaThread "AWT-Shutdown" [_thread_blocked, id=4284, stack(0x000000000fce0000,0x000000000fd60000)]
  0x000000000ec00000 JavaThread "Java2D Disposer" daemon [_thread_blocked, id=6244, stack(0x000000000fb00000,0x000000000fb80000)]
  0x000000000f81d800 JavaThread "Timer-0" [_thread_blocked, id=7308, stack(0x000000000d6e0000,0x000000000d760000)]
  0x000000000f757000 JavaThread "EventMgr Dispatcher" daemon [_thread_in_native, id=5744, stack(0x0000000018f70000,0x000000001cf70000)]
  0x000000000ebf0000 JavaThread "Low Memory Detector" daemon [_thread_blocked, id=3912, stack(0x000000000d660000,0x000000000d6e0000)]
  0x000000000ebe8800 JavaThread "CompilerThread1" daemon [_thread_blocked, id=5492, stack(0x0000000068dd0000,0x000000006cdd0000)]
  0x000000000ebe1800 JavaThread "CompilerThread0" daemon [_thread_blocked, id=9484, stack(0x000000005d080000,0x0000000061080000)]
  0x000000000ebe0000 JavaThread "Attach Listener" daemon [_thread_blocked, id=7916, stack(0x000000000ed00000,0x000000000ed80000)]
  0x000000000ebc2800 JavaThread "Finalizer" daemon [_thread_blocked, id=1556, stack(0x000000000d770000,0x000000000d7f0000)]
  0x000000000ebc1800 JavaThread "Reference Handler" daemon [_thread_blocked, id=7484, stack(0x000000000d8d0000,0x000000000d950000)]
  0x00000000057b3800 JavaThread "main" [_thread_in_native, id=5576, stack(0x0000000000210000,0x0000000004210000)]

Other Threads:
  0x000000000ebbf000 VMThread [stack: 0x0000000054cf0000,0x0000000058cf0000] [id=3520]
  0x000000000ec0c000 WatcherThread [stack: 0x00000001080f0000,0x000000010c0f0000] [id=10216]

VM state:not at safepoint (normal execution)

VM Mutex/Monitor currently owned by a thread: None

Heap
 PSYoungGen      total 40192K, used 9665K [0x00000000e8000000, 0x00000000ea9c0000, 0x0000000108000000)
  eden space 38784K, 21% used [0x00000000e8000000,0x00000000e8815970,0x00000000ea5e0000)
  from space 1408K, 98% used [0x00000000ea710000,0x00000000ea86acf8,0x00000000ea870000)
  to   space 1344K, 0% used [0x00000000ea870000,0x00000000ea870000,0x00000000ea9c0000)
 PSOldGen        total 93952K, used 85682K [0x0000000088000000, 0x000000008dbc0000, 0x00000000e8000000)
  object space 93952K, 91% used [0x0000000088000000,0x000000008d3ac9b0,0x000000008dbc0000)
 PSPermGen       total 87616K, used 87361K [0x0000000080000000, 0x0000000085590000, 0x0000000088000000)
  object space 87616K, 99% used [0x0000000080000000,0x00000000855504b0,0x0000000085590000)

Dynamic libraries:
0x000000013f550000 - 0x000000013f582000 	C:\Program Files\MATLAB\R2012a\bin\win64\MATLAB.exe
0x0000000076ed0000 - 0x0000000077079000 	C:\Windows\SYSTEM32\ntdll.dll
0x0000000076cb0000 - 0x0000000076dcf000 	C:\Windows\system32\kernel32.dll
0x000007fefd020000 - 0x000007fefd08c000 	C:\Windows\system32\KERNELBASE.dll
0x0000000074a00000 - 0x0000000074a88000 	C:\Windows\System32\SYSFER.DLL
0x0000000074460000 - 0x0000000074554000 	C:\Program Files\MATLAB\R2012a\bin\win64\libut.dll
0x00000000758a0000 - 0x0000000075952000 	C:\Program Files\MATLAB\R2012a\bin\win64\libmwi18n.dll
0x0000000180000000 - 0x000000018000b000 	C:\Program Files\MATLAB\R2012a\bin\win64\libmwresource_core.dll
0x0000000072a90000 - 0x0000000072b63000 	C:\Windows\WinSxS\amd64_microsoft.vc90.crt_1fc8b3b9a1e18e3b_9.0.30729.6161_none_08e61857a83bc251\MSVCP90.dll
0x00000000729e0000 - 0x0000000072a83000 	C:\Windows\WinSxS\amd64_microsoft.vc90.crt_1fc8b3b9a1e18e3b_9.0.30729.6161_none_08e61857a83bc251\MSVCR90.dll
0x000000007a170000 - 0x000000007a19c000 	C:\Program Files\MATLAB\R2012a\bin\win64\boost_filesystem-vc90-mt-1_44.dll
0x000000007a560000 - 0x000000007a569000 	C:\Program Files\MATLAB\R2012a\bin\win64\boost_system-vc90-mt-1_44.dll
0x000007fefdd30000 - 0x000007fefde0b000 	C:\Windows\system32\ADVAPI32.dll
0x000007fefd920000 - 0x000007fefd9bf000 	C:\Windows\system32\msvcrt.dll
0x000007fefdd10000 - 0x000007fefdd2f000 	C:\Windows\SYSTEM32\sechost.dll
0x000007fefd750000 - 0x000007fefd87d000 	C:\Windows\system32\RPCRT4.dll
0x000000007a010000 - 0x000000007a035000 	C:\Program Files\MATLAB\R2012a\bin\win64\LIBEXPAT.dll
0x00000000656e0000 - 0x00000000658d1000 	C:\Program Files\MATLAB\R2012a\bin\win64\icuin44.dll
0x0000000065560000 - 0x00000000656d1000 	C:\Program Files\MATLAB\R2012a\bin\win64\icuuc44.dll
0x0000000010000000 - 0x0000000010e41000 	C:\Program Files\MATLAB\R2012a\bin\win64\icudt44.dll
0x0000000073f70000 - 0x00000000740ad000 	C:\Program Files\MATLAB\R2012a\bin\win64\libmwfl.dll
0x0000000004270000 - 0x0000000004566000 	C:\Program Files\MATLAB\R2012a\bin\win64\libmwMATLAB_res.dll
0x000000007a3b0000 - 0x000000007a3c0000 	C:\Program Files\MATLAB\R2012a\bin\win64\boost_date_time-vc90-mt-1_44.dll
0x000000007a250000 - 0x000000007a263000 	C:\Program Files\MATLAB\R2012a\bin\win64\boost_signals-vc90-mt-1_44.dll
0x000000007a2d0000 - 0x000000007a2e2000 	C:\Program Files\MATLAB\R2012a\bin\win64\boost_thread-vc90-mt-1_44.dll
0x00000000045b0000 - 0x00000000045f6000 	C:\Program Files\MATLAB\R2012a\bin\win64\tbb.dll
0x000007fefd100000 - 0x000007fefd119000 	C:\Windows\system32\imagehlp.dll
0x0000000077090000 - 0x0000000077097000 	C:\Windows\system32\PSAPI.DLL
0x00000000714b0000 - 0x00000000714c3000 	C:\Program Files\MATLAB\R2012a\bin\win64\icuio44.dll
0x000007feeb1d0000 - 0x000007feeb2f5000 	C:\Windows\system32\dbghelp.dll
0x0000000076dd0000 - 0x0000000076eca000 	C:\Windows\system32\USER32.dll
0x000007fefd9c0000 - 0x000007fefda27000 	C:\Windows\system32\GDI32.dll
0x000007fefd300000 - 0x000007fefd30e000 	C:\Windows\system32\LPK.dll
0x000007fefd630000 - 0x000007fefd6f9000 	C:\Windows\system32\USP10.dll
0x000000007bed0000 - 0x000000007c183000 	C:\Program Files\MATLAB\R2012a\bin\win64\libmwservices.dll
0x0000000075a20000 - 0x0000000075ae2000 	C:\Program Files\MATLAB\R2012a\bin\win64\libmx.dll
0x000000007a210000 - 0x000000007a228000 	C:\Program Files\MATLAB\R2012a\bin\win64\zlib1.dll
0x0000000004650000 - 0x0000000004671000 	C:\Program Files\MATLAB\R2012a\bin\win64\libmwmfl_scalar.dll
0x0000000075f10000 - 0x0000000075f5d000 	C:\Program Files\MATLAB\R2012a\bin\win64\mpath.dll
0x000000007b680000 - 0x000000007bbe1000 	C:\Program Files\MATLAB\R2012a\bin\win64\mlutil.dll
0x0000000070030000 - 0x00000000700af000 	C:\Program Files\MATLAB\R2012a\bin\win64\xmlcore.dll
0x000000007bc30000 - 0x000000007be83000 	C:\Program Files\MATLAB\R2012a\bin\win64\xerces-c_2_7.dll
0x000007fefd700000 - 0x000007fefd74d000 	C:\Windows\system32\WS2_32.dll
0x000007feff150000 - 0x000007feff158000 	C:\Windows\system32\NSI.dll
0x00000000046d0000 - 0x00000000046ea000 	C:\Program Files\MATLAB\R2012a\bin\win64\libmwMATLAB_settings_res.dll
0x0000000004700000 - 0x0000000004747000 	C:\Program Files\MATLAB\R2012a\bin\win64\boost_serialization-vc90-mt-1_44.dll
0x000007fefe320000 - 0x000007feff0a8000 	C:\Windows\system32\SHELL32.dll
0x000007fefe130000 - 0x000007fefe1a1000 	C:\Windows\system32\SHLWAPI.dll
0x000007fef67d0000 - 0x000007fef6870000 	C:\Windows\WinSxS\amd64_microsoft.windows.common-controls_6595b64144ccf1df_5.82.7601.18201_none_a4d3b9377117c3df\COMCTL32.dll
0x000007feff0b0000 - 0x000007feff147000 	C:\Windows\system32\COMDLG32.dll
0x000007fefa300000 - 0x000007fefa316000 	C:\Windows\system32\NETAPI32.dll
0x000007fefa2f0000 - 0x000007fefa2fc000 	C:\Windows\system32\netutils.dll
0x000007fefc730000 - 0x000007fefc753000 	C:\Windows\system32\srvcli.dll
0x000007fefa190000 - 0x000007fefa1a5000 	C:\Windows\system32\wkscli.dll
0x000007fefdf20000 - 0x000007fefe123000 	C:\Windows\system32\ole32.dll
0x000007fefd310000 - 0x000007fefd3e7000 	C:\Windows\system32\OLEAUT32.dll
0x0000000004760000 - 0x00000000048f6000 	C:\Program Files\MATLAB\R2012a\bin\win64\mcr.dll
0x0000000075000000 - 0x000000007536b000 	C:\Program Files\MATLAB\R2012a\bin\win64\iqm.dll
0x000000005aa90000 - 0x000000005b2b1000 	C:\Program Files\MATLAB\R2012a\bin\win64\m_interpreter.dll
0x0000000070e60000 - 0x0000000070e85000 	C:\Program Files\MATLAB\R2012a\bin\win64\libmex.dll
0x000000006d000000 - 0x000000006d0b3000 	C:\Program Files\MATLAB\R2012a\bin\win64\m_dispatcher.dll
0x0000000074880000 - 0x000000007496d000 	C:\Program Files\MATLAB\R2012a\bin\win64\boost_regex-vc90-mt-1_44.dll
0x0000000068760000 - 0x00000000687e4000 	C:\Program Files\MATLAB\R2012a\bin\win64\profiler.dll
0x0000000004970000 - 0x0000000004bc5000 	C:\Program Files\MATLAB\R2012a\bin\win64\libmwmathutil.dll
0x0000000079f40000 - 0x0000000079f6d000 	C:\Program Files\MATLAB\R2012a\bin\win64\libmwmathrng.dll
0x0000000074c10000 - 0x0000000074ced000 	C:\Program Files\MATLAB\R2012a\bin\win64\libmwmathcore.dll
0x0000000076160000 - 0x00000000761cb000 	C:\Program Files\MATLAB\R2012a\bin\win64\libmwspmatrix.dll
0x0000000075ea0000 - 0x0000000075f02000 	C:\Program Files\MATLAB\R2012a\bin\win64\libmwcholmod.dll
0x000000007a460000 - 0x000000007a46d000 	C:\Program Files\MATLAB\R2012a\bin\win64\libmwamd.dll
0x000000007a4b0000 - 0x000000007a4bc000 	C:\Program Files\MATLAB\R2012a\bin\win64\libmwcolamd.dll
0x0000000070f00000 - 0x0000000070f19000 	C:\Program Files\MATLAB\R2012a\bin\win64\libmwblas.dll
0x0000000070e40000 - 0x0000000070e52000 	C:\Program Files\MATLAB\R2012a\bin\win64\libmwbinder.dll
0x0000000070e30000 - 0x0000000070e3b000 	C:\Program Files\MATLAB\R2012a\bin\win64\libmwompwrapper.dll
0x00000000654d0000 - 0x0000000065556000 	C:\Program Files\MATLAB\R2012a\bin\win64\libmwlapack.dll
0x0000000070e00000 - 0x0000000070e21000 	C:\Program Files\MATLAB\R2012a\bin\win64\m_pcodeio.dll
0x0000000079b10000 - 0x0000000079b77000 	C:\Program Files\MATLAB\R2012a\bin\win64\m_ir.dll
0x0000000064e80000 - 0x00000000654d0000 	C:\Program Files\MATLAB\R2012a\bin\win64\m_parser.dll
0x0000000070510000 - 0x000000007052a000 	C:\Program Files\MATLAB\R2012a\bin\win64\ir_xfmr.dll
0x00000000633a0000 - 0x0000000063619000 	C:\Program Files\MATLAB\R2012a\bin\win64\mcos.dll
0x0000000070020000 - 0x000000007002c000 	C:\Program Files\MATLAB\R2012a\bin\win64\mtok.dll
0x0000000068910000 - 0x0000000068941000 	C:\Program Files\MATLAB\R2012a\bin\win64\m_pcodegen.dll
0x0000000079fb0000 - 0x0000000079fe7000 	C:\Program Files\MATLAB\R2012a\bin\win64\libmwbridge.dll
0x0000000064d00000 - 0x0000000064dc8000 	C:\Program Files\MATLAB\R2012a\bin\win64\udd.dll
0x0000000063740000 - 0x0000000063892000 	C:\Program Files\MATLAB\R2012a\bin\win64\libmwgui.dll
0x0000000070000000 - 0x0000000070017000 	C:\Program Files\MATLAB\R2012a\bin\win64\graphics_util.dll
0x000000005a0e0000 - 0x000000005aa83000 	C:\Program Files\MATLAB\R2012a\bin\win64\hg.dll
0x0000000004d40000 - 0x0000000004da7000 	C:\Program Files\MATLAB\R2012a\bin\win64\libmat.dll
0x0000000072d30000 - 0x0000000072f44000 	C:\Program Files\MATLAB\R2012a\bin\win64\hdf5dll.dll
0x0000000075710000 - 0x00000000757c1000 	C:\Program Files\MATLAB\R2012a\bin\win64\jmi.dll
0x0000000004de0000 - 0x0000000004dee000 	C:\Program Files\MATLAB\R2012a\bin\win64\nativejava_services.dll
0x0000000068ca0000 - 0x0000000068ce2000 	C:\Program Files\MATLAB\R2012a\bin\win64\libmwhardcopy.dll
0x0000000068700000 - 0x000000006875a000 	C:\Program Files\MATLAB\R2012a\bin\win64\libuij.dll
0x000000005ce30000 - 0x000000005d03c000 	C:\Program Files\MATLAB\R2012a\bin\win64\hgdatatypes.dll
0x000000005cd30000 - 0x000000005ce2d000 	C:\Program Files\MATLAB\R2012a\bin\win64\hgutils.dll
0x00000000648b0000 - 0x000000006496d000 	C:\Program Files\MATLAB\R2012a\bin\win64\udd_mi.dll
0x0000000004e50000 - 0x0000000004e8b000 	C:\Program Files\MATLAB\R2012a\bin\win64\libmwgbtutils.dll
0x0000000004ea0000 - 0x0000000004eb9000 	C:\Program Files\MATLAB\R2012a\bin\win64\libmwgbt.dll
0x0000000004ed0000 - 0x000000000519a000 	C:\Program Files\MATLAB\R2012a\bin\win64\uiw.dll
0x000000006fff0000 - 0x000000006ffff000 	C:\Program Files\MATLAB\R2012a\bin\win64\uinone.dll
0x000007fef67b0000 - 0x000007fef67c8000 	C:\Windows\system32\MPR.dll
0x0000000059bf0000 - 0x000000005a0d4000 	C:\Windows\WinSxS\amd64_microsoft.vc90.mfc_1fc8b3b9a1e18e3b_9.0.30729.6161_none_044aad0bab1eb146\mfc90.dll
0x000007fef95a0000 - 0x000007fef95a7000 	C:\Windows\system32\MSIMG32.dll
0x000007fef7f00000 - 0x000007fef7f71000 	C:\Windows\system32\WINSPOOL.DRV
0x000000006cfe0000 - 0x000000006d000000 	C:\Program Files\MATLAB\R2012a\bin\win64\mwoles05.DLL
0x0000000064e00000 - 0x0000000064e7c000 	C:\Program Files\MATLAB\R2012a\bin\win64\comcli.dll
0x0000000064cd0000 - 0x0000000064cff000 	C:\Windows\WinSxS\amd64_microsoft.vc90.atl_1fc8b3b9a1e18e3b_9.0.30729.6161_none_0a1fd3a3a768b895\ATL90.DLL
0x000000006ff20000 - 0x000000006ff2c000 	C:\Program Files\MATLAB\R2012a\bin\win64\mlautoregister.dll
0x00000000051f0000 - 0x0000000005200000 	C:\Program Files\MATLAB\R2012a\bin\win64\boost_iostreams-vc90-mt-1_44.dll
0x000007fefcb20000 - 0x000007fefcb77000 	C:\Windows\system32\apphelp.dll
0x000007fef9eb0000 - 0x000007fef9f01000 	C:\Windows\AppPatch\AppPatch64\AcGenral.DLL
0x000007fefcaf0000 - 0x000007fefcb15000 	C:\Windows\system32\SspiCli.dll
0x00000000723c0000 - 0x00000000723c3000 	C:\Windows\system32\sfc.dll
0x000007fef9850000 - 0x000007fef9860000 	C:\Windows\system32\sfc_os.DLL
0x000007fefce20000 - 0x000007fefce3e000 	C:\Windows\system32\USERENV.dll
0x000007fefcce0000 - 0x000007fefccef000 	C:\Windows\system32\profapi.dll
0x000007fefb000000 - 0x000007fefb018000 	C:\Windows\system32\dwmapi.dll
0x000007fefda30000 - 0x000007fefda5e000 	C:\Windows\system32\IMM32.DLL
0x000007fefde10000 - 0x000007fefdf19000 	C:\Windows\system32\MSCTF.dll
0x000007fefb290000 - 0x000007fefb2e6000 	C:\Windows\system32\UxTheme.dll
0x000000006fbf0000 - 0x000000006fbfd000 	C:\Windows\WinSxS\amd64_microsoft.vc90.mfcloc_1fc8b3b9a1e18e3b_9.0.30729.6161_none_01c9581e60cbee58\MFC90ENU.DLL
0x0000000005590000 - 0x00000000055b9000 	C:\Program Files\MATLAB\R2012a\bin\win64\tbbmalloc.dll
0x000007fefb6e0000 - 0x000007fefb6ef000 	C:\Program Files\MATLAB\R2012a\bin\win64\xmlxrcsc.dll
0x000007fefcb80000 - 0x000007fefcb8f000 	C:\Windows\system32\CRYPTBASE.dll
0x000007fefb710000 - 0x000007fefb904000 	C:\Windows\WinSxS\amd64_microsoft.windows.common-controls_6595b64144ccf1df_6.0.7601.17514_none_fa396087175ac9ac\comctl32.dll
0x000007fefd120000 - 0x000007fefd2f7000 	C:\Windows\system32\SETUPAPI.dll
0x000007fefcd20000 - 0x000007fefcd56000 	C:\Windows\system32\CFGMGR32.dll
0x000007fefcd60000 - 0x000007fefcd7a000 	C:\Windows\system32\DEVOBJ.dll
0x000007fefd880000 - 0x000007fefd919000 	C:\Windows\system32\CLBCatQ.DLL

VM Arguments:
jvm_args: -Xss512k -XX:PermSize=32m -Xms64m -XX:NewRatio=3 -XX:MaxPermSize=128m -Xmx196m -XX:MaxDirectMemorySize=2147400000 -Dsun.java2d.noddraw=true -Dsun.awt.nopixfmt=true -Xshare:off -Xrs -Dsun.awt.disableMixing=true -Xmx2048m -Djava.library.path=C:\Program Files\MATLAB\R2012a\bin\win64;C:\Micro-Manager-1.4.17\ vfprintf abort 
java_command: <unknown>
Launcher Type: generic

Environment Variables:
PATH=C:\Windows\system32;C:\Windows;C:\Windows\System32\Wbem;C:\Windows\System32\WindowsPowerShell\v1.0\;C:\Program Files\MATLAB\R2013b\bin;C:\Program Files (x86)\MATLAB-32\R2012a\bin;C:\Program Files\MATLAB\R2012a\bin;C:\Program Files\MATLAB\R2010b\bin;C:\Micro-Manager-1.4.17;C:\Program Files (x86)\Ocean Optics\Overture\OOI_HOME;C:\Program Files\Microsoft Windows Performance Toolkit\;C:\Program Files\IVI Foundation\VISA\Win64\Bin\;C:\Program Files (x86)\IVI Foundation\VISA\WinNT\Bin\;C:\Program Files (x86)\IVI Foundation\VISA\WinNT\Bin
USERNAME=keck
OS=Windows_NT
PROCESSOR_IDENTIFIER=Intel64 Family 6 Model 42 Stepping 7, GenuineIntel



---------------  S Y S T E M  ---------------

OS: Windows 7 Build 7601 Service Pack 1

CPU:total 4 (8 cores per cpu, 2 threads per core) family 6 model 42 stepping 7, cmov, cx8, fxsr, mmx, sse, sse2, sse3, ssse3, sse4.1, sse4.2, ht

Memory: 4k page, physical 16682868k(10008828k free), swap 17500204k(11188116k free)

vm_info: Java HotSpot(TM) 64-Bit Server VM (14.3-b01) for windows-amd64 JRE (1.6.0_17-b04), built on Oct 11 2009 00:46:08 by "java_re" with MS VC++ 8.0

time: Fri Oct 17 14:19:23 2014
elapsed time: 85024 seconds

