#
# A fatal error has been detected by the Java Runtime Environment:
#
#  EXCEPTION_ACCESS_VIOLATION (0xc0000005) at pc=0x000000005de2c0da, pid=5572, tid=3844
#
# JRE version: 6.0_17-b04
# Java VM: Java HotSpot(TM) 64-Bit Server VM (14.3-b01 mixed mode windows-amd64 )
# Problematic frame:
# C  0x000000005de2c0da
#
# If you would like to submit a bug report, please visit:
#   http://java.sun.com/webapps/bugreport/crash.jsp
# The crash happened outside the Java Virtual Machine in native code.
# See problematic frame for where to report the bug.
#

---------------  T H R E A D  ---------------

Current thread (0x000000000ea1d800):  JavaThread "AWT-EventQueue-0" [_thread_in_native, id=3844, stack(0x000000000fe80000,0x000000000ff00000)]

siginfo: ExceptionCode=0xc0000005, reading address 0x00000000000002d8

Registers:
EAX=0x0000000000000000, EBX=0x0000000083cac3a0, ECX=0x0000000000000000, EDX=0x0000000059d32e10
ESP=0x000000000fefe6b8, EBP=0x000000000fefe7e0, ESI=0x0000000080010ed8, EDI=0x000000003591589a
EIP=0x000000005de2c0da, EFLAGS=0x0000000000010202

Top of Stack: (sp=0x000000000fefe6b8)
0x000000000fefe6b8:   000000005de0cb66 0000000000000000
0x000000000fefe6c8:   000000005ddf2610 0000000083cac3a0
0x000000000fefe6d8:   000000000fefe7e0 0000000080010ed8
0x000000000fefe6e8:   000000003591589a 0000000000000020
0x000000000fefe6f8:   000000005dddbe19 0000000000000000
0x000000000fefe708:   0000000059d32e10 0000000000000001
0x000000000fefe718:   0000000084fc4bb0 00000000e9af7001
0x000000000fefe728:   0000000059d32e10 0000000000000000
0x000000000fefe738:   0000000000000001 000000000000000e
0x000000000fefe748:   0000000035921588 000000000ea1d9b8
0x000000000fefe758:   000000000fefe7f0 0000000000000000
0x000000000fefe768:   000000000fefe810 000000000fefe808
0x000000000fefe778:   0000000000000001 0000000000000000
0x000000000fefe788:   0000000035aacbb8 00000000e9af7190
0x000000000fefe798:   0000000035e83938 000000000fefe7a0
0x000000000fefe7a8:   0000000000000000 000000000fefe820 

Instructions: (pc=0x000000005de2c0da)
0x000000005de2c0ca:   cc cc cc cc cc cc 48 89 4c 24 08 48 8b 44 24 08
0x000000005de2c0da:   48 8b 80 d8 02 00 00 c3 cc cc cc cc cc cc cc cc 


Stack: [0x000000000fe80000,0x000000000ff00000],  sp=0x000000000fefe6b8,  free space=505k
Native frames: (J=compiled Java code, j=interpreted, Vv=VM code, C=native code)
C  0x000000005de2c0da
j  mmcorej.CMMCore.logMessage(Ljava/lang/String;Z)V+7
j  sun.reflect.GeneratedMethodAccessor68.invoke(Ljava/lang/Object;[Ljava/lang/Object;)Ljava/lang/Object;+71

Java frames: (J=compiled Java code, j=interpreted, Vv=VM code)
j  mmcorej.MMCoreJJNI.CMMCore_logMessage__SWIG_1(JLmmcorej/CMMCore;Ljava/lang/String;Z)V+0
j  mmcorej.CMMCore.logMessage(Ljava/lang/String;Z)V+7
j  sun.reflect.GeneratedMethodAccessor68.invoke(Ljava/lang/Object;[Ljava/lang/Object;)Ljava/lang/Object;+71
J  java.lang.reflect.Method.invoke(Ljava/lang/Object;[Ljava/lang/Object;)Ljava/lang/Object;
J  clojure.lang.Reflector.invokeMatchingMethod(Ljava/lang/String;Ljava/util/List;Ljava/lang/Object;[Ljava/lang/Object;)Ljava/lang/Object;
j  clojure.lang.Reflector.invokeInstanceMethod(Ljava/lang/Object;Ljava/lang/String;[Ljava/lang/Object;)Ljava/lang/Object;+20
j  org.micromanager.mm$send_to_log.invoke(Ljava/lang/Object;)Ljava/lang/Object;+24
j  org.micromanager.mm$log.doInvoke(Ljava/lang/Object;)Ljava/lang/Object;+85
J  clojure.lang.RestFn.invoke(Ljava/lang/Object;)Ljava/lang/Object;
j  org.micromanager.acq_engine$_stop.invoke(Ljava/lang/Object;)Ljava/lang/Object;+11
j  org.micromanager.AcquisitionEngine2010.stop()V+26
j  org.micromanager.MMStudioMainFrame.stopAllActivity()V+11
j  org.micromanager.MMStudioMainFrame.closeSequence(Z)V+68
j  org.micromanager.MMStudioMainFrame$40.windowClosing(Ljava/awt/event/WindowEvent;)V+5
j  java.awt.AWTEventMulticaster.windowClosing(Ljava/awt/event/WindowEvent;)V+8
j  java.awt.Window.processWindowEvent(Ljava/awt/event/WindowEvent;)V+68
j  javax.swing.JFrame.processWindowEvent(Ljava/awt/event/WindowEvent;)V+2
j  java.awt.Window.processEvent(Ljava/awt/AWTEvent;)V+69
j  java.awt.Component.dispatchEventImpl(Ljava/awt/AWTEvent;)V+566
j  java.awt.Container.dispatchEventImpl(Ljava/awt/AWTEvent;)V+42
j  java.awt.Window.dispatchEventImpl(Ljava/awt/AWTEvent;)V+19
J  java.awt.EventDispatchThread.pumpOneEventForFilters(I)Z
J  java.awt.EventDispatchThread.pumpEventsForFilter(ILjava/awt/Conditional;Ljava/awt/EventFilter;)V
j  java.awt.EventDispatchThread.pumpEventsForHierarchy(ILjava/awt/Conditional;Ljava/awt/Component;)V+11
j  java.awt.EventDispatchThread.pumpEvents(ILjava/awt/Conditional;)V+4
j  java.awt.EventDispatchThread.pumpEvents(Ljava/awt/Conditional;)V+3
j  java.awt.EventDispatchThread.run()V+9
v  ~StubRoutines::call_stub

---------------  P R O C E S S  ---------------

Java Threads: ( => current thread )
  0x000000000f84a800 JavaThread "Swing-Shell" daemon [_thread_blocked, id=4212, stack(0x0000000029570000,0x00000000295f0000)]
  0x000000000f846000 JavaThread "Code Analyzer updating thread" [_thread_blocked, id=6056, stack(0x0000000018fd0000,0x0000000019050000)]
  0x0000000059826800 JavaThread "Foxtrot Single Worker Thread #1" daemon [_thread_blocked, id=4516, stack(0x00000000149a0000,0x0000000014a20000)]
  0x000000005981f800 JavaThread "Code Analyzer updating thread" [_thread_blocked, id=4312, stack(0x0000000014850000,0x00000000148d0000)]
  0x0000000059824800 JavaThread "Active Reference Queue Daemon" daemon [_thread_blocked, id=5624, stack(0x00000000141d0000,0x0000000014250000)]
  0x0000000059827800 JavaThread "Timer-49" daemon [_thread_blocked, id=3272, stack(0x0000000014580000,0x0000000014600000)]
  0x0000000059824000 JavaThread "Prefs Updater" daemon [_thread_blocked, id=4268, stack(0x0000000014040000,0x00000000140c0000)]
  0x0000000059820000 JavaThread "Beanshell interpreter" [_thread_blocked, id=1904, stack(0x000000005e020000,0x000000005e0a0000)]
  0x000000005981b000 JavaThread "Thread-43" [_thread_blocked, id=3944, stack(0x000000005dfa0000,0x000000005e020000)]
  0x0000000059822800 JavaThread "Thread-36" [_thread_blocked, id=4804, stack(0x000000000d850000,0x000000000d8d0000)]
  0x000000005981d800 JavaThread "Timer-7" daemon [_thread_blocked, id=4732, stack(0x000000000d980000,0x000000000da00000)]
  0x000000005981c000 JavaThread "Explorer NavigationContext request queue" [_thread_blocked, id=3200, stack(0x000000000da60000,0x000000000dae0000)]
  0x000000005981a800 JavaThread "AddressBar directory emptiness poller" [_thread_blocked, id=5372, stack(0x000000000d700000,0x000000000d780000)]
  0x0000000059819000 JavaThread "Timer-1" [_thread_blocked, id=4472, stack(0x000000000d610000,0x000000000d690000)]
  0x0000000059818000 JavaThread "TimerQueue" daemon [_thread_blocked, id=4168, stack(0x000000000ff50000,0x000000000ffd0000)]
  0x0000000059765000 JavaThread "FelixPackageAdmin" daemon [_thread_blocked, id=2568, stack(0x0000000019070000,0x00000000190f0000)]
  0x00000000597ce800 JavaThread "FelixStartLevel" daemon [_thread_blocked, id=5696, stack(0x000000000fd70000,0x000000000fdf0000)]
  0x00000000597ce000 JavaThread "FelixDispatchQueue" daemon [_thread_blocked, id=5920, stack(0x0000000010e60000,0x0000000010ee0000)]
=>0x000000000ea1d800 JavaThread "AWT-EventQueue-0" [_thread_in_native, id=3844, stack(0x000000000fe80000,0x000000000ff00000)]
  0x00000000594ca000 JavaThread "com.google.common.base.internal.Finalizer" daemon [_thread_blocked, id=4252, stack(0x000000000fcf0000,0x000000000fd70000)]
  0x000000000f180800 JavaThread "AWT-Windows" daemon [_thread_in_native, id=5124, stack(0x000000000fb20000,0x000000000fba0000)]
  0x000000000f17f800 JavaThread "AWT-Shutdown" [_thread_blocked, id=5892, stack(0x00000000084b0000,0x0000000008530000)]
  0x000000000f17f000 JavaThread "Java2D Disposer" daemon [_thread_blocked, id=5928, stack(0x000000000fba0000,0x000000000fc20000)]
  0x000000000f834800 JavaThread "Timer-0" [_thread_blocked, id=1660, stack(0x000000000eb50000,0x000000000ebd0000)]
  0x000000000f740800 JavaThread "EventMgr Dispatcher" daemon [_thread_in_native, id=4860, stack(0x00000000191c0000,0x000000001d1c0000)]
  0x000000000ea03800 JavaThread "Low Memory Detector" daemon [_thread_blocked, id=4220, stack(0x000000000ed20000,0x000000000eda0000)]
  0x000000000ea02000 JavaThread "CompilerThread1" daemon [_thread_blocked, id=1752, stack(0x0000000051330000,0x0000000055330000)]
  0x000000000e9f6000 JavaThread "CompilerThread0" daemon [_thread_blocked, id=4932, stack(0x000000004d140000,0x0000000051140000)]
  0x000000000e9f3800 JavaThread "Attach Listener" daemon [_thread_blocked, id=4692, stack(0x000000000ebd0000,0x000000000ec50000)]
  0x00000000054db000 JavaThread "Finalizer" daemon [_thread_blocked, id=3800, stack(0x0000000008400000,0x0000000008480000)]
  0x000000000e995000 JavaThread "Reference Handler" daemon [_thread_blocked, id=5168, stack(0x000000000d230000,0x000000000d2b0000)]
  0x000000000508f800 JavaThread "main" [_thread_in_native, id=3256, stack(0x0000000000220000,0x0000000004220000)]

Other Threads:
  0x000000000e992000 VMThread [stack: 0x0000000049000000,0x000000004d000000] [id=5988]
  0x000000000ea1f800 WatcherThread [stack: 0x00000000553c0000,0x00000000593c0000] [id=3524]

VM state:not at safepoint (normal execution)

VM Mutex/Monitor currently owned by a thread: None

Heap
 PSYoungGen      total 49728K, used 27878K [0x00000000e8000000, 0x00000000eb530000, 0x0000000108000000)
  eden space 48576K, 57% used [0x00000000e8000000,0x00000000e9b39980,0x00000000eaf70000)
  from space 1152K, 0% used [0x00000000eb410000,0x00000000eb410000,0x00000000eb530000)
  to   space 1920K, 0% used [0x00000000eb170000,0x00000000eb170000,0x00000000eb350000)
 PSOldGen        total 77312K, used 60057K [0x0000000088000000, 0x000000008cb80000, 0x00000000e8000000)
  object space 77312K, 77% used [0x0000000088000000,0x000000008baa65c0,0x000000008cb80000)
 PSPermGen       total 82944K, used 81779K [0x0000000080000000, 0x0000000085100000, 0x0000000088000000)
  object space 82944K, 98% used [0x0000000080000000,0x0000000084fdcce0,0x0000000085100000)

Dynamic libraries:
0x000000013f510000 - 0x000000013f542000 	C:\Program Files\MATLAB\R2012a\bin\win64\MATLAB.exe
0x00000000772f0000 - 0x0000000077499000 	C:\Windows\SYSTEM32\ntdll.dll
0x0000000076d10000 - 0x0000000076e2f000 	C:\Windows\system32\kernel32.dll
0x000007fefd800000 - 0x000007fefd86b000 	C:\Windows\system32\KERNELBASE.dll
0x0000000074460000 - 0x0000000074554000 	C:\Program Files\MATLAB\R2012a\bin\win64\libut.dll
0x00000000758a0000 - 0x0000000075952000 	C:\Program Files\MATLAB\R2012a\bin\win64\libmwi18n.dll
0x0000000180000000 - 0x000000018000b000 	C:\Program Files\MATLAB\R2012a\bin\win64\libmwresource_core.dll
0x0000000073b80000 - 0x0000000073c53000 	C:\Windows\WinSxS\amd64_microsoft.vc90.crt_1fc8b3b9a1e18e3b_9.0.30729.4940_none_08e4299fa83d7e3c\MSVCP90.dll
0x00000000737f0000 - 0x000000007388d000 	C:\Windows\WinSxS\amd64_microsoft.vc90.crt_1fc8b3b9a1e18e3b_9.0.30729.4940_none_08e4299fa83d7e3c\MSVCR90.dll
0x000000007a170000 - 0x000000007a19c000 	C:\Program Files\MATLAB\R2012a\bin\win64\boost_filesystem-vc90-mt-1_44.dll
0x000000007a560000 - 0x000000007a569000 	C:\Program Files\MATLAB\R2012a\bin\win64\boost_system-vc90-mt-1_44.dll
0x000007feff520000 - 0x000007feff5fb000 	C:\Windows\system32\ADVAPI32.dll
0x000007fefed10000 - 0x000007fefedaf000 	C:\Windows\system32\msvcrt.dll
0x000007fefdd80000 - 0x000007fefdd9f000 	C:\Windows\SYSTEM32\sechost.dll
0x000007feff1f0000 - 0x000007feff31d000 	C:\Windows\system32\RPCRT4.dll
0x000000007a010000 - 0x000000007a035000 	C:\Program Files\MATLAB\R2012a\bin\win64\LIBEXPAT.dll
0x0000000065690000 - 0x0000000065881000 	C:\Program Files\MATLAB\R2012a\bin\win64\icuin44.dll
0x0000000065510000 - 0x0000000065681000 	C:\Program Files\MATLAB\R2012a\bin\win64\icuuc44.dll
0x0000000010000000 - 0x0000000010e41000 	C:\Program Files\MATLAB\R2012a\bin\win64\icudt44.dll
0x0000000073f70000 - 0x00000000740ad000 	C:\Program Files\MATLAB\R2012a\bin\win64\libmwfl.dll
0x00000000044a0000 - 0x0000000004796000 	C:\Program Files\MATLAB\R2012a\bin\win64\libmwMATLAB_res.dll
0x000000007a3b0000 - 0x000000007a3c0000 	C:\Program Files\MATLAB\R2012a\bin\win64\boost_date_time-vc90-mt-1_44.dll
0x000000007a250000 - 0x000000007a263000 	C:\Program Files\MATLAB\R2012a\bin\win64\boost_signals-vc90-mt-1_44.dll
0x000000007a2d0000 - 0x000000007a2e2000 	C:\Program Files\MATLAB\R2012a\bin\win64\boost_thread-vc90-mt-1_44.dll
0x00000000001a0000 - 0x00000000001e6000 	C:\Program Files\MATLAB\R2012a\bin\win64\tbb.dll
0x000007feff1d0000 - 0x000007feff1e9000 	C:\Windows\system32\imagehlp.dll
0x00000000774c0000 - 0x00000000774c7000 	C:\Windows\system32\PSAPI.DLL
0x0000000068c40000 - 0x0000000068c53000 	C:\Program Files\MATLAB\R2012a\bin\win64\icuio44.dll
0x000007fefb160000 - 0x000007fefb285000 	C:\Windows\system32\dbghelp.dll
0x0000000076c10000 - 0x0000000076d0a000 	C:\Windows\system32\USER32.dll
0x000007feff090000 - 0x000007feff0f7000 	C:\Windows\system32\GDI32.dll
0x000007feff320000 - 0x000007feff32e000 	C:\Windows\system32\LPK.dll
0x000007feff100000 - 0x000007feff1c9000 	C:\Windows\system32\USP10.dll
0x000000007bed0000 - 0x000000007c183000 	C:\Program Files\MATLAB\R2012a\bin\win64\libmwservices.dll
0x0000000075a20000 - 0x0000000075ae2000 	C:\Program Files\MATLAB\R2012a\bin\win64\libmx.dll
0x000000007a210000 - 0x000000007a228000 	C:\Program Files\MATLAB\R2012a\bin\win64\zlib1.dll
0x0000000004240000 - 0x0000000004261000 	C:\Program Files\MATLAB\R2012a\bin\win64\libmwmfl_scalar.dll
0x0000000075f10000 - 0x0000000075f5d000 	C:\Program Files\MATLAB\R2012a\bin\win64\mpath.dll
0x000000007b680000 - 0x000000007bbe1000 	C:\Program Files\MATLAB\R2012a\bin\win64\mlutil.dll
0x0000000068bc0000 - 0x0000000068c3f000 	C:\Program Files\MATLAB\R2012a\bin\win64\xmlcore.dll
0x000000007bc30000 - 0x000000007be83000 	C:\Program Files\MATLAB\R2012a\bin\win64\xerces-c_2_7.dll
0x000007fefedb0000 - 0x000007fefedfd000 	C:\Windows\system32\WS2_32.dll
0x000007feff330000 - 0x000007feff338000 	C:\Windows\system32\NSI.dll
0x00000000042c0000 - 0x00000000042da000 	C:\Program Files\MATLAB\R2012a\bin\win64\libmwMATLAB_settings_res.dll
0x00000000042f0000 - 0x0000000004337000 	C:\Program Files\MATLAB\R2012a\bin\win64\boost_serialization-vc90-mt-1_44.dll
0x000007fefdf80000 - 0x000007fefed08000 	C:\Windows\system32\SHELL32.dll
0x000007fefdd00000 - 0x000007fefdd71000 	C:\Windows\system32\SHLWAPI.dll
0x000007fef5e00000 - 0x000007fef5ea0000 	C:\Windows\WinSxS\amd64_microsoft.windows.common-controls_6595b64144ccf1df_5.82.7601.17514_none_a4d6a923711520a9\COMCTL32.dll
0x000007fefdc60000 - 0x000007fefdcf7000 	C:\Windows\system32\COMDLG32.dll
0x000007fefaf30000 - 0x000007fefaf46000 	C:\Windows\system32\NETAPI32.dll
0x000007fefaf10000 - 0x000007fefaf1c000 	C:\Windows\system32\netutils.dll
0x000007fefd1f0000 - 0x000007fefd213000 	C:\Windows\system32\srvcli.dll
0x000007fefaef0000 - 0x000007fefaf05000 	C:\Windows\system32\wkscli.dll
0x000007fefee80000 - 0x000007feff083000 	C:\Windows\system32\ole32.dll
0x000007fefdb80000 - 0x000007fefdc57000 	C:\Windows\system32\OLEAUT32.dll
0x0000000074970000 - 0x0000000074b06000 	C:\Program Files\MATLAB\R2012a\bin\win64\mcr.dll
0x0000000075000000 - 0x000000007536b000 	C:\Program Files\MATLAB\R2012a\bin\win64\iqm.dll
0x0000000064ce0000 - 0x0000000065501000 	C:\Program Files\MATLAB\R2012a\bin\win64\m_interpreter.dll
0x0000000068b90000 - 0x0000000068bb5000 	C:\Program Files\MATLAB\R2012a\bin\win64\libmex.dll
0x0000000064c20000 - 0x0000000064cd3000 	C:\Program Files\MATLAB\R2012a\bin\win64\m_dispatcher.dll
0x0000000074880000 - 0x000000007496d000 	C:\Program Files\MATLAB\R2012a\bin\win64\boost_regex-vc90-mt-1_44.dll
0x0000000064b90000 - 0x0000000064c14000 	C:\Program Files\MATLAB\R2012a\bin\win64\profiler.dll
0x00000000047c0000 - 0x0000000004a15000 	C:\Program Files\MATLAB\R2012a\bin\win64\libmwmathutil.dll
0x0000000079f40000 - 0x0000000079f6d000 	C:\Program Files\MATLAB\R2012a\bin\win64\libmwmathrng.dll
0x0000000074c10000 - 0x0000000074ced000 	C:\Program Files\MATLAB\R2012a\bin\win64\libmwmathcore.dll
0x0000000076160000 - 0x00000000761cb000 	C:\Program Files\MATLAB\R2012a\bin\win64\libmwspmatrix.dll
0x0000000075ea0000 - 0x0000000075f02000 	C:\Program Files\MATLAB\R2012a\bin\win64\libmwcholmod.dll
0x000000007a460000 - 0x000000007a46d000 	C:\Program Files\MATLAB\R2012a\bin\win64\libmwamd.dll
0x000000007a4b0000 - 0x000000007a4bc000 	C:\Program Files\MATLAB\R2012a\bin\win64\libmwcolamd.dll
0x0000000068b70000 - 0x0000000068b89000 	C:\Program Files\MATLAB\R2012a\bin\win64\libmwblas.dll
0x0000000068b50000 - 0x0000000068b62000 	C:\Program Files\MATLAB\R2012a\bin\win64\libmwbinder.dll
0x0000000069120000 - 0x000000006912b000 	C:\Program Files\MATLAB\R2012a\bin\win64\libmwompwrapper.dll
0x0000000064b00000 - 0x0000000064b86000 	C:\Program Files\MATLAB\R2012a\bin\win64\libmwlapack.dll
0x0000000064ad0000 - 0x0000000064af1000 	C:\Program Files\MATLAB\R2012a\bin\win64\m_pcodeio.dll
0x0000000079b10000 - 0x0000000079b77000 	C:\Program Files\MATLAB\R2012a\bin\win64\m_ir.dll
0x0000000064480000 - 0x0000000064ad0000 	C:\Program Files\MATLAB\R2012a\bin\win64\m_parser.dll
0x0000000068b30000 - 0x0000000068b4a000 	C:\Program Files\MATLAB\R2012a\bin\win64\ir_xfmr.dll
0x0000000063920000 - 0x0000000063b99000 	C:\Program Files\MATLAB\R2012a\bin\win64\mcos.dll
0x0000000068eb0000 - 0x0000000068ebc000 	C:\Program Files\MATLAB\R2012a\bin\win64\mtok.dll
0x0000000064440000 - 0x0000000064471000 	C:\Program Files\MATLAB\R2012a\bin\win64\m_pcodegen.dll
0x0000000079fb0000 - 0x0000000079fe7000 	C:\Program Files\MATLAB\R2012a\bin\win64\libmwbridge.dll
0x0000000064370000 - 0x0000000064438000 	C:\Program Files\MATLAB\R2012a\bin\win64\udd.dll
0x00000000635d0000 - 0x0000000063722000 	C:\Program Files\MATLAB\R2012a\bin\win64\libmwgui.dll
0x0000000064350000 - 0x0000000064367000 	C:\Program Files\MATLAB\R2012a\bin\win64\graphics_util.dll
0x00000000614e0000 - 0x0000000061e83000 	C:\Program Files\MATLAB\R2012a\bin\win64\hg.dll
0x0000000004b90000 - 0x0000000004bf7000 	C:\Program Files\MATLAB\R2012a\bin\win64\libmat.dll
0x0000000072d30000 - 0x0000000072f44000 	C:\Program Files\MATLAB\R2012a\bin\win64\hdf5dll.dll
0x0000000075710000 - 0x00000000757c1000 	C:\Program Files\MATLAB\R2012a\bin\win64\jmi.dll
0x0000000004c30000 - 0x0000000004c3e000 	C:\Program Files\MATLAB\R2012a\bin\win64\nativejava_services.dll
0x0000000063ff0000 - 0x0000000064032000 	C:\Program Files\MATLAB\R2012a\bin\win64\libmwhardcopy.dll
0x0000000063830000 - 0x000000006388a000 	C:\Program Files\MATLAB\R2012a\bin\win64\libuij.dll
0x00000000612d0000 - 0x00000000614dc000 	C:\Program Files\MATLAB\R2012a\bin\win64\hgdatatypes.dll
0x0000000063730000 - 0x000000006382d000 	C:\Program Files\MATLAB\R2012a\bin\win64\hgutils.dll
0x0000000063510000 - 0x00000000635cd000 	C:\Program Files\MATLAB\R2012a\bin\win64\udd_mi.dll
0x0000000004ca0000 - 0x0000000004cdb000 	C:\Program Files\MATLAB\R2012a\bin\win64\libmwgbtutils.dll
0x0000000004cf0000 - 0x0000000004d09000 	C:\Program Files\MATLAB\R2012a\bin\win64\libmwgbt.dll
0x0000000004d20000 - 0x0000000004fea000 	C:\Program Files\MATLAB\R2012a\bin\win64\uiw.dll
0x0000000065ca0000 - 0x0000000065caf000 	C:\Program Files\MATLAB\R2012a\bin\win64\uinone.dll
0x000007fefafc0000 - 0x000007fefafd8000 	C:\Windows\system32\MPR.dll
0x00000000608f0000 - 0x0000000060dd4000 	C:\Windows\WinSxS\amd64_microsoft.vc90.mfc_1fc8b3b9a1e18e3b_9.0.30729.4148_none_04480933ab2137b1\mfc90.dll
0x000007fef8920000 - 0x000007fef8927000 	C:\Windows\system32\MSIMG32.dll
0x000007fef9620000 - 0x000007fef9691000 	C:\Windows\system32\WINSPOOL.DRV
0x0000000064330000 - 0x0000000064350000 	C:\Program Files\MATLAB\R2012a\bin\win64\mwoles05.DLL
0x0000000061250000 - 0x00000000612cc000 	C:\Program Files\MATLAB\R2012a\bin\win64\comcli.dll
0x0000000063fc0000 - 0x0000000063fef000 	C:\Windows\WinSxS\amd64_microsoft.vc90.atl_1fc8b3b9a1e18e3b_9.0.30729.4148_none_0a1d2fcba76b3f00\ATL90.DLL
0x0000000065c90000 - 0x0000000065c9c000 	C:\Program Files\MATLAB\R2012a\bin\win64\mlautoregister.dll
0x0000000005040000 - 0x0000000005050000 	C:\Program Files\MATLAB\R2012a\bin\win64\boost_iostreams-vc90-mt-1_44.dll
0x000007fefd6d0000 - 0x000007fefd727000 	C:\Windows\system32\apphelp.dll
0x000007fef5d60000 - 0x000007fef5db1000 	C:\Windows\AppPatch\AppPatch64\AcGenral.DLL
0x000007fefd5b0000 - 0x000007fefd5d5000 	C:\Windows\system32\SspiCli.dll
0x0000000073e60000 - 0x0000000073e63000 	C:\Windows\system32\sfc.dll
0x000007fef99d0000 - 0x000007fef99e0000 	C:\Windows\system32\sfc_os.DLL
0x000007fefca90000 - 0x000007fefcaae000 	C:\Windows\system32\USERENV.dll
0x000007fefd750000 - 0x000007fefd75f000 	C:\Windows\system32\profapi.dll
0x000007fefb9d0000 - 0x000007fefb9e8000 	C:\Windows\system32\dwmapi.dll
0x000007feff4f0000 - 0x000007feff51e000 	C:\Windows\system32\IMM32.DLL
0x000007feff3e0000 - 0x000007feff4e9000 	C:\Windows\system32\MSCTF.dll
0x000007fefbf20000 - 0x000007fefbf76000 	C:\Windows\system32\UxTheme.dll
0x0000000063ec0000 - 0x0000000063ecd000 	C:\Windows\WinSxS\amd64_microsoft.vc90.mfcloc_1fc8b3b9a1e18e3b_9.0.30729.4148_none_01c6b44660ce74c3\MFC90ENU.DLL
0x0000000005360000 - 0x0000000005389000 	C:\Program Files\MATLAB\R2012a\bin\win64\tbbmalloc.dll
0x000007fefb030000 - 0x000007fefb03f000 	C:\Program Files\MATLAB\R2012a\bin\win64\xmlxrcsc.dll
0x000007fefd5e0000 - 0x000007fefd5ef000 	C:\Windows\system32\CRYPTBASE.dll
0x000007fefc220000 - 0x000007fefc414000 	C:\Windows\WinSxS\amd64_microsoft.windows.common-controls_6595b64144ccf1df_6.0.7601.17514_none_fa396087175ac9ac\comctl32.dll
0x000007fefdda0000 - 0x000007fefdf77000 	C:\Windows\system32\SETUPAPI.dll
0x000007fefdae0000 - 0x000007fefdb16000 	C:\Windows\system32\CFGMGR32.dll
0x000007fefdac0000 - 0x000007fefdada000 	C:\Windows\system32\DEVOBJ.dll
0x000007feff340000 - 0x000007feff3d9000 	C:\Windows\system32\CLBCatQ.DLL
0x000007fefbde0000 - 0x000007fefbf0c000 	C:\Windows\system32\propsys.dll

VM Arguments:
jvm_args: -Xss512k -XX:PermSize=32m -Xms64m -XX:NewRatio=3 -XX:MaxPermSize=128m -Xmx196m -XX:MaxDirectMemorySize=2147400000 -Dsun.java2d.noddraw=true -Dsun.awt.nopixfmt=true -Xshare:off -Xrs -Dsun.awt.disableMixing=true -Xmx2048m -Djava.library.path=C:\Program Files\MATLAB\R2012a\bin\win64;C:\Micro-Manager-1.4\ vfprintf abort 
java_command: <unknown>
Launcher Type: generic

Environment Variables:
PATH=C:\Windows\system32;C:\Windows;C:\Windows\System32\Wbem;C:\Windows\System32\WindowsPowerShell\v1.0\;C:\Program Files (x86)\MATLAB-32\R2012a\bin;C:\Program Files\MATLAB\R2012a\bin;C:\Program Files\MATLAB\R2010b\bin;C:\Micro-Manager-1.4;C:\Program Files (x86)\Ocean Optics\Overture\OOI_HOME;C:\Program Files\Microsoft Windows Performance Toolkit\;C:\Program Files\IVI Foundation\VISA\Win64\Bin\;C:\Program Files (x86)\IVI Foundation\VISA\WinNT\Bin\;C:\Program Files (x86)\IVI Foundation\VISA\WinNT\Bin
USERNAME=keck
OS=Windows_NT
PROCESSOR_IDENTIFIER=Intel64 Family 6 Model 42 Stepping 7, GenuineIntel



---------------  S Y S T E M  ---------------

OS: Windows 7 Build 7601 Service Pack 1

CPU:total 4 (8 cores per cpu, 2 threads per core) family 6 model 42 stepping 7, cmov, cx8, fxsr, mmx, sse, sse2, sse3, ssse3, sse4.1, sse4.2, ht

Memory: 4k page, physical 16682868k(10259924k free), swap 17500208k(11766004k free)

vm_info: Java HotSpot(TM) 64-Bit Server VM (14.3-b01) for windows-amd64 JRE (1.6.0_17-b04), built on Oct 11 2009 00:46:08 by "java_re" with MS VC++ 8.0

time: Mon May 13 12:01:14 2013
elapsed time: 259857 seconds

