#
# A fatal error has been detected by the Java Runtime Environment:
#
#  EXCEPTION_ACCESS_VIOLATION (0xc0000005) at pc=0x000007feeae5ae06, pid=8348, tid=9924
#
# JRE version: 6.0_17-b04
# Java VM: Java HotSpot(TM) 64-Bit Server VM (14.3-b01 mixed mode windows-amd64 )
# Problematic frame:
# C  0x000007feeae5ae06
#
# If you would like to submit a bug report, please visit:
#   http://java.sun.com/webapps/bugreport/crash.jsp
# The crash happened outside the Java Virtual Machine in native code.
# See problematic frame for where to report the bug.
#

---------------  T H R E A D  ---------------

Current thread (0x000000005bd81800):  JavaThread "Live mode timer" [_thread_in_native, id=9924, stack(0x0000000014a20000,0x0000000014aa0000)]

siginfo: ExceptionCode=0xc0000005, reading address 0x0000000000000091

Registers:
EAX=0x0000000000000000, EBX=0x0000000000000000, ECX=0x0000000000000000, EDX=0xfffffffface3ee38
ESP=0x0000000014a9ec50, EBP=0x000000000000000c, ESI=0x0000000014a9ecd0, EDI=0x0000000000000000
EIP=0x000007feeae5ae06, EFLAGS=0x0000000000010293

Top of Stack: (sp=0x0000000014a9ec50)
0x0000000014a9ec50:   000000005bd81800 000007feeae3ff10
0x0000000014a9ec60:   000000000000001f 0000000067b60080
0x0000000014a9ec70:   0000000067d57fd0 000000006ab39b60
0x0000000014a9ec80:   0000000067d57fd0 000007feeae990f4
0x0000000014a9ec90:   0000000014a9f0c0 000000006ab39b6d
0x0000000014a9eca0:   0000000014a9f168 0000000000000001
0x0000000014a9ecb0:   0000000000000000 0000000000000001
0x0000000014a9ecc0:   000000006ab39b60 fffffffffffffffe
0x0000000014a9ecd0:   476c656e6e616843 0000000070756f72
0x0000000014a9ece0:   000000000000000c 000000000000000f
0x0000000014a9ecf0:   0000000000000004 0000000014a9f0b8
0x0000000014a9ed00:   00a3854a0dee0063 0000000067b78530
0x0000000014a9ed10:   0000000000000020 0000000000000020
0x0000000014a9ed20:   0000000078004550 000007feeae3fdd4
0x0000000014a9ed30:   0000000000000004 0000000000000020
0x0000000014a9ed40:   00a385490dee0063 000007feeae58353 

Instructions: (pc=0x000007feeae5ae06)
0x000007feeae5adf6:   85 c9 78 08 4c 8b e3 48 8b 1b eb 04 48 8b 5b 10
0x000007feeae5ae06:   80 bb 91 00 00 00 00 74 a1 4c 8b 6c 24 50 48 8b 


Stack: [0x0000000014a20000,0x0000000014aa0000],  sp=0x0000000014a9ec50,  free space=507k
Native frames: (J=compiled Java code, j=interpreted, Vv=VM code, C=native code)
C  0x000007feeae5ae06

Java frames: (J=compiled Java code, j=interpreted, Vv=VM code)
J  mmcorej.MMCoreJJNI.CMMCore_getPropertyFromCache(JLmmcorej/CMMCore;Ljava/lang/String;Ljava/lang/String;)Ljava/lang/String;
J  mmcorej.CMMCore.getPropertyFromCache(Ljava/lang/String;Ljava/lang/String;)Ljava/lang/String;
J  mmcorej.CMMCore.createTaggedImage(Ljava/lang/Object;Lmmcorej/Metadata;)Lmmcorej/TaggedImage;
J  org.micromanager.acquisition.LiveModeTimer$3.run()V
J  java.util.TimerThread.mainLoop()V
j  java.util.TimerThread.run()V+1
v  ~StubRoutines::call_stub

---------------  P R O C E S S  ---------------

Java Threads: ( => current thread )
  0x000000005bd82800 JavaThread "Display thread" [_thread_blocked, id=6172, stack(0x0000000014ae0000,0x0000000014b60000)]
=>0x000000005bd81800 JavaThread "Live mode timer" [_thread_in_native, id=9924, stack(0x0000000014a20000,0x0000000014aa0000)]
  0x000000005b94e000 JavaThread "Prefs Updater" daemon [_thread_blocked, id=5320, stack(0x00000000177e0000,0x0000000017860000)]
  0x000000005b94f800 JavaThread "Foxtrot Single Worker Thread #1" daemon [_thread_blocked, id=2684, stack(0x0000000017a50000,0x0000000017ad0000)]
  0x00000000659db000 JavaThread "Active Reference Queue Daemon" daemon [_thread_blocked, id=10176, stack(0x0000000014990000,0x0000000014a10000)]
  0x00000000659dc800 JavaThread "Timer-184" daemon [_thread_blocked, id=7472, stack(0x0000000014c00000,0x0000000014c80000)]
  0x000000005b8b2000 JavaThread "pool-10-thread-1" [_thread_blocked, id=7224, stack(0x0000000008680000,0x0000000008700000)]
  0x000000005bd80000 JavaThread "Swing-Shell" daemon [_thread_blocked, id=5368, stack(0x0000000014400000,0x0000000014480000)]
  0x000000005ba41800 JavaThread "zSelector" [_thread_blocked, id=2236, stack(0x000000006b8b0000,0x000000006b930000)]
  0x000000005ba3b800 JavaThread "Timer-81" [_thread_blocked, id=9480, stack(0x0000000067e50000,0x0000000067ed0000)]
  0x000000005ba45000 JavaThread "Beanshell interpreter" [_thread_blocked, id=10236, stack(0x0000000067ca0000,0x0000000067d20000)]
  0x000000005ba44000 JavaThread "Thread-101" [_thread_blocked, id=5932, stack(0x0000000068030000,0x00000000680b0000)]
  0x000000005ba43800 JavaThread "Thread-93" [_thread_blocked, id=9664, stack(0x000000000ff40000,0x000000000ffc0000)]
  0x000000005ba42000 JavaThread "Timer-7" daemon [_thread_blocked, id=1628, stack(0x0000000014ee0000,0x0000000014f60000)]
  0x000000005ba40000 JavaThread "Explorer NavigationContext request queue" [_thread_blocked, id=5364, stack(0x0000000018f60000,0x0000000018fe0000)]
  0x000000005ba3d800 JavaThread "AddressBar directory emptiness poller" [_thread_blocked, id=8088, stack(0x000000003d860000,0x000000003d8e0000)]
  0x000000005ba3c800 JavaThread "Timer-1" [_thread_blocked, id=5604, stack(0x00000000396d0000,0x0000000039750000)]
  0x000000005ba3b000 JavaThread "TimerQueue" daemon [_thread_blocked, id=8620, stack(0x0000000025210000,0x0000000025290000)]
  0x000000005ba3a000 JavaThread "FelixPackageAdmin" daemon [_thread_blocked, id=3260, stack(0x0000000035460000,0x00000000354e0000)]
  0x000000000f10f800 JavaThread "FelixStartLevel" daemon [_thread_blocked, id=2488, stack(0x000000001d140000,0x000000001d1c0000)]
  0x000000000f10e800 JavaThread "FelixDispatchQueue" daemon [_thread_blocked, id=2060, stack(0x0000000019030000,0x00000000190b0000)]
  0x000000000ef59800 JavaThread "AWT-EventQueue-0" [_thread_blocked, id=7704, stack(0x000000000fd00000,0x000000000fd80000)]
  0x000000005b633800 JavaThread "com.google.common.base.internal.Finalizer" daemon [_thread_blocked, id=7992, stack(0x000000000fec0000,0x000000000ff40000)]
  0x000000000f00c000 JavaThread "AWT-Windows" daemon [_thread_in_native, id=6844, stack(0x000000000fda0000,0x000000000fe20000)]
  0x000000005b51c000 JavaThread "AWT-Shutdown" [_thread_blocked, id=8552, stack(0x000000000fe40000,0x000000000fec0000)]
  0x000000005b51b000 JavaThread "Java2D Disposer" daemon [_thread_blocked, id=8968, stack(0x0000000008e60000,0x0000000008ee0000)]
  0x000000000fa0d800 JavaThread "Timer-0" [_thread_blocked, id=9740, stack(0x000000000fc70000,0x000000000fcf0000)]
  0x000000000f934000 JavaThread "EventMgr Dispatcher" daemon [_thread_in_native, id=1072, stack(0x0000000019110000,0x000000001d110000)]
  0x000000000eee4000 JavaThread "Low Memory Detector" daemon [_thread_blocked, id=6736, stack(0x000000000dc50000,0x000000000dcd0000)]
  0x000000000eedc800 JavaThread "CompilerThread1" daemon [_thread_blocked, id=3432, stack(0x0000000108130000,0x000000010c130000)]
  0x000000000eed5800 JavaThread "CompilerThread0" daemon [_thread_blocked, id=7700, stack(0x000000005d220000,0x0000000061220000)]
  0x000000000eed4000 JavaThread "Attach Listener" daemon [_thread_blocked, id=5560, stack(0x000000000db60000,0x000000000dbe0000)]
  0x000000000ee76800 JavaThread "Finalizer" daemon [_thread_blocked, id=9176, stack(0x000000000d840000,0x000000000d8c0000)]
  0x000000000ee75800 JavaThread "Reference Handler" daemon [_thread_blocked, id=1792, stack(0x000000000d630000,0x000000000d6b0000)]
  0x00000000057a3800 JavaThread "main" [_thread_in_native, id=3396, stack(0x00000000001f0000,0x00000000041f0000)]

Other Threads:
  0x000000000ee72800 VMThread [stack: 0x0000000054cc0000,0x0000000058cc0000] [id=5376]
  0x000000000ef07800 WatcherThread [stack: 0x000000010c210000,0x0000000110210000] [id=5156]

VM state:not at safepoint (normal execution)

VM Mutex/Monitor currently owned by a thread: None

Heap
 PSYoungGen      total 32128K, used 14154K [0x00000000e8000000, 0x00000000ea120000, 0x0000000108000000)
  eden space 30848K, 41% used [0x00000000e8000000,0x00000000e8c97e58,0x00000000e9e20000)
  from space 1280K, 98% used [0x00000000e9f00000,0x00000000ea03acf8,0x00000000ea040000)
  to   space 896K, 0% used [0x00000000ea040000,0x00000000ea040000,0x00000000ea120000)
 PSOldGen        total 94976K, used 74082K [0x0000000088000000, 0x000000008dcc0000, 0x00000000e8000000)
  object space 94976K, 78% used [0x0000000088000000,0x000000008c858820,0x000000008dcc0000)
 PSPermGen       total 84480K, used 84187K [0x0000000080000000, 0x0000000085280000, 0x0000000088000000)
  object space 84480K, 99% used [0x0000000080000000,0x0000000085236f10,0x0000000085280000)

Dynamic libraries:
0x000000013f200000 - 0x000000013f232000 	C:\Program Files\MATLAB\R2012a\bin\win64\MATLAB.exe
0x0000000076ed0000 - 0x0000000077079000 	C:\Windows\SYSTEM32\ntdll.dll
0x0000000076cb0000 - 0x0000000076dcf000 	C:\Windows\system32\kernel32.dll
0x000007fefd020000 - 0x000007fefd08c000 	C:\Windows\system32\KERNELBASE.dll
0x0000000074a00000 - 0x0000000074a88000 	C:\Windows\System32\SYSFER.DLL
0x0000000074460000 - 0x0000000074554000 	C:\Program Files\MATLAB\R2012a\bin\win64\libut.dll
0x00000000758a0000 - 0x0000000075952000 	C:\Program Files\MATLAB\R2012a\bin\win64\libmwi18n.dll
0x0000000180000000 - 0x000000018000b000 	C:\Program Files\MATLAB\R2012a\bin\win64\libmwresource_core.dll
0x0000000072a90000 - 0x0000000072b63000 	C:\Windows\WinSxS\amd64_microsoft.vc90.crt_1fc8b3b9a1e18e3b_9.0.30729.6161_none_08e61857a83bc251\MSVCP90.dll
0x00000000729e0000 - 0x0000000072a83000 	C:\Windows\WinSxS\amd64_microsoft.vc90.crt_1fc8b3b9a1e18e3b_9.0.30729.6161_none_08e61857a83bc251\MSVCR90.dll
0x000000007a170000 - 0x000000007a19c000 	C:\Program Files\MATLAB\R2012a\bin\win64\boost_filesystem-vc90-mt-1_44.dll
0x000000007a560000 - 0x000000007a569000 	C:\Program Files\MATLAB\R2012a\bin\win64\boost_system-vc90-mt-1_44.dll
0x000007fefdd30000 - 0x000007fefde0b000 	C:\Windows\system32\ADVAPI32.dll
0x000007fefd920000 - 0x000007fefd9bf000 	C:\Windows\system32\msvcrt.dll
0x000007fefdd10000 - 0x000007fefdd2f000 	C:\Windows\SYSTEM32\sechost.dll
0x000007fefd750000 - 0x000007fefd87d000 	C:\Windows\system32\RPCRT4.dll
0x000000007a010000 - 0x000000007a035000 	C:\Program Files\MATLAB\R2012a\bin\win64\LIBEXPAT.dll
0x00000000654e0000 - 0x00000000656d1000 	C:\Program Files\MATLAB\R2012a\bin\win64\icuin44.dll
0x0000000065760000 - 0x00000000658d1000 	C:\Program Files\MATLAB\R2012a\bin\win64\icuuc44.dll
0x0000000010000000 - 0x0000000010e41000 	C:\Program Files\MATLAB\R2012a\bin\win64\icudt44.dll
0x0000000073f70000 - 0x00000000740ad000 	C:\Program Files\MATLAB\R2012a\bin\win64\libmwfl.dll
0x0000000004460000 - 0x0000000004756000 	C:\Program Files\MATLAB\R2012a\bin\win64\libmwMATLAB_res.dll
0x000000007a3b0000 - 0x000000007a3c0000 	C:\Program Files\MATLAB\R2012a\bin\win64\boost_date_time-vc90-mt-1_44.dll
0x000000007a250000 - 0x000000007a263000 	C:\Program Files\MATLAB\R2012a\bin\win64\boost_signals-vc90-mt-1_44.dll
0x000000007a2d0000 - 0x000000007a2e2000 	C:\Program Files\MATLAB\R2012a\bin\win64\boost_thread-vc90-mt-1_44.dll
0x00000000041f0000 - 0x0000000004236000 	C:\Program Files\MATLAB\R2012a\bin\win64\tbb.dll
0x000007fefd100000 - 0x000007fefd119000 	C:\Windows\system32\imagehlp.dll
0x0000000077090000 - 0x0000000077097000 	C:\Windows\system32\PSAPI.DLL
0x0000000070f00000 - 0x0000000070f13000 	C:\Program Files\MATLAB\R2012a\bin\win64\icuio44.dll
0x000007feeb1d0000 - 0x000007feeb2f5000 	C:\Windows\system32\dbghelp.dll
0x0000000076dd0000 - 0x0000000076eca000 	C:\Windows\system32\USER32.dll
0x000007fefd9c0000 - 0x000007fefda27000 	C:\Windows\system32\GDI32.dll
0x000007fefd300000 - 0x000007fefd30e000 	C:\Windows\system32\LPK.dll
0x000007fefd630000 - 0x000007fefd6f9000 	C:\Windows\system32\USP10.dll
0x000000007bed0000 - 0x000000007c183000 	C:\Program Files\MATLAB\R2012a\bin\win64\libmwservices.dll
0x0000000075a20000 - 0x0000000075ae2000 	C:\Program Files\MATLAB\R2012a\bin\win64\libmx.dll
0x000000007a210000 - 0x000000007a228000 	C:\Program Files\MATLAB\R2012a\bin\win64\zlib1.dll
0x0000000004250000 - 0x0000000004271000 	C:\Program Files\MATLAB\R2012a\bin\win64\libmwmfl_scalar.dll
0x0000000075f10000 - 0x0000000075f5d000 	C:\Program Files\MATLAB\R2012a\bin\win64\mpath.dll
0x000000007b680000 - 0x000000007bbe1000 	C:\Program Files\MATLAB\R2012a\bin\win64\mlutil.dll
0x0000000070e10000 - 0x0000000070e8f000 	C:\Program Files\MATLAB\R2012a\bin\win64\xmlcore.dll
0x000000007bc30000 - 0x000000007be83000 	C:\Program Files\MATLAB\R2012a\bin\win64\xerces-c_2_7.dll
0x000007fefd700000 - 0x000007fefd74d000 	C:\Windows\system32\WS2_32.dll
0x000007feff150000 - 0x000007feff158000 	C:\Windows\system32\NSI.dll
0x00000000042d0000 - 0x00000000042ea000 	C:\Program Files\MATLAB\R2012a\bin\win64\libmwMATLAB_settings_res.dll
0x0000000004300000 - 0x0000000004347000 	C:\Program Files\MATLAB\R2012a\bin\win64\boost_serialization-vc90-mt-1_44.dll
0x000007fefe320000 - 0x000007feff0a8000 	C:\Windows\system32\SHELL32.dll
0x000007fefe130000 - 0x000007fefe1a1000 	C:\Windows\system32\SHLWAPI.dll
0x000007fef67d0000 - 0x000007fef6870000 	C:\Windows\WinSxS\amd64_microsoft.windows.common-controls_6595b64144ccf1df_5.82.7601.18201_none_a4d3b9377117c3df\COMCTL32.dll
0x000007feff0b0000 - 0x000007feff147000 	C:\Windows\system32\COMDLG32.dll
0x000007fefa300000 - 0x000007fefa316000 	C:\Windows\system32\NETAPI32.dll
0x000007fefa2f0000 - 0x000007fefa2fc000 	C:\Windows\system32\netutils.dll
0x000007fefc730000 - 0x000007fefc753000 	C:\Windows\system32\srvcli.dll
0x000007fefa190000 - 0x000007fefa1a5000 	C:\Windows\system32\wkscli.dll
0x000007fefdf20000 - 0x000007fefe123000 	C:\Windows\system32\ole32.dll
0x000007fefd310000 - 0x000007fefd3e7000 	C:\Windows\system32\OLEAUT32.dll
0x0000000004760000 - 0x00000000048f6000 	C:\Program Files\MATLAB\R2012a\bin\win64\mcr.dll
0x0000000075000000 - 0x000000007536b000 	C:\Program Files\MATLAB\R2012a\bin\win64\iqm.dll
0x000000005a260000 - 0x000000005aa81000 	C:\Program Files\MATLAB\R2012a\bin\win64\m_interpreter.dll
0x0000000070080000 - 0x00000000700a5000 	C:\Program Files\MATLAB\R2012a\bin\win64\libmex.dll
0x0000000068730000 - 0x00000000687e3000 	C:\Program Files\MATLAB\R2012a\bin\win64\m_dispatcher.dll
0x0000000074880000 - 0x000000007496d000 	C:\Program Files\MATLAB\R2012a\bin\win64\boost_regex-vc90-mt-1_44.dll
0x000000006fff0000 - 0x0000000070074000 	C:\Program Files\MATLAB\R2012a\bin\win64\profiler.dll
0x0000000004970000 - 0x0000000004bc5000 	C:\Program Files\MATLAB\R2012a\bin\win64\libmwmathutil.dll
0x0000000079f40000 - 0x0000000079f6d000 	C:\Program Files\MATLAB\R2012a\bin\win64\libmwmathrng.dll
0x0000000074c10000 - 0x0000000074ced000 	C:\Program Files\MATLAB\R2012a\bin\win64\libmwmathcore.dll
0x0000000076160000 - 0x00000000761cb000 	C:\Program Files\MATLAB\R2012a\bin\win64\libmwspmatrix.dll
0x0000000075ea0000 - 0x0000000075f02000 	C:\Program Files\MATLAB\R2012a\bin\win64\libmwcholmod.dll
0x000000007a460000 - 0x000000007a46d000 	C:\Program Files\MATLAB\R2012a\bin\win64\libmwamd.dll
0x000000007a4b0000 - 0x000000007a4bc000 	C:\Program Files\MATLAB\R2012a\bin\win64\libmwcolamd.dll
0x00000000714b0000 - 0x00000000714c9000 	C:\Program Files\MATLAB\R2012a\bin\win64\libmwblas.dll
0x0000000070510000 - 0x0000000070522000 	C:\Program Files\MATLAB\R2012a\bin\win64\libmwbinder.dll
0x0000000070e00000 - 0x0000000070e0b000 	C:\Program Files\MATLAB\R2012a\bin\win64\libmwompwrapper.dll
0x000000006d030000 - 0x000000006d0b6000 	C:\Program Files\MATLAB\R2012a\bin\win64\libmwlapack.dll
0x000000006d000000 - 0x000000006d021000 	C:\Program Files\MATLAB\R2012a\bin\win64\m_pcodeio.dll
0x0000000079b10000 - 0x0000000079b77000 	C:\Program Files\MATLAB\R2012a\bin\win64\m_ir.dll
0x0000000064e90000 - 0x00000000654e0000 	C:\Program Files\MATLAB\R2012a\bin\win64\m_parser.dll
0x000000006cfe0000 - 0x000000006cffa000 	C:\Program Files\MATLAB\R2012a\bin\win64\ir_xfmr.dll
0x000000005cdc0000 - 0x000000005d039000 	C:\Program Files\MATLAB\R2012a\bin\win64\mcos.dll
0x000000006ff20000 - 0x000000006ff2c000 	C:\Program Files\MATLAB\R2012a\bin\win64\mtok.dll
0x0000000068cb0000 - 0x0000000068ce1000 	C:\Program Files\MATLAB\R2012a\bin\win64\m_pcodegen.dll
0x0000000079fb0000 - 0x0000000079fe7000 	C:\Program Files\MATLAB\R2012a\bin\win64\libmwbridge.dll
0x00000000637d0000 - 0x0000000063898000 	C:\Program Files\MATLAB\R2012a\bin\win64\udd.dll
0x00000000634c0000 - 0x0000000063612000 	C:\Program Files\MATLAB\R2012a\bin\win64\libmwgui.dll
0x0000000068c90000 - 0x0000000068ca7000 	C:\Program Files\MATLAB\R2012a\bin\win64\graphics_util.dll
0x00000000598b0000 - 0x000000005a253000 	C:\Program Files\MATLAB\R2012a\bin\win64\hg.dll
0x0000000004d40000 - 0x0000000004da7000 	C:\Program Files\MATLAB\R2012a\bin\win64\libmat.dll
0x0000000072d30000 - 0x0000000072f44000 	C:\Program Files\MATLAB\R2012a\bin\win64\hdf5dll.dll
0x0000000075710000 - 0x00000000757c1000 	C:\Program Files\MATLAB\R2012a\bin\win64\jmi.dll
0x0000000004de0000 - 0x0000000004dee000 	C:\Program Files\MATLAB\R2012a\bin\win64\nativejava_services.dll
0x0000000065710000 - 0x0000000065752000 	C:\Program Files\MATLAB\R2012a\bin\win64\libmwhardcopy.dll
0x0000000064e30000 - 0x0000000064e8a000 	C:\Program Files\MATLAB\R2012a\bin\win64\libuij.dll
0x000000005b0b0000 - 0x000000005b2bc000 	C:\Program Files\MATLAB\R2012a\bin\win64\hgdatatypes.dll
0x0000000064cd0000 - 0x0000000064dcd000 	C:\Program Files\MATLAB\R2012a\bin\win64\hgutils.dll
0x0000000063710000 - 0x00000000637cd000 	C:\Program Files\MATLAB\R2012a\bin\win64\udd_mi.dll
0x0000000004e50000 - 0x0000000004e8b000 	C:\Program Files\MATLAB\R2012a\bin\win64\libmwgbtutils.dll
0x0000000004ea0000 - 0x0000000004eb9000 	C:\Program Files\MATLAB\R2012a\bin\win64\libmwgbt.dll
0x0000000004ed0000 - 0x000000000519a000 	C:\Program Files\MATLAB\R2012a\bin\win64\uiw.dll
0x000000006fbf0000 - 0x000000006fbff000 	C:\Program Files\MATLAB\R2012a\bin\win64\uinone.dll
0x000007fef67b0000 - 0x000007fef67c8000 	C:\Windows\system32\MPR.dll
0x000000005abc0000 - 0x000000005b0a4000 	C:\Windows\WinSxS\amd64_microsoft.vc90.mfc_1fc8b3b9a1e18e3b_9.0.30729.6161_none_044aad0bab1eb146\mfc90.dll
0x000007fef95a0000 - 0x000007fef95a7000 	C:\Windows\system32\MSIMG32.dll
0x000007fef7f00000 - 0x000007fef7f71000 	C:\Windows\system32\WINSPOOL.DRV
0x0000000068930000 - 0x0000000068950000 	C:\Program Files\MATLAB\R2012a\bin\win64\mwoles05.DLL
0x00000000648f0000 - 0x000000006496c000 	C:\Program Files\MATLAB\R2012a\bin\win64\comcli.dll
0x0000000068700000 - 0x000000006872f000 	C:\Windows\WinSxS\amd64_microsoft.vc90.atl_1fc8b3b9a1e18e3b_9.0.30729.6161_none_0a1fd3a3a768b895\ATL90.DLL
0x000000006ce10000 - 0x000000006ce1c000 	C:\Program Files\MATLAB\R2012a\bin\win64\mlautoregister.dll
0x00000000051f0000 - 0x0000000005200000 	C:\Program Files\MATLAB\R2012a\bin\win64\boost_iostreams-vc90-mt-1_44.dll
0x000007fefcb20000 - 0x000007fefcb77000 	C:\Windows\system32\apphelp.dll
0x000007fef59a0000 - 0x000007fef59f1000 	C:\Windows\AppPatch\AppPatch64\AcGenral.DLL
0x000007fefcaf0000 - 0x000007fefcb15000 	C:\Windows\system32\SspiCli.dll
0x00000000723c0000 - 0x00000000723c3000 	C:\Windows\system32\sfc.dll
0x000007fef9850000 - 0x000007fef9860000 	C:\Windows\system32\sfc_os.DLL
0x000007fefce20000 - 0x000007fefce3e000 	C:\Windows\system32\USERENV.dll
0x000007fefcce0000 - 0x000007fefccef000 	C:\Windows\system32\profapi.dll
0x000007fefb000000 - 0x000007fefb018000 	C:\Windows\system32\dwmapi.dll
0x000007fefda30000 - 0x000007fefda5e000 	C:\Windows\system32\IMM32.DLL
0x000007fefde10000 - 0x000007fefdf19000 	C:\Windows\system32\MSCTF.dll
0x000007fefb290000 - 0x000007fefb2e6000 	C:\Windows\system32\UxTheme.dll
0x000000006cfa0000 - 0x000000006cfad000 	C:\Windows\WinSxS\amd64_microsoft.vc90.mfcloc_1fc8b3b9a1e18e3b_9.0.30729.6161_none_01c9581e60cbee58\MFC90ENU.DLL
0x0000000005900000 - 0x0000000005929000 	C:\Program Files\MATLAB\R2012a\bin\win64\tbbmalloc.dll
0x000007fefb6f0000 - 0x000007fefb6ff000 	C:\Program Files\MATLAB\R2012a\bin\win64\xmlxrcsc.dll
0x000007fefcb80000 - 0x000007fefcb8f000 	C:\Windows\system32\CRYPTBASE.dll
0x000007fefb710000 - 0x000007fefb904000 	C:\Windows\WinSxS\amd64_microsoft.windows.common-controls_6595b64144ccf1df_6.0.7601.17514_none_fa396087175ac9ac\comctl32.dll
0x000007fefd120000 - 0x000007fefd2f7000 	C:\Windows\system32\SETUPAPI.dll
0x000007fefcd20000 - 0x000007fefcd56000 	C:\Windows\system32\CFGMGR32.dll
0x000007fefcd60000 - 0x000007fefcd7a000 	C:\Windows\system32\DEVOBJ.dll
0x000007fefd880000 - 0x000007fefd919000 	C:\Windows\system32\CLBCatQ.DLL

VM Arguments:
jvm_args: -Xss512k -XX:PermSize=32m -Xms64m -XX:NewRatio=3 -XX:MaxPermSize=128m -Xmx196m -XX:MaxDirectMemorySize=2147400000 -Dsun.java2d.noddraw=true -Dsun.awt.nopixfmt=true -Xshare:off -Xrs -Dsun.awt.disableMixing=true -Xmx2048m -Djava.library.path=C:\Program Files\MATLAB\R2012a\bin\win64;C:\Micro-Manager-1.4.17\ vfprintf abort 
java_command: <unknown>
Launcher Type: generic

Environment Variables:
PATH=C:\Windows\system32;C:\Windows;C:\Windows\System32\Wbem;C:\Windows\System32\WindowsPowerShell\v1.0\;C:\Program Files\MATLAB\R2013b\bin;C:\Program Files (x86)\MATLAB-32\R2012a\bin;C:\Program Files\MATLAB\R2012a\bin;C:\Program Files\MATLAB\R2010b\bin;C:\Micro-Manager-1.4.17;C:\Program Files (x86)\Ocean Optics\Overture\OOI_HOME;C:\Program Files\Microsoft Windows Performance Toolkit\;C:\Program Files\IVI Foundation\VISA\Win64\Bin\;C:\Program Files (x86)\IVI Foundation\VISA\WinNT\Bin\;C:\Program Files (x86)\IVI Foundation\VISA\WinNT\Bin
USERNAME=keck
OS=Windows_NT
PROCESSOR_IDENTIFIER=Intel64 Family 6 Model 42 Stepping 7, GenuineIntel



---------------  S Y S T E M  ---------------

OS: Windows 7 Build 7601 Service Pack 1

CPU:total 4 (8 cores per cpu, 2 threads per core) family 6 model 42 stepping 7, cmov, cx8, fxsr, mmx, sse, sse2, sse3, ssse3, sse4.1, sse4.2, ht

Memory: 4k page, physical 16682868k(10193848k free), swap 17500204k(11357040k free)

vm_info: Java HotSpot(TM) 64-Bit Server VM (14.3-b01) for windows-amd64 JRE (1.6.0_17-b04), built on Oct 11 2009 00:46:08 by "java_re" with MS VC++ 8.0

time: Thu Oct 16 14:42:10 2014
elapsed time: 177259 seconds

