#
# A fatal error has been detected by the Java Runtime Environment:
#
#  EXCEPTION_ACCESS_VIOLATION (0xc0000005) at pc=0x000007feeab27a26, pid=3688, tid=6476
#
# JRE version: 6.0_17-b04
# Java VM: Java HotSpot(TM) 64-Bit Server VM (14.3-b01 mixed mode windows-amd64 )
# Problematic frame:
# C  0x000007feeab27a26
#
# If you would like to submit a bug report, please visit:
#   http://java.sun.com/webapps/bugreport/crash.jsp
# The crash happened outside the Java Virtual Machine in native code.
# See problematic frame for where to report the bug.
#

---------------  T H R E A D  ---------------

Current thread (0x0000000065f68000):  JavaThread "Live mode timer" [_thread_in_native, id=6476, stack(0x0000000011150000,0x00000000111d0000)]

siginfo: ExceptionCode=0xc0000005, reading address 0xffffffffffffffff

Registers:
EAX=0x000000002d0104d0, EBX=0x000000006bb4bd50, ECX=0x000000002cfc8380, EDX=0x0000000000000000
ESP=0x00000000111cf428, EBP=0x000000002cfc7e50, ESI=0x0000000088b500fe, EDI=0x0000000065f681b8
EIP=0x000007feeab27a26, EFLAGS=0x0000000000010246

Top of Stack: (sp=0x00000000111cf428)
0x00000000111cf428:   000007feeab026d2 0000000000000000
0x00000000111cf438:   000000002cfc7e50 0000000088b500fe
0x00000000111cf448:   0000000065f681b8 00000000800bea90
0x00000000111cf458:   00000000417d1588 0000000084140490
0x00000000111cf468:   00000000111cf4e8 0000000000000000
0x00000000111cf478:   0000000000000000 00000000111cf508
0x00000000111cf488:   0000000000000000 0000000000000000
0x00000000111cf498:   0000000000000000 0000000000000000
0x00000000111cf4a8:   00000000111cf4a8 0000000000000000
0x00000000111cf4b8:   00000000111cf520 0000000084152bc0
0x00000000111cf4c8:   0000000000000000 0000000084140490
0x00000000111cf4d8:   0000000000000000 00000000111cf508
0x00000000111cf4e8:   00000000111cf568 00000000417c5ac2
0x00000000111cf4f8:   0000000084152008 00000000417cde58
0x00000000111cf508:   0000000084db0698 000000008a2ccbe0
0x00000000111cf518:   000000002cfc7e50 0000000041c11d8d 

Instructions: (pc=0x000007feeab27a26)
0x000007feeab27a16:   00 4c 8b ca 4c 8d 05 e7 6e 06 00 48 8b 01 33 d2
0x000007feeab27a26:   48 ff 60 30 cc cc cc cc cc cc 48 8b 89 78 02 00 


Stack: [0x0000000011150000,0x00000000111d0000],  sp=0x00000000111cf428,  free space=509k
Native frames: (J=compiled Java code, j=interpreted, Vv=VM code, C=native code)
C  0x000007feeab27a26

Java frames: (J=compiled Java code, j=interpreted, Vv=VM code)
j  mmcorej.MMCoreJJNI.CMMCore_logMessage__SWIG_0(JLmmcorej/CMMCore;Ljava/lang/String;)V+0
j  mmcorej.CMMCore.logMessage(Ljava/lang/String;)V+6
j  org.micromanager.utils.ReportingUtils.logMessage(Ljava/lang/String;)V+20
J  java.util.TimerThread.mainLoop()V
j  java.util.TimerThread.run()V+1
v  ~StubRoutines::call_stub

---------------  P R O C E S S  ---------------

Java Threads: ( => current thread )
  0x0000000065f70000 JavaThread "Display thread" [_thread_blocked, id=4060, stack(0x0000000010fb0000,0x0000000011030000)]
=>0x0000000065f68000 JavaThread "Live mode timer" [_thread_in_native, id=6476, stack(0x0000000011150000,0x00000000111d0000)]
  0x0000000065f6b800 JavaThread "Prefs Updater" daemon [_thread_blocked, id=7320, stack(0x000000002cd40000,0x000000002cdc0000)]
  0x0000000065f71000 JavaThread "Foxtrot Single Worker Thread #1" daemon [_thread_blocked, id=7420, stack(0x000000005cf00000,0x000000005cf80000)]
  0x0000000065f6b000 JavaThread "zSelector" [_thread_blocked, id=4824, stack(0x0000000041610000,0x0000000041690000)]
  0x0000000065f6e800 JavaThread "Timer-133" [_thread_blocked, id=8124, stack(0x0000000048950000,0x00000000489d0000)]
  0x0000000065f6d000 JavaThread "Beanshell interpreter" [_thread_blocked, id=1716, stack(0x00000000297f0000,0x0000000029870000)]
  0x0000000065f6e000 JavaThread "Thread-151" [_thread_blocked, id=7188, stack(0x00000000295d0000,0x0000000029650000)]
  0x0000000065f69800 JavaThread "Thread-146" [_thread_blocked, id=7216, stack(0x0000000008580000,0x0000000008600000)]
  0x000000006573a800 JavaThread "Active Reference Queue Daemon" daemon [_thread_blocked, id=4028, stack(0x0000000050bc0000,0x0000000050c40000)]
  0x0000000065739800 JavaThread "Timer-8" daemon [_thread_blocked, id=4372, stack(0x000000005cf90000,0x000000005d010000)]
  0x0000000065739000 JavaThread "Timer-7" daemon [_thread_blocked, id=7012, stack(0x0000000058db0000,0x0000000058e30000)]
  0x0000000065737800 JavaThread "Explorer NavigationContext request queue" [_thread_blocked, id=936, stack(0x0000000050b30000,0x0000000050bb0000)]
  0x0000000065736000 JavaThread "AddressBar directory emptiness poller" [_thread_blocked, id=1060, stack(0x0000000058cd0000,0x0000000058d50000)]
  0x0000000065734800 JavaThread "Timer-1" [_thread_blocked, id=7016, stack(0x0000000050a70000,0x0000000050af0000)]
  0x0000000065733800 JavaThread "TimerQueue" daemon [_thread_blocked, id=7176, stack(0x0000000021220000,0x00000000212a0000)]
  0x0000000065733000 JavaThread "FelixPackageAdmin" daemon [_thread_blocked, id=3156, stack(0x00000000212d0000,0x0000000021350000)]
  0x0000000065702800 JavaThread "FelixStartLevel" daemon [_thread_blocked, id=8036, stack(0x000000003d660000,0x000000003d6e0000)]
  0x000000000fa5a000 JavaThread "FelixDispatchQueue" daemon [_thread_blocked, id=7404, stack(0x0000000025370000,0x00000000253f0000)]
  0x000000000ecb3800 JavaThread "AWT-EventQueue-0" [_thread_blocked, id=5908, stack(0x000000000ee00000,0x000000000ee80000)]
  0x00000000655be800 JavaThread "com.google.common.base.internal.Finalizer" daemon [_thread_blocked, id=5888, stack(0x0000000019000000,0x0000000019080000)]
  0x00000000653bd800 JavaThread "AWT-Windows" daemon [_thread_in_native, id=5760, stack(0x00000000190e0000,0x0000000019160000)]
  0x00000000653bd000 JavaThread "AWT-Shutdown" [_thread_blocked, id=4868, stack(0x000000000ed00000,0x000000000ed80000)]
  0x00000000653bc800 JavaThread "Java2D Disposer" daemon [_thread_blocked, id=5260, stack(0x000000000eff0000,0x000000000f070000)]
  0x000000000fdfa000 JavaThread "Timer-0" [_thread_blocked, id=7752, stack(0x000000000f0a0000,0x000000000f120000)]
  0x000000000fd6d800 JavaThread "EventMgr Dispatcher" daemon [_thread_in_native, id=5312, stack(0x0000000019170000,0x000000001d170000)]
  0x000000000ebf4000 JavaThread "Low Memory Detector" daemon [_thread_blocked, id=7568, stack(0x000000000f140000,0x000000000f1c0000)]
  0x000000000ebec800 JavaThread "CompilerThread1" daemon [_thread_blocked, id=6008, stack(0x000000005d040000,0x0000000061040000)]
  0x000000000ebe5800 JavaThread "CompilerThread0" daemon [_thread_blocked, id=3352, stack(0x0000000058e50000,0x000000005ce50000)]
  0x000000000ebe4000 JavaThread "Attach Listener" daemon [_thread_blocked, id=6032, stack(0x000000000ef20000,0x000000000efa0000)]
  0x000000000eb86800 JavaThread "Finalizer" daemon [_thread_blocked, id=2476, stack(0x000000000ed80000,0x000000000ee00000)]
  0x000000000eb85800 JavaThread "Reference Handler" daemon [_thread_blocked, id=6420, stack(0x000000000ee80000,0x000000000ef00000)]
  0x0000000005943800 JavaThread "main" [_thread_in_native, id=7136, stack(0x0000000000170000,0x0000000004170000)]

Other Threads:
  0x000000000eb82800 VMThread [stack: 0x0000000054c80000,0x0000000058c80000] [id=1372]
  0x000000000ec17800 WatcherThread [stack: 0x00000000611c0000,0x00000000651c0000] [id=7736]

VM state:not at safepoint (normal execution)

VM Mutex/Monitor currently owned by a thread: None

Heap
 PSYoungGen      total 44800K, used 38307K [0x00000000e8000000, 0x00000000eb4d0000, 0x0000000108000000)
  eden space 42880K, 84% used [0x00000000e8000000,0x00000000ea3934a0,0x00000000ea9e0000)
  from space 1920K, 97% used [0x00000000eb180000,0x00000000eb3559f0,0x00000000eb360000)
  to   space 1472K, 0% used [0x00000000eb360000,0x00000000eb360000,0x00000000eb4d0000)
 PSOldGen        total 94464K, used 78285K [0x0000000088000000, 0x000000008dc40000, 0x00000000e8000000)
  object space 94464K, 82% used [0x0000000088000000,0x000000008cc73538,0x000000008dc40000)
 PSPermGen       total 103744K, used 80786K [0x0000000080000000, 0x0000000086550000, 0x0000000088000000)
  object space 103744K, 77% used [0x0000000080000000,0x0000000084ee4bd8,0x0000000086550000)

Dynamic libraries:
0x000000013fc20000 - 0x000000013fc52000 	C:\Program Files\MATLAB\R2012a\bin\win64\MATLAB.exe
0x0000000077700000 - 0x00000000778a9000 	C:\Windows\SYSTEM32\ntdll.dll
0x00000000774e0000 - 0x00000000775ff000 	C:\Windows\system32\kernel32.dll
0x000007fefd6c0000 - 0x000007fefd72c000 	C:\Windows\system32\KERNELBASE.dll
0x0000000075270000 - 0x00000000752f8000 	C:\Windows\System32\SYSFER.DLL
0x0000000074460000 - 0x0000000074554000 	C:\Program Files\MATLAB\R2012a\bin\win64\libut.dll
0x00000000758a0000 - 0x0000000075952000 	C:\Program Files\MATLAB\R2012a\bin\win64\libmwi18n.dll
0x0000000180000000 - 0x000000018000b000 	C:\Program Files\MATLAB\R2012a\bin\win64\libmwresource_core.dll
0x00000000732d0000 - 0x00000000733a3000 	C:\Windows\WinSxS\amd64_microsoft.vc90.crt_1fc8b3b9a1e18e3b_9.0.30729.6161_none_08e61857a83bc251\MSVCP90.dll
0x0000000073220000 - 0x00000000732c3000 	C:\Windows\WinSxS\amd64_microsoft.vc90.crt_1fc8b3b9a1e18e3b_9.0.30729.6161_none_08e61857a83bc251\MSVCR90.dll
0x000000007a170000 - 0x000000007a19c000 	C:\Program Files\MATLAB\R2012a\bin\win64\boost_filesystem-vc90-mt-1_44.dll
0x000000007a560000 - 0x000000007a569000 	C:\Program Files\MATLAB\R2012a\bin\win64\boost_system-vc90-mt-1_44.dll
0x000007feff930000 - 0x000007feffa0b000 	C:\Windows\system32\ADVAPI32.dll
0x000007feff890000 - 0x000007feff92f000 	C:\Windows\system32\msvcrt.dll
0x000007feff170000 - 0x000007feff18f000 	C:\Windows\SYSTEM32\sechost.dll
0x000007fefddb0000 - 0x000007fefdedd000 	C:\Windows\system32\RPCRT4.dll
0x000000007a010000 - 0x000000007a035000 	C:\Program Files\MATLAB\R2012a\bin\win64\LIBEXPAT.dll
0x0000000068e90000 - 0x0000000069081000 	C:\Program Files\MATLAB\R2012a\bin\win64\icuin44.dll
0x0000000068d10000 - 0x0000000068e81000 	C:\Program Files\MATLAB\R2012a\bin\win64\icuuc44.dll
0x0000000010000000 - 0x0000000010e41000 	C:\Program Files\MATLAB\R2012a\bin\win64\icudt44.dll
0x0000000073f70000 - 0x00000000740ad000 	C:\Program Files\MATLAB\R2012a\bin\win64\libmwfl.dll
0x0000000004370000 - 0x0000000004666000 	C:\Program Files\MATLAB\R2012a\bin\win64\libmwMATLAB_res.dll
0x000000007a3b0000 - 0x000000007a3c0000 	C:\Program Files\MATLAB\R2012a\bin\win64\boost_date_time-vc90-mt-1_44.dll
0x000000007a250000 - 0x000000007a263000 	C:\Program Files\MATLAB\R2012a\bin\win64\boost_signals-vc90-mt-1_44.dll
0x000000007a2d0000 - 0x000000007a2e2000 	C:\Program Files\MATLAB\R2012a\bin\win64\boost_thread-vc90-mt-1_44.dll
0x00000000041b0000 - 0x00000000041f6000 	C:\Program Files\MATLAB\R2012a\bin\win64\tbb.dll
0x000007feff860000 - 0x000007feff879000 	C:\Windows\system32\imagehlp.dll
0x00000000778d0000 - 0x00000000778d7000 	C:\Windows\system32\PSAPI.DLL
0x0000000071ff0000 - 0x0000000072003000 	C:\Program Files\MATLAB\R2012a\bin\win64\icuio44.dll
0x000007feeb4b0000 - 0x000007feeb5d5000 	C:\Windows\system32\dbghelp.dll
0x0000000077600000 - 0x00000000776fa000 	C:\Windows\system32\USER32.dll
0x000007feff080000 - 0x000007feff0e7000 	C:\Windows\system32\GDI32.dll
0x000007feff880000 - 0x000007feff88e000 	C:\Windows\system32\LPK.dll
0x000007fefdb00000 - 0x000007fefdbc9000 	C:\Windows\system32\USP10.dll
0x000000007bed0000 - 0x000000007c183000 	C:\Program Files\MATLAB\R2012a\bin\win64\libmwservices.dll
0x0000000075a20000 - 0x0000000075ae2000 	C:\Program Files\MATLAB\R2012a\bin\win64\libmx.dll
0x000000007a210000 - 0x000000007a228000 	C:\Program Files\MATLAB\R2012a\bin\win64\zlib1.dll
0x0000000004670000 - 0x0000000004691000 	C:\Program Files\MATLAB\R2012a\bin\win64\libmwmfl_scalar.dll
0x0000000075f10000 - 0x0000000075f5d000 	C:\Program Files\MATLAB\R2012a\bin\win64\mpath.dll
0x000000007b680000 - 0x000000007bbe1000 	C:\Program Files\MATLAB\R2012a\bin\win64\mlutil.dll
0x0000000071cd0000 - 0x0000000071d4f000 	C:\Program Files\MATLAB\R2012a\bin\win64\xmlcore.dll
0x000000007bc30000 - 0x000000007be83000 	C:\Program Files\MATLAB\R2012a\bin\win64\xerces-c_2_7.dll
0x000007feff270000 - 0x000007feff2bd000 	C:\Windows\system32\WS2_32.dll
0x000007feff850000 - 0x000007feff858000 	C:\Windows\system32\NSI.dll
0x00000000046d0000 - 0x00000000046ea000 	C:\Program Files\MATLAB\R2012a\bin\win64\libmwMATLAB_settings_res.dll
0x0000000004700000 - 0x0000000004747000 	C:\Program Files\MATLAB\R2012a\bin\win64\boost_serialization-vc90-mt-1_44.dll
0x000007fefdee0000 - 0x000007fefec68000 	C:\Windows\system32\SHELL32.dll
0x000007feff0f0000 - 0x000007feff161000 	C:\Windows\system32\SHLWAPI.dll
0x000007feed000000 - 0x000007feed0a0000 	C:\Windows\WinSxS\amd64_microsoft.windows.common-controls_6595b64144ccf1df_5.82.7601.18201_none_a4d3b9377117c3df\COMCTL32.dll
0x000007fefed80000 - 0x000007fefee17000 	C:\Windows\system32\COMDLG32.dll
0x000007fefaa10000 - 0x000007fefaa26000 	C:\Windows\system32\NETAPI32.dll
0x000007fefaa00000 - 0x000007fefaa0c000 	C:\Windows\system32\netutils.dll
0x000007fefcfe0000 - 0x000007fefd003000 	C:\Windows\system32\srvcli.dll
0x000007fefa9e0000 - 0x000007fefa9f5000 	C:\Windows\system32\wkscli.dll
0x000007fefd8f0000 - 0x000007fefdaf3000 	C:\Windows\system32\ole32.dll
0x000007feff190000 - 0x000007feff267000 	C:\Windows\system32\OLEAUT32.dll
0x0000000074970000 - 0x0000000074b06000 	C:\Program Files\MATLAB\R2012a\bin\win64\mcr.dll
0x0000000004770000 - 0x0000000004adb000 	C:\Program Files\MATLAB\R2012a\bin\win64\iqm.dll
0x00000000684e0000 - 0x0000000068d01000 	C:\Program Files\MATLAB\R2012a\bin\win64\m_interpreter.dll
0x0000000071bf0000 - 0x0000000071c15000 	C:\Program Files\MATLAB\R2012a\bin\win64\libmex.dll
0x0000000071b30000 - 0x0000000071be3000 	C:\Program Files\MATLAB\R2012a\bin\win64\m_dispatcher.dll
0x0000000074880000 - 0x000000007496d000 	C:\Program Files\MATLAB\R2012a\bin\win64\boost_regex-vc90-mt-1_44.dll
0x000000006b6e0000 - 0x000000006b764000 	C:\Program Files\MATLAB\R2012a\bin\win64\profiler.dll
0x0000000004b40000 - 0x0000000004d95000 	C:\Program Files\MATLAB\R2012a\bin\win64\libmwmathutil.dll
0x0000000079f40000 - 0x0000000079f6d000 	C:\Program Files\MATLAB\R2012a\bin\win64\libmwmathrng.dll
0x0000000074c10000 - 0x0000000074ced000 	C:\Program Files\MATLAB\R2012a\bin\win64\libmwmathcore.dll
0x0000000076160000 - 0x00000000761cb000 	C:\Program Files\MATLAB\R2012a\bin\win64\libmwspmatrix.dll
0x0000000075ea0000 - 0x0000000075f02000 	C:\Program Files\MATLAB\R2012a\bin\win64\libmwcholmod.dll
0x000000007a460000 - 0x000000007a46d000 	C:\Program Files\MATLAB\R2012a\bin\win64\libmwamd.dll
0x000000007a4b0000 - 0x000000007a4bc000 	C:\Program Files\MATLAB\R2012a\bin\win64\libmwcolamd.dll
0x0000000071b10000 - 0x0000000071b29000 	C:\Program Files\MATLAB\R2012a\bin\win64\libmwblas.dll
0x0000000071af0000 - 0x0000000071b02000 	C:\Program Files\MATLAB\R2012a\bin\win64\libmwbinder.dll
0x0000000072040000 - 0x000000007204b000 	C:\Program Files\MATLAB\R2012a\bin\win64\libmwompwrapper.dll
0x000000006b650000 - 0x000000006b6d6000 	C:\Program Files\MATLAB\R2012a\bin\win64\libmwlapack.dll
0x0000000071ac0000 - 0x0000000071ae1000 	C:\Program Files\MATLAB\R2012a\bin\win64\m_pcodeio.dll
0x0000000079b10000 - 0x0000000079b77000 	C:\Program Files\MATLAB\R2012a\bin\win64\m_ir.dll
0x0000000067e90000 - 0x00000000684e0000 	C:\Program Files\MATLAB\R2012a\bin\win64\m_parser.dll
0x0000000071310000 - 0x000000007132a000 	C:\Program Files\MATLAB\R2012a\bin\win64\ir_xfmr.dll
0x0000000067c10000 - 0x0000000067e89000 	C:\Program Files\MATLAB\R2012a\bin\win64\mcos.dll
0x0000000071fe0000 - 0x0000000071fec000 	C:\Program Files\MATLAB\R2012a\bin\win64\mtok.dll
0x000000006a100000 - 0x000000006a131000 	C:\Program Files\MATLAB\R2012a\bin\win64\m_pcodegen.dll
0x0000000079fb0000 - 0x0000000079fe7000 	C:\Program Files\MATLAB\R2012a\bin\win64\libmwbridge.dll
0x0000000067b40000 - 0x0000000067c08000 	C:\Program Files\MATLAB\R2012a\bin\win64\udd.dll
0x00000000679e0000 - 0x0000000067b32000 	C:\Program Files\MATLAB\R2012a\bin\win64\libmwgui.dll
0x000000006d2e0000 - 0x000000006d2f7000 	C:\Program Files\MATLAB\R2012a\bin\win64\graphics_util.dll
0x0000000067030000 - 0x00000000679d3000 	C:\Program Files\MATLAB\R2012a\bin\win64\hg.dll
0x0000000004f10000 - 0x0000000004f77000 	C:\Program Files\MATLAB\R2012a\bin\win64\libmat.dll
0x0000000072d30000 - 0x0000000072f44000 	C:\Program Files\MATLAB\R2012a\bin\win64\hdf5dll.dll
0x0000000075710000 - 0x00000000757c1000 	C:\Program Files\MATLAB\R2012a\bin\win64\jmi.dll
0x0000000004fb0000 - 0x0000000004fbe000 	C:\Program Files\MATLAB\R2012a\bin\win64\nativejava_services.dll
0x000000006a060000 - 0x000000006a0a2000 	C:\Program Files\MATLAB\R2012a\bin\win64\libmwhardcopy.dll
0x000000006a000000 - 0x000000006a05a000 	C:\Program Files\MATLAB\R2012a\bin\win64\libuij.dll
0x0000000066e20000 - 0x000000006702c000 	C:\Program Files\MATLAB\R2012a\bin\win64\hgdatatypes.dll
0x0000000066d20000 - 0x0000000066e1d000 	C:\Program Files\MATLAB\R2012a\bin\win64\hgutils.dll
0x0000000066c60000 - 0x0000000066d1d000 	C:\Program Files\MATLAB\R2012a\bin\win64\udd_mi.dll
0x0000000005020000 - 0x000000000505b000 	C:\Program Files\MATLAB\R2012a\bin\win64\libmwgbtutils.dll
0x0000000005070000 - 0x0000000005089000 	C:\Program Files\MATLAB\R2012a\bin\win64\libmwgbt.dll
0x00000000050a0000 - 0x000000000536a000 	C:\Program Files\MATLAB\R2012a\bin\win64\uiw.dll
0x0000000071ec0000 - 0x0000000071ecf000 	C:\Program Files\MATLAB\R2012a\bin\win64\uinone.dll
0x000007fef7630000 - 0x000007fef7648000 	C:\Windows\system32\MPR.dll
0x0000000066340000 - 0x0000000066824000 	C:\Windows\WinSxS\amd64_microsoft.vc90.mfc_1fc8b3b9a1e18e3b_9.0.30729.6161_none_044aad0bab1eb146\mfc90.dll
0x000007fef7c80000 - 0x000007fef7c87000 	C:\Windows\system32\MSIMG32.dll
0x000007fef8090000 - 0x000007fef8101000 	C:\Windows\system32\WINSPOOL.DRV
0x000000006c9b0000 - 0x000000006c9d0000 	C:\Program Files\MATLAB\R2012a\bin\win64\mwoles05.DLL
0x00000000690d0000 - 0x000000006914c000 	C:\Program Files\MATLAB\R2012a\bin\win64\comcli.dll
0x000000006b620000 - 0x000000006b64f000 	C:\Windows\WinSxS\amd64_microsoft.vc90.atl_1fc8b3b9a1e18e3b_9.0.30729.6161_none_0a1fd3a3a768b895\ATL90.DLL
0x0000000071aa0000 - 0x0000000071aac000 	C:\Program Files\MATLAB\R2012a\bin\win64\mlautoregister.dll
0x00000000053c0000 - 0x00000000053d0000 	C:\Program Files\MATLAB\R2012a\bin\win64\boost_iostreams-vc90-mt-1_44.dll
0x000007fefd350000 - 0x000007fefd3a7000 	C:\Windows\system32\apphelp.dll
0x000007fef8ad0000 - 0x000007fef8b21000 	C:\Windows\AppPatch\AppPatch64\AcGenral.DLL
0x000007fefd320000 - 0x000007fefd345000 	C:\Windows\system32\SspiCli.dll
0x0000000072c00000 - 0x0000000072c03000 	C:\Windows\system32\sfc.dll
0x000007fef99c0000 - 0x000007fef99d0000 	C:\Windows\system32\sfc_os.DLL
0x000007fefc800000 - 0x000007fefc81e000 	C:\Windows\system32\USERENV.dll
0x000007fefd4c0000 - 0x000007fefd4cf000 	C:\Windows\system32\profapi.dll
0x000007fefb710000 - 0x000007fefb728000 	C:\Windows\system32\dwmapi.dll
0x000007fefee20000 - 0x000007fefee4e000 	C:\Windows\system32\IMM32.DLL
0x000007fefec70000 - 0x000007fefed79000 	C:\Windows\system32\MSCTF.dll
0x000007fefbaf0000 - 0x000007fefbb46000 	C:\Windows\system32\UxTheme.dll
0x0000000071300000 - 0x000000007130d000 	C:\Windows\WinSxS\amd64_microsoft.vc90.mfcloc_1fc8b3b9a1e18e3b_9.0.30729.6161_none_01c9581e60cbee58\MFC90ENU.DLL
0x0000000005420000 - 0x0000000005449000 	C:\Program Files\MATLAB\R2012a\bin\win64\tbbmalloc.dll
0x000007fefc140000 - 0x000007fefc14f000 	C:\Program Files\MATLAB\R2012a\bin\win64\xmlxrcsc.dll
0x000007fefd3b0000 - 0x000007fefd3bf000 	C:\Windows\system32\CRYPTBASE.dll
0x000007fefbf30000 - 0x000007fefc124000 	C:\Windows\WinSxS\amd64_microsoft.windows.common-controls_6595b64144ccf1df_6.0.7601.17514_none_fa396087175ac9ac\comctl32.dll
0x000007feff610000 - 0x000007feff7e7000 	C:\Windows\system32\SETUPAPI.dll
0x000007fefd680000 - 0x000007fefd6b6000 	C:\Windows\system32\CFGMGR32.dll
0x000007fefd8d0000 - 0x000007fefd8ea000 	C:\Windows\system32\DEVOBJ.dll
0x000007feff2c0000 - 0x000007feff359000 	C:\Windows\system32\CLBCatQ.DLL

VM Arguments:
jvm_args: -Xss512k -XX:PermSize=32m -Xms64m -XX:NewRatio=3 -XX:MaxPermSize=128m -Xmx196m -XX:MaxDirectMemorySize=2147400000 -Dsun.java2d.noddraw=true -Dsun.awt.nopixfmt=true -Xshare:off -Xrs -Dsun.awt.disableMixing=true -Xmx2048m -Djava.library.path=C:\Program Files\MATLAB\R2012a\bin\win64;C:\Micro-Manager-1.4.17\ vfprintf abort 
java_command: <unknown>
Launcher Type: generic

Environment Variables:
PATH=C:\Windows\system32;C:\Windows;C:\Windows\System32\Wbem;C:\Windows\System32\WindowsPowerShell\v1.0\;C:\Program Files\MATLAB\R2013b\bin;C:\Program Files (x86)\MATLAB-32\R2012a\bin;C:\Program Files\MATLAB\R2012a\bin;C:\Program Files\MATLAB\R2010b\bin;C:\Micro-Manager-1.4.17;C:\Program Files (x86)\Ocean Optics\Overture\OOI_HOME;C:\Program Files\Microsoft Windows Performance Toolkit\;C:\Program Files\IVI Foundation\VISA\Win64\Bin\;C:\Program Files (x86)\IVI Foundation\VISA\WinNT\Bin\;C:\Program Files (x86)\IVI Foundation\VISA\WinNT\Bin
USERNAME=keck
OS=Windows_NT
PROCESSOR_IDENTIFIER=Intel64 Family 6 Model 42 Stepping 7, GenuineIntel



---------------  S Y S T E M  ---------------

OS: Windows 7 Build 7601 Service Pack 1

CPU:total 4 (8 cores per cpu, 2 threads per core) family 6 model 42 stepping 7, cmov, cx8, fxsr, mmx, sse, sse2, sse3, ssse3, sse4.1, sse4.2, ht

Memory: 4k page, physical 16682868k(13011372k free), swap 17500204k(13916376k free)

vm_info: Java HotSpot(TM) 64-Bit Server VM (14.3-b01) for windows-amd64 JRE (1.6.0_17-b04), built on Oct 11 2009 00:46:08 by "java_re" with MS VC++ 8.0

time: Wed Jun 25 15:02:48 2014
elapsed time: 671 seconds

