#
# A fatal error has been detected by the Java Runtime Environment:
#
#  EXCEPTION_ACCESS_VIOLATION (0xc0000005) at pc=0x000007fef5717a26, pid=1688, tid=7720
#
# JRE version: 6.0_17-b04
# Java VM: Java HotSpot(TM) 64-Bit Server VM (14.3-b01 mixed mode windows-amd64 )
# Problematic frame:
# C  0x000007fef5717a26
#
# If you would like to submit a bug report, please visit:
#   http://java.sun.com/webapps/bugreport/crash.jsp
# The crash happened outside the Java Virtual Machine in native code.
# See problematic frame for where to report the bug.
#

---------------  T H R E A D  ---------------

Current thread (0x0000000063a8d000):  JavaThread "Live mode timer" [_thread_in_native, id=7720, stack(0x0000000021a00000,0x0000000021a80000)]

siginfo: ExceptionCode=0xc0000005, reading address 0xffffffffffffffff

Registers:
EAX=0x0000000041c86170, EBX=0x00000000621cf430, ECX=0x0000000041c18380, EDX=0x0000000000000000
ESP=0x0000000021a7f338, EBP=0x0000000041c17fd0, ESI=0x0000000084cbb258, EDI=0x0000000063a8d1b8
EIP=0x000007fef5717a26, EFLAGS=0x0000000000010246

Top of Stack: (sp=0x0000000021a7f338)
0x0000000021a7f338:   000007fef56f26d2 0000000000000000
0x0000000021a7f348:   0000000041c17fd0 0000000084cbb258
0x0000000021a7f358:   0000000063a8d1b8 0000000084a38288
0x0000000021a7f368:   0000000041d71588 00000000840c0880
0x0000000021a7f378:   0000000021a7f3f8 0000000000000000
0x0000000021a7f388:   0000000000000000 0000000021a7f418
0x0000000021a7f398:   0000000000000000 0000000000000000
0x0000000021a7f3a8:   0000000000000000 0000000000000000
0x0000000021a7f3b8:   0000000021a7f3b8 0000000000000000
0x0000000021a7f3c8:   0000000021a7f430 00000000840d3068
0x0000000021a7f3d8:   0000000000000000 00000000840c0880
0x0000000021a7f3e8:   0000000000000000 0000000021a7f418
0x0000000021a7f3f8:   0000000021a7f478 0000000041d65ac2
0x0000000021a7f408:   00000000840d23f8 0000000041d6de58
0x0000000021a7f418:   0000000084ed1810 0000000089ca53d8
0x0000000021a7f428:   0000000041c17fd0 000000008009cf78 

Instructions: (pc=0x000007fef5717a26)
0x000007fef5717a16:   00 4c 8b ca 4c 8d 05 e7 6e 06 00 48 8b 01 33 d2
0x000007fef5717a26:   48 ff 60 30 cc cc cc cc cc cc 48 8b 89 78 02 00 


Stack: [0x0000000021a00000,0x0000000021a80000],  sp=0x0000000021a7f338,  free space=508k
Native frames: (J=compiled Java code, j=interpreted, Vv=VM code, C=native code)
C  0x000007fef5717a26

Java frames: (J=compiled Java code, j=interpreted, Vv=VM code)
j  mmcorej.MMCoreJJNI.CMMCore_logMessage__SWIG_0(JLmmcorej/CMMCore;Ljava/lang/String;)V+0
j  mmcorej.CMMCore.logMessage(Ljava/lang/String;)V+6
j  org.micromanager.utils.ReportingUtils.logMessage(Ljava/lang/String;)V+20
J  org.micromanager.acquisition.LiveModeTimer$3.run()V
J  java.util.TimerThread.mainLoop()V
j  java.util.TimerThread.run()V+1
v  ~StubRoutines::call_stub

---------------  P R O C E S S  ---------------

Java Threads: ( => current thread )
  0x0000000063a8e000 JavaThread "Display thread" [_thread_blocked, id=8572, stack(0x0000000014dc0000,0x0000000014e40000)]
=>0x0000000063a8d000 JavaThread "Live mode timer" [_thread_in_native, id=7720, stack(0x0000000021a00000,0x0000000021a80000)]
  0x000000005d7cd000 JavaThread "Foxtrot Single Worker Thread #1" daemon [_thread_blocked, id=740, stack(0x00000000212d0000,0x0000000021350000)]
  0x000000005d7c5800 JavaThread "zSelector" [_thread_blocked, id=6544, stack(0x00000000087a0000,0x0000000008820000)]
  0x000000005d7c8000 JavaThread "Timer-484" [_thread_blocked, id=184, stack(0x00000000086f0000,0x0000000008770000)]
  0x000000005d7c3000 JavaThread "Prefs Updater" daemon [_thread_blocked, id=624, stack(0x0000000010fa0000,0x0000000011020000)]
  0x000000005d7ca800 JavaThread "Beanshell interpreter" [_thread_blocked, id=4444, stack(0x0000000041a30000,0x0000000041ab0000)]
  0x000000005d7cb800 JavaThread "Thread-138" [_thread_blocked, id=5212, stack(0x0000000041b90000,0x0000000041c10000)]
  0x000000005d7c9800 JavaThread "Thread-130" [_thread_blocked, id=1652, stack(0x000000003eeb0000,0x000000003ef30000)]
  0x000000005d7c7000 JavaThread "Active Reference Queue Daemon" daemon [_thread_blocked, id=6372, stack(0x0000000051080000,0x0000000051100000)]
  0x000000005d7c5000 JavaThread "Timer-8" daemon [_thread_blocked, id=5536, stack(0x000000004cf00000,0x000000004cf80000)]
  0x000000005d7c6800 JavaThread "Timer-7" daemon [_thread_blocked, id=2268, stack(0x0000000039c80000,0x0000000039d00000)]
  0x000000005d7c4000 JavaThread "Explorer NavigationContext request queue" [_thread_blocked, id=6116, stack(0x0000000035bb0000,0x0000000035c30000)]
  0x000000005d7c2000 JavaThread "AddressBar directory emptiness poller" [_thread_blocked, id=5236, stack(0x0000000035b30000,0x0000000035bb0000)]
  0x000000005d7c0800 JavaThread "Timer-1" [_thread_blocked, id=2980, stack(0x000000002d850000,0x000000002d8d0000)]
  0x000000005d7bf000 JavaThread "TimerQueue" daemon [_thread_blocked, id=6196, stack(0x0000000025490000,0x0000000025510000)]
  0x000000005d7be800 JavaThread "FelixPackageAdmin" daemon [_thread_blocked, id=6296, stack(0x0000000029580000,0x0000000029600000)]
  0x000000000f1ac800 JavaThread "FelixStartLevel" daemon [_thread_blocked, id=7116, stack(0x000000001d170000,0x000000001d1f0000)]
  0x000000005d774800 JavaThread "FelixDispatchQueue" daemon [_thread_blocked, id=5516, stack(0x0000000019080000,0x0000000019100000)]
  0x000000005d819000 JavaThread "AWT-EventQueue-0" [_thread_blocked, id=5324, stack(0x0000000021250000,0x00000000212d0000)]
  0x000000000f6ed000 JavaThread "com.google.common.base.internal.Finalizer" daemon [_thread_blocked, id=7108, stack(0x000000000ff60000,0x000000000ffe0000)]
  0x000000000f6ec000 JavaThread "AWT-Windows" daemon [_thread_in_native, id=6088, stack(0x0000000010e70000,0x0000000010ef0000)]
  0x000000005d51a000 JavaThread "AWT-Shutdown" [_thread_blocked, id=6832, stack(0x000000000db00000,0x000000000db80000)]
  0x000000005d519800 JavaThread "Java2D Disposer" daemon [_thread_blocked, id=6076, stack(0x000000000d5f0000,0x000000000d670000)]
  0x000000000fbc9000 JavaThread "Timer-0" [_thread_blocked, id=2288, stack(0x000000000d930000,0x000000000d9b0000)]
  0x000000000f97f800 JavaThread "EventMgr Dispatcher" daemon [_thread_in_native, id=2284, stack(0x0000000019110000,0x000000001d110000)]
  0x000000000f0c4000 JavaThread "Low Memory Detector" daemon [_thread_blocked, id=3084, stack(0x000000000dbb0000,0x000000000dc30000)]
  0x000000000f0bc800 JavaThread "CompilerThread1" daemon [_thread_blocked, id=6324, stack(0x0000000066e30000,0x000000006ae30000)]
  0x000000000f0b5800 JavaThread "CompilerThread0" daemon [_thread_blocked, id=6220, stack(0x0000000059240000,0x000000005d240000)]
  0x000000000f0b4000 JavaThread "Attach Listener" daemon [_thread_blocked, id=3844, stack(0x000000000d9c0000,0x000000000da40000)]
  0x000000000f056800 JavaThread "Finalizer" daemon [_thread_blocked, id=6648, stack(0x000000000d740000,0x000000000d7c0000)]
  0x000000000f055800 JavaThread "Reference Handler" daemon [_thread_blocked, id=6288, stack(0x000000000d8b0000,0x000000000d930000)]
  0x00000000057f3800 JavaThread "main" [_thread_in_native, id=3956, stack(0x00000000001b0000,0x00000000041b0000)]

Other Threads:
  0x000000000f052800 VMThread [stack: 0x0000000055200000,0x0000000059200000] [id=5220]
  0x000000000f0e7800 WatcherThread [stack: 0x00000001080b0000,0x000000010c0b0000] [id=3364]

VM state:not at safepoint (normal execution)

VM Mutex/Monitor currently owned by a thread: None

Heap
 PSYoungGen      total 90560K, used 60835K [0x00000000e8000000, 0x00000000edc70000, 0x0000000108000000)
  eden space 86784K, 67% used [0x00000000e8000000,0x00000000eb986098,0x00000000ed4c0000)
  from space 3776K, 51% used [0x00000000ed860000,0x00000000eda42cf8,0x00000000edc10000)
  to   space 3712K, 0% used [0x00000000ed4c0000,0x00000000ed4c0000,0x00000000ed860000)
 PSOldGen        total 86336K, used 78936K [0x0000000088000000, 0x000000008d450000, 0x00000000e8000000)
  object space 86336K, 91% used [0x0000000088000000,0x000000008cd16070,0x000000008d450000)
 PSPermGen       total 81088K, used 80883K [0x0000000080000000, 0x0000000084f30000, 0x0000000088000000)
  object space 81088K, 99% used [0x0000000080000000,0x0000000084efcd88,0x0000000084f30000)

Dynamic libraries:
0x000000013fa00000 - 0x000000013fa32000 	C:\Program Files\MATLAB\R2012a\bin\win64\MATLAB.exe
0x00000000770d0000 - 0x0000000077279000 	C:\Windows\SYSTEM32\ntdll.dll
0x0000000076eb0000 - 0x0000000076fcf000 	C:\Windows\system32\kernel32.dll
0x000007fefd1e0000 - 0x000007fefd24c000 	C:\Windows\system32\KERNELBASE.dll
0x0000000074c10000 - 0x0000000074c98000 	C:\Windows\System32\SYSFER.DLL
0x0000000074460000 - 0x0000000074554000 	C:\Program Files\MATLAB\R2012a\bin\win64\libut.dll
0x00000000758a0000 - 0x0000000075952000 	C:\Program Files\MATLAB\R2012a\bin\win64\libmwi18n.dll
0x0000000180000000 - 0x000000018000b000 	C:\Program Files\MATLAB\R2012a\bin\win64\libmwresource_core.dll
0x0000000074000000 - 0x00000000740d3000 	C:\Windows\WinSxS\amd64_microsoft.vc90.crt_1fc8b3b9a1e18e3b_9.0.30729.6161_none_08e61857a83bc251\MSVCP90.dll
0x0000000073f50000 - 0x0000000073ff3000 	C:\Windows\WinSxS\amd64_microsoft.vc90.crt_1fc8b3b9a1e18e3b_9.0.30729.6161_none_08e61857a83bc251\MSVCR90.dll
0x000000007a170000 - 0x000000007a19c000 	C:\Program Files\MATLAB\R2012a\bin\win64\boost_filesystem-vc90-mt-1_44.dll
0x000000007a560000 - 0x000000007a569000 	C:\Program Files\MATLAB\R2012a\bin\win64\boost_system-vc90-mt-1_44.dll
0x000007fefdb80000 - 0x000007fefdc5b000 	C:\Windows\system32\ADVAPI32.dll
0x000007fefe330000 - 0x000007fefe3cf000 	C:\Windows\system32\msvcrt.dll
0x000007fefda10000 - 0x000007fefda2f000 	C:\Windows\SYSTEM32\sechost.dll
0x000007fefd410000 - 0x000007fefd53d000 	C:\Windows\system32\RPCRT4.dll
0x000000007a010000 - 0x000000007a035000 	C:\Program Files\MATLAB\R2012a\bin\win64\LIBEXPAT.dll
0x000000006c980000 - 0x000000006cb71000 	C:\Program Files\MATLAB\R2012a\bin\win64\icuin44.dll
0x000000006d2d0000 - 0x000000006d441000 	C:\Program Files\MATLAB\R2012a\bin\win64\icuuc44.dll
0x0000000010000000 - 0x0000000010e41000 	C:\Program Files\MATLAB\R2012a\bin\win64\icudt44.dll
0x0000000004310000 - 0x000000000444d000 	C:\Program Files\MATLAB\R2012a\bin\win64\libmwfl.dll
0x0000000004450000 - 0x0000000004746000 	C:\Program Files\MATLAB\R2012a\bin\win64\libmwMATLAB_res.dll
0x000000007a3b0000 - 0x000000007a3c0000 	C:\Program Files\MATLAB\R2012a\bin\win64\boost_date_time-vc90-mt-1_44.dll
0x000000007a250000 - 0x000000007a263000 	C:\Program Files\MATLAB\R2012a\bin\win64\boost_signals-vc90-mt-1_44.dll
0x000000007a2d0000 - 0x000000007a2e2000 	C:\Program Files\MATLAB\R2012a\bin\win64\boost_thread-vc90-mt-1_44.dll
0x00000000041b0000 - 0x00000000041f6000 	C:\Program Files\MATLAB\R2012a\bin\win64\tbb.dll
0x000007fefe620000 - 0x000007fefe639000 	C:\Windows\system32\imagehlp.dll
0x00000000772a0000 - 0x00000000772a7000 	C:\Windows\system32\PSAPI.DLL
0x000000006e320000 - 0x000000006e333000 	C:\Program Files\MATLAB\R2012a\bin\win64\icuio44.dll
0x000007fefaac0000 - 0x000007fefabe5000 	C:\Windows\system32\dbghelp.dll
0x0000000076fd0000 - 0x00000000770ca000 	C:\Windows\system32\USER32.dll
0x000007fefe3d0000 - 0x000007fefe437000 	C:\Windows\system32\GDI32.dll
0x000007fefd8a0000 - 0x000007fefd8ae000 	C:\Windows\system32\LPK.dll
0x000007fefda30000 - 0x000007fefdaf9000 	C:\Windows\system32\USP10.dll
0x000000007bed0000 - 0x000000007c183000 	C:\Program Files\MATLAB\R2012a\bin\win64\libmwservices.dll
0x0000000075a20000 - 0x0000000075ae2000 	C:\Program Files\MATLAB\R2012a\bin\win64\libmx.dll
0x000000007a210000 - 0x000000007a228000 	C:\Program Files\MATLAB\R2012a\bin\win64\zlib1.dll
0x0000000004790000 - 0x00000000047b1000 	C:\Program Files\MATLAB\R2012a\bin\win64\libmwmfl_scalar.dll
0x0000000075f10000 - 0x0000000075f5d000 	C:\Program Files\MATLAB\R2012a\bin\win64\mpath.dll
0x000000007b680000 - 0x000000007bbe1000 	C:\Program Files\MATLAB\R2012a\bin\win64\mlutil.dll
0x000000006e2a0000 - 0x000000006e31f000 	C:\Program Files\MATLAB\R2012a\bin\win64\xmlcore.dll
0x000000007bc30000 - 0x000000007be83000 	C:\Program Files\MATLAB\R2012a\bin\win64\xerces-c_2_7.dll
0x000007fefdb00000 - 0x000007fefdb4d000 	C:\Windows\system32\WS2_32.dll
0x000007fefe640000 - 0x000007fefe648000 	C:\Windows\system32\NSI.dll
0x0000000004810000 - 0x000000000482a000 	C:\Program Files\MATLAB\R2012a\bin\win64\libmwMATLAB_settings_res.dll
0x0000000004840000 - 0x0000000004887000 	C:\Program Files\MATLAB\R2012a\bin\win64\boost_serialization-vc90-mt-1_44.dll
0x000007fefe650000 - 0x000007feff3d8000 	C:\Windows\system32\SHELL32.dll
0x000007fefd820000 - 0x000007fefd891000 	C:\Windows\system32\SHLWAPI.dll
0x000007fef5ed0000 - 0x000007fef5f70000 	C:\Windows\WinSxS\amd64_microsoft.windows.common-controls_6595b64144ccf1df_5.82.7601.18201_none_a4d3b9377117c3df\COMCTL32.dll
0x000007fefd780000 - 0x000007fefd817000 	C:\Windows\system32\COMDLG32.dll
0x000007fefa3e0000 - 0x000007fefa3f6000 	C:\Windows\system32\NETAPI32.dll
0x000007fefa3d0000 - 0x000007fefa3dc000 	C:\Windows\system32\netutils.dll
0x000007fefc8f0000 - 0x000007fefc913000 	C:\Windows\system32\srvcli.dll
0x000007fefa3b0000 - 0x000007fefa3c5000 	C:\Windows\system32\wkscli.dll
0x000007fefdc60000 - 0x000007fefde63000 	C:\Windows\system32\ole32.dll
0x000007fefd930000 - 0x000007fefda07000 	C:\Windows\system32\OLEAUT32.dll
0x0000000074970000 - 0x0000000074b06000 	C:\Program Files\MATLAB\R2012a\bin\win64\mcr.dll
0x0000000075000000 - 0x000000007536b000 	C:\Program Files\MATLAB\R2012a\bin\win64\iqm.dll
0x0000000064d00000 - 0x0000000065521000 	C:\Program Files\MATLAB\R2012a\bin\win64\m_interpreter.dll
0x000000006e270000 - 0x000000006e295000 	C:\Program Files\MATLAB\R2012a\bin\win64\libmex.dll
0x000000006d150000 - 0x000000006d203000 	C:\Program Files\MATLAB\R2012a\bin\win64\m_dispatcher.dll
0x0000000074880000 - 0x000000007496d000 	C:\Program Files\MATLAB\R2012a\bin\win64\boost_regex-vc90-mt-1_44.dll
0x000000006d620000 - 0x000000006d6a4000 	C:\Program Files\MATLAB\R2012a\bin\win64\profiler.dll
0x0000000004910000 - 0x0000000004b65000 	C:\Program Files\MATLAB\R2012a\bin\win64\libmwmathutil.dll
0x0000000079f40000 - 0x0000000079f6d000 	C:\Program Files\MATLAB\R2012a\bin\win64\libmwmathrng.dll
0x0000000004b90000 - 0x0000000004c6d000 	C:\Program Files\MATLAB\R2012a\bin\win64\libmwmathcore.dll
0x0000000076160000 - 0x00000000761cb000 	C:\Program Files\MATLAB\R2012a\bin\win64\libmwspmatrix.dll
0x0000000075ea0000 - 0x0000000075f02000 	C:\Program Files\MATLAB\R2012a\bin\win64\libmwcholmod.dll
0x000000007a460000 - 0x000000007a46d000 	C:\Program Files\MATLAB\R2012a\bin\win64\libmwamd.dll
0x000000007a4b0000 - 0x000000007a4bc000 	C:\Program Files\MATLAB\R2012a\bin\win64\libmwcolamd.dll
0x0000000071150000 - 0x0000000071169000 	C:\Program Files\MATLAB\R2012a\bin\win64\libmwblas.dll
0x000000006d600000 - 0x000000006d612000 	C:\Program Files\MATLAB\R2012a\bin\win64\libmwbinder.dll
0x0000000073270000 - 0x000000007327b000 	C:\Program Files\MATLAB\R2012a\bin\win64\libmwompwrapper.dll
0x000000006d500000 - 0x000000006d586000 	C:\Program Files\MATLAB\R2012a\bin\win64\libmwlapack.dll
0x000000006d5d0000 - 0x000000006d5f1000 	C:\Program Files\MATLAB\R2012a\bin\win64\m_pcodeio.dll
0x0000000079b10000 - 0x0000000079b77000 	C:\Program Files\MATLAB\R2012a\bin\win64\m_ir.dll
0x000000006b7b0000 - 0x000000006be00000 	C:\Program Files\MATLAB\R2012a\bin\win64\m_parser.dll
0x000000006e1a0000 - 0x000000006e1ba000 	C:\Program Files\MATLAB\R2012a\bin\win64\ir_xfmr.dll
0x000000006c700000 - 0x000000006c979000 	C:\Program Files\MATLAB\R2012a\bin\win64\mcos.dll
0x00000000732e0000 - 0x00000000732ec000 	C:\Program Files\MATLAB\R2012a\bin\win64\mtok.dll
0x000000006d490000 - 0x000000006d4c1000 	C:\Program Files\MATLAB\R2012a\bin\win64\m_pcodegen.dll
0x0000000079fb0000 - 0x0000000079fe7000 	C:\Program Files\MATLAB\R2012a\bin\win64\libmwbridge.dll
0x000000006ccb0000 - 0x000000006cd78000 	C:\Program Files\MATLAB\R2012a\bin\win64\udd.dll
0x000000006b650000 - 0x000000006b7a2000 	C:\Program Files\MATLAB\R2012a\bin\win64\libmwgui.dll
0x000000006d5b0000 - 0x000000006d5c7000 	C:\Program Files\MATLAB\R2012a\bin\win64\graphics_util.dll
0x0000000060bb0000 - 0x0000000061553000 	C:\Program Files\MATLAB\R2012a\bin\win64\hg.dll
0x0000000004dc0000 - 0x0000000004e27000 	C:\Program Files\MATLAB\R2012a\bin\win64\libmat.dll
0x0000000072d30000 - 0x0000000072f44000 	C:\Program Files\MATLAB\R2012a\bin\win64\hdf5dll.dll
0x0000000075710000 - 0x00000000757c1000 	C:\Program Files\MATLAB\R2012a\bin\win64\jmi.dll
0x0000000004e60000 - 0x0000000004e6e000 	C:\Program Files\MATLAB\R2012a\bin\win64\nativejava_services.dll
0x000000006cc60000 - 0x000000006cca2000 	C:\Program Files\MATLAB\R2012a\bin\win64\libmwhardcopy.dll
0x000000006ceb0000 - 0x000000006cf0a000 	C:\Program Files\MATLAB\R2012a\bin\win64\libuij.dll
0x0000000066c10000 - 0x0000000066e1c000 	C:\Program Files\MATLAB\R2012a\bin\win64\hgdatatypes.dll
0x000000006c220000 - 0x000000006c31d000 	C:\Program Files\MATLAB\R2012a\bin\win64\hgutils.dll
0x000000006cba0000 - 0x000000006cc5d000 	C:\Program Files\MATLAB\R2012a\bin\win64\udd_mi.dll
0x0000000004ed0000 - 0x0000000004f0b000 	C:\Program Files\MATLAB\R2012a\bin\win64\libmwgbtutils.dll
0x0000000004f20000 - 0x0000000004f39000 	C:\Program Files\MATLAB\R2012a\bin\win64\libmwgbt.dll
0x0000000004f50000 - 0x000000000521a000 	C:\Program Files\MATLAB\R2012a\bin\win64\uiw.dll
0x0000000070190000 - 0x000000007019f000 	C:\Program Files\MATLAB\R2012a\bin\win64\uinone.dll
0x000007fef9d90000 - 0x000007fef9da8000 	C:\Windows\system32\MPR.dll
0x0000000061690000 - 0x0000000061b74000 	C:\Windows\WinSxS\amd64_microsoft.vc90.mfc_1fc8b3b9a1e18e3b_9.0.30729.6161_none_044aad0bab1eb146\mfc90.dll
0x000007fef75d0000 - 0x000007fef75d7000 	C:\Windows\system32\MSIMG32.dll
0x000007fef71d0000 - 0x000007fef7241000 	C:\Windows\system32\WINSPOOL.DRV
0x000000006d2b0000 - 0x000000006d2d0000 	C:\Program Files\MATLAB\R2012a\bin\win64\mwoles05.DLL
0x000000006b5d0000 - 0x000000006b64c000 	C:\Program Files\MATLAB\R2012a\bin\win64\comcli.dll
0x000000006d120000 - 0x000000006d14f000 	C:\Windows\WinSxS\amd64_microsoft.vc90.atl_1fc8b3b9a1e18e3b_9.0.30729.6161_none_0a1fd3a3a768b895\ATL90.DLL
0x0000000073250000 - 0x000000007325c000 	C:\Program Files\MATLAB\R2012a\bin\win64\mlautoregister.dll
0x0000000005270000 - 0x0000000005280000 	C:\Program Files\MATLAB\R2012a\bin\win64\boost_iostreams-vc90-mt-1_44.dll
0x000007fefcce0000 - 0x000007fefcd37000 	C:\Windows\system32\apphelp.dll
0x000007fefa710000 - 0x000007fefa761000 	C:\Windows\AppPatch\AppPatch64\AcGenral.DLL
0x000007fefccb0000 - 0x000007fefccd5000 	C:\Windows\system32\SspiCli.dll
0x0000000073930000 - 0x0000000073933000 	C:\Windows\system32\sfc.dll
0x000007fef8d40000 - 0x000007fef8d50000 	C:\Windows\system32\sfc_os.DLL
0x000007fefd0e0000 - 0x000007fefd0fe000 	C:\Windows\system32\USERENV.dll
0x000007fefcee0000 - 0x000007fefceef000 	C:\Windows\system32\profapi.dll
0x000007fefb0c0000 - 0x000007fefb0d8000 	C:\Windows\system32\dwmapi.dll
0x000007fefdb50000 - 0x000007fefdb7e000 	C:\Windows\system32\IMM32.DLL
0x000007fefe1c0000 - 0x000007fefe2c9000 	C:\Windows\system32\MSCTF.dll
0x000007fefb4a0000 - 0x000007fefb4f6000 	C:\Windows\system32\UxTheme.dll
0x000000006e900000 - 0x000000006e90d000 	C:\Windows\WinSxS\amd64_microsoft.vc90.mfcloc_1fc8b3b9a1e18e3b_9.0.30729.6161_none_01c9581e60cbee58\MFC90ENU.DLL
0x00000000058b0000 - 0x00000000058d9000 	C:\Program Files\MATLAB\R2012a\bin\win64\tbbmalloc.dll
0x000007fefaa10000 - 0x000007fefaa1f000 	C:\Program Files\MATLAB\R2012a\bin\win64\xmlxrcsc.dll
0x000007fefcd80000 - 0x000007fefcd8f000 	C:\Windows\system32\CRYPTBASE.dll
0x000007fefb910000 - 0x000007fefbb04000 	C:\Windows\WinSxS\amd64_microsoft.windows.common-controls_6595b64144ccf1df_6.0.7601.17514_none_fa396087175ac9ac\comctl32.dll
0x000007fefe440000 - 0x000007fefe617000 	C:\Windows\system32\SETUPAPI.dll
0x000007fefd260000 - 0x000007fefd296000 	C:\Windows\system32\CFGMGR32.dll
0x000007fefd080000 - 0x000007fefd09a000 	C:\Windows\system32\DEVOBJ.dll
0x000007fefde70000 - 0x000007fefdf09000 	C:\Windows\system32\CLBCatQ.DLL

VM Arguments:
jvm_args: -Xss512k -XX:PermSize=32m -Xms64m -XX:NewRatio=3 -XX:MaxPermSize=128m -Xmx196m -XX:MaxDirectMemorySize=2147400000 -Dsun.java2d.noddraw=true -Dsun.awt.nopixfmt=true -Xshare:off -Xrs -Dsun.awt.disableMixing=true -Xmx2048m -Djava.library.path=C:\Program Files\MATLAB\R2012a\bin\win64;C:\Micro-Manager-1.4.17\ vfprintf abort 
java_command: <unknown>
Launcher Type: generic

Environment Variables:
PATH=C:\Windows\system32;C:\Windows;C:\Windows\System32\Wbem;C:\Windows\System32\WindowsPowerShell\v1.0\;C:\Program Files\MATLAB\R2013b\bin;C:\Program Files (x86)\MATLAB-32\R2012a\bin;C:\Program Files\MATLAB\R2012a\bin;C:\Program Files\MATLAB\R2010b\bin;C:\Micro-Manager-1.4.17;C:\Program Files (x86)\Ocean Optics\Overture\OOI_HOME;C:\Program Files\Microsoft Windows Performance Toolkit\;C:\Program Files\IVI Foundation\VISA\Win64\Bin\;C:\Program Files (x86)\IVI Foundation\VISA\WinNT\Bin\;C:\Program Files (x86)\IVI Foundation\VISA\WinNT\Bin
USERNAME=keck
OS=Windows_NT
PROCESSOR_IDENTIFIER=Intel64 Family 6 Model 42 Stepping 7, GenuineIntel



---------------  S Y S T E M  ---------------

OS: Windows 7 Build 7601 Service Pack 1

CPU:total 4 (8 cores per cpu, 2 threads per core) family 6 model 42 stepping 7, cmov, cx8, fxsr, mmx, sse, sse2, sse3, ssse3, sse4.1, sse4.2, ht

Memory: 4k page, physical 16682868k(10311328k free), swap 17500204k(11548400k free)

vm_info: Java HotSpot(TM) 64-Bit Server VM (14.3-b01) for windows-amd64 JRE (1.6.0_17-b04), built on Oct 11 2009 00:46:08 by "java_re" with MS VC++ 8.0

time: Thu Sep 11 14:51:58 2014
elapsed time: 88572 seconds

