#
# A fatal error has been detected by the Java Runtime Environment:
#
#  EXCEPTION_ACCESS_VIOLATION (0xc0000005) at pc=0x000007feea05ae06, pid=7724, tid=6864
#
# JRE version: 6.0_17-b04
# Java VM: Java HotSpot(TM) 64-Bit Server VM (14.3-b01 mixed mode windows-amd64 )
# Problematic frame:
# C  0x000007feea05ae06
#
# If you would like to submit a bug report, please visit:
#   http://java.sun.com/webapps/bugreport/crash.jsp
# The crash happened outside the Java Virtual Machine in native code.
# See problematic frame for where to report the bug.
#

---------------  T H R E A D  ---------------

Current thread (0x0000000065680000):  JavaThread "Live mode timer" [_thread_in_native, id=6864, stack(0x00000000264b0000,0x0000000026530000)]

siginfo: ExceptionCode=0xc0000005, reading address 0x0000000000000091

Registers:
EAX=0x0000000000000000, EBX=0x0000000000000000, ECX=0x0000000000000000, EDX=0xfffffffe8e99ec48
ESP=0x000000002652ea50, EBP=0x000000000000000c, ESI=0x000000002652ead0, EDI=0x0000000000000000
EIP=0x000007feea05ae06, EFLAGS=0x0000000000010293

Top of Stack: (sp=0x000000002652ea50)
0x000000002652ea50:   0000000065680000 000007feea03ff10
0x000000002652ea60:   000000000000001f 000000001ce60080
0x000000002652ea70:   000000001cfc7fd0 000000006bbc1ae0
0x000000002652ea80:   000000001cfc7fd0 000007feea0990f4
0x000000002652ea90:   000000002652eec0 000000006bbc1aed
0x000000002652eaa0:   000000002652ef68 0000000000000001
0x000000002652eab0:   0000000000000000 0000000000000001
0x000000002652eac0:   000000006bbc1ae0 fffffffffffffffe
0x000000002652ead0:   476c656e6e616843 0000000070756f72
0x000000002652eae0:   000000000000000c 000000000000000f
0x000000002652eaf0:   0000000000000006 000000002652eeb8
0x000000002652eb00:   618d129f04e803b4 000000001ce84590
0x000000002652eb10:   0000000000000020 0000000000000020
0x000000002652eb20:   000000002698be10 000007feea03fdd4
0x000000002652eb30:   0000000000000006 0000000000000020
0x000000002652eb40:   618d129e04e803b4 000007feea058353 

Instructions: (pc=0x000007feea05ae06)
0x000007feea05adf6:   85 c9 78 08 4c 8b e3 48 8b 1b eb 04 48 8b 5b 10
0x000007feea05ae06:   80 bb 91 00 00 00 00 74 a1 4c 8b 6c 24 50 48 8b 


Stack: [0x00000000264b0000,0x0000000026530000],  sp=0x000000002652ea50,  free space=506k
Native frames: (J=compiled Java code, j=interpreted, Vv=VM code, C=native code)
C  0x000007feea05ae06

Java frames: (J=compiled Java code, j=interpreted, Vv=VM code)
J  mmcorej.MMCoreJJNI.CMMCore_getPropertyFromCache(JLmmcorej/CMMCore;Ljava/lang/String;Ljava/lang/String;)Ljava/lang/String;
J  mmcorej.CMMCore.getPropertyFromCache(Ljava/lang/String;Ljava/lang/String;)Ljava/lang/String;
J  mmcorej.CMMCore.createTaggedImage(Ljava/lang/Object;Lmmcorej/Metadata;)Lmmcorej/TaggedImage;
J  org.micromanager.acquisition.LiveModeTimer$3.run()V
J  java.util.TimerThread.mainLoop()V
j  java.util.TimerThread.run()V+1
v  ~StubRoutines::call_stub

---------------  P R O C E S S  ---------------

Java Threads: ( => current thread )
  0x0000000065682800 JavaThread "Display thread" [_thread_blocked, id=5296, stack(0x00000000276c0000,0x0000000027740000)]
=>0x0000000065680000 JavaThread "Live mode timer" [_thread_in_native, id=6864, stack(0x00000000264b0000,0x0000000026530000)]
  0x0000000065680800 JavaThread "Active Reference Queue Daemon" daemon [_thread_blocked, id=7620, stack(0x00000000224e0000,0x0000000022560000)]
  0x0000000065679800 JavaThread "Timer-159" daemon [_thread_blocked, id=8808, stack(0x0000000022560000,0x00000000225e0000)]
  0x000000006567d800 JavaThread "Prefs Updater" daemon [_thread_blocked, id=6956, stack(0x00000000222f0000,0x0000000022370000)]
  0x000000006567b800 JavaThread "Foxtrot Single Worker Thread #1" daemon [_thread_blocked, id=8080, stack(0x00000000221e0000,0x0000000022260000)]
  0x000000006567d000 JavaThread "zSelector" [_thread_blocked, id=7188, stack(0x0000000031580000,0x0000000031600000)]
  0x000000006567a800 JavaThread "Timer-103" [_thread_blocked, id=1204, stack(0x00000000305d0000,0x0000000030650000)]
  0x0000000065678000 JavaThread "Beanshell interpreter" [_thread_blocked, id=8144, stack(0x000000001d010000,0x000000001d090000)]
  0x0000000065682000 JavaThread "Thread-126" [_thread_blocked, id=8232, stack(0x000000002db60000,0x000000002dbe0000)]
  0x000000006567f000 JavaThread "Thread-121" [_thread_blocked, id=4436, stack(0x0000000016a20000,0x0000000016aa0000)]
  0x000000006567e800 JavaThread "Timer-7" daemon [_thread_blocked, id=1916, stack(0x00000000293d0000,0x0000000029450000)]
  0x000000006567c000 JavaThread "Explorer NavigationContext request queue" [_thread_blocked, id=6448, stack(0x0000000025330000,0x00000000253b0000)]
  0x000000006567a000 JavaThread "AddressBar directory emptiness poller" [_thread_blocked, id=6392, stack(0x000000001d0b0000,0x000000001d130000)]
  0x0000000065678800 JavaThread "Timer-1" [_thread_blocked, id=6292, stack(0x000000000fdc0000,0x000000000fe40000)]
  0x0000000065677000 JavaThread "TimerQueue" daemon [_thread_blocked, id=7872, stack(0x000000000fe50000,0x000000000fed0000)]
  0x0000000065676800 JavaThread "FelixPackageAdmin" daemon [_thread_blocked, id=6252, stack(0x000000000fa90000,0x000000000fb10000)]
  0x0000000065673800 JavaThread "FelixStartLevel" daemon [_thread_blocked, id=6052, stack(0x000000000fce0000,0x000000000fd60000)]
  0x0000000065326000 JavaThread "FelixDispatchQueue" daemon [_thread_blocked, id=4804, stack(0x000000000fc10000,0x000000000fc90000)]
  0x0000000065779000 JavaThread "AWT-EventQueue-0" [_thread_blocked, id=6156, stack(0x000000000fa00000,0x000000000fa80000)]
  0x0000000065293800 JavaThread "com.google.common.base.internal.Finalizer" daemon [_thread_blocked, id=7076, stack(0x000000000f690000,0x000000000f710000)]
  0x00000000652ab800 JavaThread "AWT-Windows" daemon [_thread_in_native, id=7536, stack(0x000000000f970000,0x000000000f9f0000)]
  0x00000000652ab000 JavaThread "AWT-Shutdown" [_thread_blocked, id=2292, stack(0x000000000f840000,0x000000000f8c0000)]
  0x00000000652aa000 JavaThread "Java2D Disposer" daemon [_thread_blocked, id=3216, stack(0x000000000f750000,0x000000000f7d0000)]
  0x000000000f501800 JavaThread "Timer-0" [_thread_blocked, id=7980, stack(0x0000000008c70000,0x0000000008cf0000)]
  0x000000000f0a9000 JavaThread "EventMgr Dispatcher" daemon [_thread_in_native, id=8440, stack(0x000000001d140000,0x0000000021140000)]
  0x000000000dac4000 JavaThread "Low Memory Detector" daemon [_thread_blocked, id=4664, stack(0x000000000deb0000,0x000000000df30000)]
  0x000000000dac0800 JavaThread "CompilerThread1" daemon [_thread_blocked, id=7656, stack(0x000000005d040000,0x0000000061040000)]
  0x000000000dab5800 JavaThread "CompilerThread0" daemon [_thread_blocked, id=3780, stack(0x0000000058f80000,0x000000005cf80000)]
  0x000000000dab4000 JavaThread "Attach Listener" daemon [_thread_blocked, id=7876, stack(0x000000000dde0000,0x000000000de60000)]
  0x000000000da56800 JavaThread "Finalizer" daemon [_thread_blocked, id=9180, stack(0x000000000dd30000,0x000000000ddb0000)]
  0x000000000da55800 JavaThread "Reference Handler" daemon [_thread_blocked, id=8836, stack(0x000000000dc40000,0x000000000dcc0000)]
  0x00000000057c5800 JavaThread "main" [_thread_in_native, id=4136, stack(0x0000000000160000,0x0000000004160000)]

Other Threads:
  0x000000000da52800 VMThread [stack: 0x0000000054e50000,0x0000000058e50000] [id=8136]
  0x000000000daef800 WatcherThread [stack: 0x0000000061110000,0x0000000065110000] [id=1996]

VM state:not at safepoint (normal execution)

VM Mutex/Monitor currently owned by a thread: None

Heap
 PSYoungGen      total 70080K, used 26412K [0x00000000e8000000, 0x00000000ee2a0000, 0x0000000108000000)
  eden space 68352K, 36% used [0x00000000e8000000,0x00000000e9820598,0x00000000ec2c0000)
  from space 1728K, 98% used [0x00000000edeb0000,0x00000000ee05acf8,0x00000000ee060000)
  to   space 2304K, 0% used [0x00000000ee060000,0x00000000ee060000,0x00000000ee2a0000)
 PSOldGen        total 119680K, used 93475K [0x0000000088000000, 0x000000008f4e0000, 0x00000000e8000000)
  object space 119680K, 78% used [0x0000000088000000,0x000000008db48d60,0x000000008f4e0000)
 PSPermGen       total 80128K, used 80030K [0x0000000080000000, 0x0000000084e40000, 0x0000000088000000)
  object space 80128K, 99% used [0x0000000080000000,0x0000000084e27920,0x0000000084e40000)

Dynamic libraries:
0x000000013fbf0000 - 0x000000013fc22000 	C:\Program Files\MATLAB\R2012a\bin\win64\MATLAB.exe
0x00000000770c0000 - 0x0000000077269000 	C:\Windows\SYSTEM32\ntdll.dll
0x0000000076ea0000 - 0x0000000076fbf000 	C:\Windows\system32\kernel32.dll
0x000007fefd110000 - 0x000007fefd17c000 	C:\Windows\system32\KERNELBASE.dll
0x0000000074bf0000 - 0x0000000074c78000 	C:\Windows\System32\SYSFER.DLL
0x0000000074460000 - 0x0000000074554000 	C:\Program Files\MATLAB\R2012a\bin\win64\libut.dll
0x00000000758a0000 - 0x0000000075952000 	C:\Program Files\MATLAB\R2012a\bin\win64\libmwi18n.dll
0x0000000180000000 - 0x000000018000b000 	C:\Program Files\MATLAB\R2012a\bin\win64\libmwresource_core.dll
0x0000000073fe0000 - 0x00000000740b3000 	C:\Windows\WinSxS\amd64_microsoft.vc90.crt_1fc8b3b9a1e18e3b_9.0.30729.6161_none_08e61857a83bc251\MSVCP90.dll
0x0000000073f30000 - 0x0000000073fd3000 	C:\Windows\WinSxS\amd64_microsoft.vc90.crt_1fc8b3b9a1e18e3b_9.0.30729.6161_none_08e61857a83bc251\MSVCR90.dll
0x000000007a170000 - 0x000000007a19c000 	C:\Program Files\MATLAB\R2012a\bin\win64\boost_filesystem-vc90-mt-1_44.dll
0x000000007a560000 - 0x000000007a569000 	C:\Program Files\MATLAB\R2012a\bin\win64\boost_system-vc90-mt-1_44.dll
0x000007fefd4d0000 - 0x000007fefd5ab000 	C:\Windows\system32\ADVAPI32.dll
0x000007fefdba0000 - 0x000007fefdc3f000 	C:\Windows\system32\msvcrt.dll
0x000007fefd300000 - 0x000007fefd31f000 	C:\Windows\SYSTEM32\sechost.dll
0x000007fefda70000 - 0x000007fefdb9d000 	C:\Windows\system32\RPCRT4.dll
0x000000007a010000 - 0x000000007a035000 	C:\Program Files\MATLAB\R2012a\bin\win64\LIBEXPAT.dll
0x000000006f9d0000 - 0x000000006fbc1000 	C:\Program Files\MATLAB\R2012a\bin\win64\icuin44.dll
0x000000006f7f0000 - 0x000000006f961000 	C:\Program Files\MATLAB\R2012a\bin\win64\icuuc44.dll
0x0000000010000000 - 0x0000000010e41000 	C:\Program Files\MATLAB\R2012a\bin\win64\icudt44.dll
0x0000000004360000 - 0x000000000449d000 	C:\Program Files\MATLAB\R2012a\bin\win64\libmwfl.dll
0x00000000044a0000 - 0x0000000004796000 	C:\Program Files\MATLAB\R2012a\bin\win64\libmwMATLAB_res.dll
0x000000007a3b0000 - 0x000000007a3c0000 	C:\Program Files\MATLAB\R2012a\bin\win64\boost_date_time-vc90-mt-1_44.dll
0x000000007a250000 - 0x000000007a263000 	C:\Program Files\MATLAB\R2012a\bin\win64\boost_signals-vc90-mt-1_44.dll
0x000000007a2d0000 - 0x000000007a2e2000 	C:\Program Files\MATLAB\R2012a\bin\win64\boost_thread-vc90-mt-1_44.dll
0x00000000041b0000 - 0x00000000041f6000 	C:\Program Files\MATLAB\R2012a\bin\win64\tbb.dll
0x000007fefe530000 - 0x000007fefe549000 	C:\Windows\system32\imagehlp.dll
0x0000000077280000 - 0x0000000077287000 	C:\Windows\system32\PSAPI.DLL
0x00000000732c0000 - 0x00000000732d3000 	C:\Program Files\MATLAB\R2012a\bin\win64\icuio44.dll
0x000007fefa850000 - 0x000007fefa975000 	C:\Windows\system32\dbghelp.dll
0x0000000076fc0000 - 0x00000000770ba000 	C:\Windows\system32\USER32.dll
0x000007fefd290000 - 0x000007fefd2f7000 	C:\Windows\system32\GDI32.dll
0x000007fefe620000 - 0x000007fefe62e000 	C:\Windows\system32\LPK.dll
0x000007fefdee0000 - 0x000007fefdfa9000 	C:\Windows\system32\USP10.dll
0x000000007bed0000 - 0x000000007c183000 	C:\Program Files\MATLAB\R2012a\bin\win64\libmwservices.dll
0x0000000075a20000 - 0x0000000075ae2000 	C:\Program Files\MATLAB\R2012a\bin\win64\libmx.dll
0x000000007a210000 - 0x000000007a228000 	C:\Program Files\MATLAB\R2012a\bin\win64\zlib1.dll
0x00000000047a0000 - 0x00000000047c1000 	C:\Program Files\MATLAB\R2012a\bin\win64\libmwmfl_scalar.dll
0x0000000075f10000 - 0x0000000075f5d000 	C:\Program Files\MATLAB\R2012a\bin\win64\mpath.dll
0x000000007b680000 - 0x000000007bbe1000 	C:\Program Files\MATLAB\R2012a\bin\win64\mlutil.dll
0x0000000073240000 - 0x00000000732bf000 	C:\Program Files\MATLAB\R2012a\bin\win64\xmlcore.dll
0x000000007bc30000 - 0x000000007be83000 	C:\Program Files\MATLAB\R2012a\bin\win64\xerces-c_2_7.dll
0x000007fefe5d0000 - 0x000007fefe61d000 	C:\Windows\system32\WS2_32.dll
0x000007fefe630000 - 0x000007fefe638000 	C:\Windows\system32\NSI.dll
0x0000000004810000 - 0x000000000482a000 	C:\Program Files\MATLAB\R2012a\bin\win64\libmwMATLAB_settings_res.dll
0x0000000004840000 - 0x0000000004887000 	C:\Program Files\MATLAB\R2012a\bin\win64\boost_serialization-vc90-mt-1_44.dll
0x000007fefe640000 - 0x000007feff3c8000 	C:\Windows\system32\SHELL32.dll
0x000007fefe3a0000 - 0x000007fefe411000 	C:\Windows\system32\SHLWAPI.dll
0x000007fef6350000 - 0x000007fef63f0000 	C:\Windows\WinSxS\amd64_microsoft.windows.common-controls_6595b64144ccf1df_5.82.7601.18201_none_a4d3b9377117c3df\COMCTL32.dll
0x000007fefd430000 - 0x000007fefd4c7000 	C:\Windows\system32\COMDLG32.dll
0x000007fefa180000 - 0x000007fefa196000 	C:\Windows\system32\NETAPI32.dll
0x000007fefa170000 - 0x000007fefa17c000 	C:\Windows\system32\netutils.dll
0x000007fefc920000 - 0x000007fefc943000 	C:\Windows\system32\srvcli.dll
0x000007fefa150000 - 0x000007fefa165000 	C:\Windows\system32\wkscli.dll
0x000007fefd860000 - 0x000007fefda63000 	C:\Windows\system32\ole32.dll
0x000007fefd320000 - 0x000007fefd3f7000 	C:\Windows\system32\OLEAUT32.dll
0x0000000074970000 - 0x0000000074b06000 	C:\Program Files\MATLAB\R2012a\bin\win64\mcr.dll
0x0000000075000000 - 0x000000007536b000 	C:\Program Files\MATLAB\R2012a\bin\win64\iqm.dll
0x00000000699e0000 - 0x000000006a201000 	C:\Program Files\MATLAB\R2012a\bin\win64\m_interpreter.dll
0x000000006f7c0000 - 0x000000006f7e5000 	C:\Program Files\MATLAB\R2012a\bin\win64\libmex.dll
0x000000006f700000 - 0x000000006f7b3000 	C:\Program Files\MATLAB\R2012a\bin\win64\m_dispatcher.dll
0x0000000074880000 - 0x000000007496d000 	C:\Program Files\MATLAB\R2012a\bin\win64\boost_regex-vc90-mt-1_44.dll
0x000000006f500000 - 0x000000006f584000 	C:\Program Files\MATLAB\R2012a\bin\win64\profiler.dll
0x0000000004910000 - 0x0000000004b65000 	C:\Program Files\MATLAB\R2012a\bin\win64\libmwmathutil.dll
0x0000000079f40000 - 0x0000000079f6d000 	C:\Program Files\MATLAB\R2012a\bin\win64\libmwmathrng.dll
0x0000000004b90000 - 0x0000000004c6d000 	C:\Program Files\MATLAB\R2012a\bin\win64\libmwmathcore.dll
0x0000000076160000 - 0x00000000761cb000 	C:\Program Files\MATLAB\R2012a\bin\win64\libmwspmatrix.dll
0x0000000075ea0000 - 0x0000000075f02000 	C:\Program Files\MATLAB\R2012a\bin\win64\libmwcholmod.dll
0x000000007a460000 - 0x000000007a46d000 	C:\Program Files\MATLAB\R2012a\bin\win64\libmwamd.dll
0x000000007a4b0000 - 0x000000007a4bc000 	C:\Program Files\MATLAB\R2012a\bin\win64\libmwcolamd.dll
0x000000006f9b0000 - 0x000000006f9c9000 	C:\Program Files\MATLAB\R2012a\bin\win64\libmwblas.dll
0x000000006f6e0000 - 0x000000006f6f2000 	C:\Program Files\MATLAB\R2012a\bin\win64\libmwbinder.dll
0x0000000073230000 - 0x000000007323b000 	C:\Program Files\MATLAB\R2012a\bin\win64\libmwompwrapper.dll
0x000000006f470000 - 0x000000006f4f6000 	C:\Program Files\MATLAB\R2012a\bin\win64\libmwlapack.dll
0x000000006f440000 - 0x000000006f461000 	C:\Program Files\MATLAB\R2012a\bin\win64\m_pcodeio.dll
0x0000000079b10000 - 0x0000000079b77000 	C:\Program Files\MATLAB\R2012a\bin\win64\m_ir.dll
0x0000000067850000 - 0x0000000067ea0000 	C:\Program Files\MATLAB\R2012a\bin\win64\m_parser.dll
0x000000006f5c0000 - 0x000000006f5da000 	C:\Program Files\MATLAB\R2012a\bin\win64\ir_xfmr.dll
0x000000006c8c0000 - 0x000000006cb39000 	C:\Program Files\MATLAB\R2012a\bin\win64\mcos.dll
0x0000000071f40000 - 0x0000000071f4c000 	C:\Program Files\MATLAB\R2012a\bin\win64\mtok.dll
0x000000006f400000 - 0x000000006f431000 	C:\Program Files\MATLAB\R2012a\bin\win64\m_pcodegen.dll
0x0000000079fb0000 - 0x0000000079fe7000 	C:\Program Files\MATLAB\R2012a\bin\win64\libmwbridge.dll
0x000000006f080000 - 0x000000006f148000 	C:\Program Files\MATLAB\R2012a\bin\win64\udd.dll
0x0000000069880000 - 0x00000000699d2000 	C:\Program Files\MATLAB\R2012a\bin\win64\libmwgui.dll
0x000000006f3e0000 - 0x000000006f3f7000 	C:\Program Files\MATLAB\R2012a\bin\win64\graphics_util.dll
0x0000000066ea0000 - 0x0000000067843000 	C:\Program Files\MATLAB\R2012a\bin\win64\hg.dll
0x0000000004dc0000 - 0x0000000004e27000 	C:\Program Files\MATLAB\R2012a\bin\win64\libmat.dll
0x0000000072d30000 - 0x0000000072f44000 	C:\Program Files\MATLAB\R2012a\bin\win64\hdf5dll.dll
0x0000000075710000 - 0x00000000757c1000 	C:\Program Files\MATLAB\R2012a\bin\win64\jmi.dll
0x0000000004e60000 - 0x0000000004e6e000 	C:\Program Files\MATLAB\R2012a\bin\win64\nativejava_services.dll
0x000000006c870000 - 0x000000006c8b2000 	C:\Program Files\MATLAB\R2012a\bin\win64\libmwhardcopy.dll
0x000000006c810000 - 0x000000006c86a000 	C:\Program Files\MATLAB\R2012a\bin\win64\libuij.dll
0x0000000069670000 - 0x000000006987c000 	C:\Program Files\MATLAB\R2012a\bin\win64\hgdatatypes.dll
0x0000000066da0000 - 0x0000000066e9d000 	C:\Program Files\MATLAB\R2012a\bin\win64\hgutils.dll
0x0000000066ce0000 - 0x0000000066d9d000 	C:\Program Files\MATLAB\R2012a\bin\win64\udd_mi.dll
0x0000000004ed0000 - 0x0000000004f0b000 	C:\Program Files\MATLAB\R2012a\bin\win64\libmwgbtutils.dll
0x0000000004f20000 - 0x0000000004f39000 	C:\Program Files\MATLAB\R2012a\bin\win64\libmwgbt.dll
0x0000000004f50000 - 0x000000000521a000 	C:\Program Files\MATLAB\R2012a\bin\win64\uiw.dll
0x0000000071a60000 - 0x0000000071a6f000 	C:\Program Files\MATLAB\R2012a\bin\win64\uinone.dll
0x000007fef9d80000 - 0x000007fef9d98000 	C:\Windows\system32\MPR.dll
0x00000000667f0000 - 0x0000000066cd4000 	C:\Windows\WinSxS\amd64_microsoft.vc90.mfc_1fc8b3b9a1e18e3b_9.0.30729.6161_none_044aad0bab1eb146\mfc90.dll
0x000007fef71e0000 - 0x000007fef71e7000 	C:\Windows\system32\MSIMG32.dll
0x000007fef6fd0000 - 0x000007fef7041000 	C:\Windows\system32\WINSPOOL.DRV
0x000000006f3c0000 - 0x000000006f3e0000 	C:\Program Files\MATLAB\R2012a\bin\win64\mwoles05.DLL
0x0000000066770000 - 0x00000000667ec000 	C:\Program Files\MATLAB\R2012a\bin\win64\comcli.dll
0x0000000069640000 - 0x000000006966f000 	C:\Windows\WinSxS\amd64_microsoft.vc90.atl_1fc8b3b9a1e18e3b_9.0.30729.6161_none_0a1fd3a3a768b895\ATL90.DLL
0x0000000070040000 - 0x000000007004c000 	C:\Program Files\MATLAB\R2012a\bin\win64\mlautoregister.dll
0x0000000005270000 - 0x0000000005280000 	C:\Program Files\MATLAB\R2012a\bin\win64\boost_iostreams-vc90-mt-1_44.dll
0x000007fefcd10000 - 0x000007fefcd67000 	C:\Windows\system32\apphelp.dll
0x000007fefa430000 - 0x000007fefa481000 	C:\Windows\AppPatch\AppPatch64\AcGenral.DLL
0x000007fefccd0000 - 0x000007fefccf5000 	C:\Windows\system32\SspiCli.dll
0x0000000073910000 - 0x0000000073913000 	C:\Windows\system32\sfc.dll
0x000007fef8c80000 - 0x000007fef8c90000 	C:\Windows\system32\sfc_os.DLL
0x000007fefd0f0000 - 0x000007fefd10e000 	C:\Windows\system32\USERENV.dll
0x000007fefced0000 - 0x000007fefcedf000 	C:\Windows\system32\profapi.dll
0x000007fefb3c0000 - 0x000007fefb3d8000 	C:\Windows\system32\dwmapi.dll
0x000007fefd400000 - 0x000007fefd42e000 	C:\Windows\system32\IMM32.DLL
0x000007fefe420000 - 0x000007fefe529000 	C:\Windows\system32\MSCTF.dll
0x000007fefb470000 - 0x000007fefb4c6000 	C:\Windows\system32\UxTheme.dll
0x000000006f3b0000 - 0x000000006f3bd000 	C:\Windows\WinSxS\amd64_microsoft.vc90.mfcloc_1fc8b3b9a1e18e3b_9.0.30729.6161_none_01c9581e60cbee58\MFC90ENU.DLL
0x0000000005710000 - 0x0000000005739000 	C:\Program Files\MATLAB\R2012a\bin\win64\tbbmalloc.dll
0x000007fefb7d0000 - 0x000007fefb7df000 	C:\Program Files\MATLAB\R2012a\bin\win64\xmlxrcsc.dll
0x000007fefcd70000 - 0x000007fefcd7f000 	C:\Windows\system32\CRYPTBASE.dll
0x000007fefbfc0000 - 0x000007fefbfcc000 	C:\Windows\system32\VERSION.dll
0x000007fefb900000 - 0x000007fefbaf4000 	C:\Windows\WinSxS\amd64_microsoft.windows.common-controls_6595b64144ccf1df_6.0.7601.17514_none_fa396087175ac9ac\comctl32.dll
0x000007fefe120000 - 0x000007fefe2f7000 	C:\Windows\system32\SETUPAPI.dll
0x000007fefcf20000 - 0x000007fefcf56000 	C:\Windows\system32\CFGMGR32.dll
0x000007fefd190000 - 0x000007fefd1aa000 	C:\Windows\system32\DEVOBJ.dll

VM Arguments:
jvm_args: -Xss512k -XX:PermSize=32m -Xms64m -XX:NewRatio=3 -XX:MaxPermSize=128m -Xmx196m -XX:MaxDirectMemorySize=2147400000 -Dsun.java2d.noddraw=true -Dsun.awt.nopixfmt=true -Xshare:off -Xrs -Dsun.awt.disableMixing=true -Xmx2048m -Djava.library.path=C:\Program Files\MATLAB\R2012a\bin\win64;C:\Micro-Manager-1.4.17\ vfprintf abort 
java_command: <unknown>
Launcher Type: generic

Environment Variables:
PATH=C:\Windows\system32;C:\Windows;C:\Windows\System32\Wbem;C:\Windows\System32\WindowsPowerShell\v1.0\;C:\Program Files\MATLAB\R2013b\bin;C:\Program Files (x86)\MATLAB-32\R2012a\bin;C:\Program Files\MATLAB\R2012a\bin;C:\Program Files\MATLAB\R2010b\bin;C:\Micro-Manager-1.4.17;C:\Program Files (x86)\Ocean Optics\Overture\OOI_HOME;C:\Program Files\Microsoft Windows Performance Toolkit\;C:\Program Files\IVI Foundation\VISA\Win64\Bin\;C:\Program Files (x86)\IVI Foundation\VISA\WinNT\Bin\;C:\Program Files (x86)\IVI Foundation\VISA\WinNT\Bin
USERNAME=keck
OS=Windows_NT
PROCESSOR_IDENTIFIER=Intel64 Family 6 Model 42 Stepping 7, GenuineIntel



---------------  S Y S T E M  ---------------

OS: Windows 7 Build 7601 Service Pack 1

CPU:total 4 (8 cores per cpu, 2 threads per core) family 6 model 42 stepping 7, cmov, cx8, fxsr, mmx, sse, sse2, sse3, ssse3, sse4.1, sse4.2, ht

Memory: 4k page, physical 16682868k(9518388k free), swap 17500204k(11026640k free)

vm_info: Java HotSpot(TM) 64-Bit Server VM (14.3-b01) for windows-amd64 JRE (1.6.0_17-b04), built on Oct 11 2009 00:46:08 by "java_re" with MS VC++ 8.0

time: Mon Nov 24 15:01:14 2014
elapsed time: 227821 seconds

