#
# A fatal error has been detected by the Java Runtime Environment:
#
#  EXCEPTION_ACCESS_VIOLATION (0xc0000005) at pc=0x00000000681fc0da, pid=5392, tid=5488
#
# JRE version: 6.0_17-b04
# Java VM: Java HotSpot(TM) 64-Bit Server VM (14.3-b01 mixed mode windows-amd64 )
# Problematic frame:
# C  0x00000000681fc0da
#
# If you would like to submit a bug report, please visit:
#   http://java.sun.com/webapps/bugreport/crash.jsp
# The crash happened outside the Java Virtual Machine in native code.
# See problematic frame for where to report the bug.
#

---------------  T H R E A D  ---------------

Current thread (0x000000006535a800):  JavaThread "AWT-EventQueue-0" [_thread_in_native, id=5488, stack(0x000000000fae0000,0x000000000fb60000)]

siginfo: ExceptionCode=0xc0000005, reading address 0x00000000000002d8

Registers:
EAX=0x0000000000000000, EBX=0x0000000083cc3680, ECX=0x0000000000000000, EDX=0x000000006589a4a0
ESP=0x000000000fb5e038, EBP=0x000000000fb5e160, ESI=0x0000000080010ed8, EDI=0x0000000041a9589a
EIP=0x00000000681fc0da, EFLAGS=0x0000000000010202

Top of Stack: (sp=0x000000000fb5e038)
0x000000000fb5e038:   00000000681dcb66 0000000000000000
0x000000000fb5e048:   00000000681c2610 0000000083cc3680
0x000000000fb5e058:   000000000fb5e160 0000000080010ed8
0x000000000fb5e068:   0000000041a9589a 00000000e8df0470
0x000000000fb5e078:   00000000681abe19 0000000000000000
0x000000000fb5e088:   000000006589a4a0 0000000000000001
0x000000000fb5e098:   00000000e8df02e8 0000000000000001
0x000000000fb5e0a8:   000000006589a4a0 0000000000000000
0x000000000fb5e0b8:   0000000041c09801 0000000084ef90c0
0x000000000fb5e0c8:   0000000041aa1588 000000006535a9b8
0x000000000fb5e0d8:   000000000fb5e170 0000000000000000
0x000000000fb5e0e8:   000000000fb5e190 000000000fb5e188
0x000000000fb5e0f8:   0000000000000001 00000000e8df0638
0x000000000fb5e108:   0000000041ee9038 00000000e8df0490
0x000000000fb5e118:   0000000041c37cb4 000000000fb5e120
0x000000000fb5e128:   0000000000000000 000000000fb5e1a0 

Instructions: (pc=0x00000000681fc0da)
0x00000000681fc0ca:   cc cc cc cc cc cc 48 89 4c 24 08 48 8b 44 24 08
0x00000000681fc0da:   48 8b 80 d8 02 00 00 c3 cc cc cc cc cc cc cc cc 


Stack: [0x000000000fae0000,0x000000000fb60000],  sp=0x000000000fb5e038,  free space=504k
Native frames: (J=compiled Java code, j=interpreted, Vv=VM code, C=native code)
C  0x00000000681fc0da
j  mmcorej.CMMCore.logMessage(Ljava/lang/String;Z)V+7
j  sun.reflect.GeneratedMethodAccessor60.invoke(Ljava/lang/Object;[Ljava/lang/Object;)Ljava/lang/Object;+71

Java frames: (J=compiled Java code, j=interpreted, Vv=VM code)
j  mmcorej.MMCoreJJNI.CMMCore_logMessage__SWIG_1(JLmmcorej/CMMCore;Ljava/lang/String;Z)V+0
j  mmcorej.CMMCore.logMessage(Ljava/lang/String;Z)V+7
j  sun.reflect.GeneratedMethodAccessor60.invoke(Ljava/lang/Object;[Ljava/lang/Object;)Ljava/lang/Object;+71
J  java.lang.reflect.Method.invoke(Ljava/lang/Object;[Ljava/lang/Object;)Ljava/lang/Object;
J  clojure.lang.Reflector.invokeMatchingMethod(Ljava/lang/String;Ljava/util/List;Ljava/lang/Object;[Ljava/lang/Object;)Ljava/lang/Object;
J  clojure.lang.Reflector.invokeInstanceMethod(Ljava/lang/Object;Ljava/lang/String;[Ljava/lang/Object;)Ljava/lang/Object;
j  org.micromanager.mm$send_to_log.invoke(Ljava/lang/Object;)Ljava/lang/Object;+24
j  org.micromanager.mm$log.doInvoke(Ljava/lang/Object;)Ljava/lang/Object;+85
J  clojure.lang.RestFn.invoke(Ljava/lang/Object;)Ljava/lang/Object;
j  org.micromanager.acq_engine$_stop.invoke(Ljava/lang/Object;)Ljava/lang/Object;+11
j  org.micromanager.AcquisitionEngine2010.stop()V+26
j  org.micromanager.MMStudioMainFrame.stopAllActivity()V+11
j  org.micromanager.MMStudioMainFrame.closeSequence(Z)V+68
j  org.micromanager.MMStudioMainFrame$19.actionPerformed(Ljava/awt/event/ActionEvent;)V+5
j  javax.swing.AbstractButton.fireActionPerformed(Ljava/awt/event/ActionEvent;)V+84
j  javax.swing.AbstractButton$Handler.actionPerformed(Ljava/awt/event/ActionEvent;)V+5
j  javax.swing.DefaultButtonModel.fireActionPerformed(Ljava/awt/event/ActionEvent;)V+35
j  javax.swing.DefaultButtonModel.setPressed(Z)V+117
j  javax.swing.AbstractButton.doClick(I)V+64
j  javax.swing.plaf.basic.BasicMenuItemUI.doClick(Ljavax/swing/MenuSelectionManager;)V+53
j  javax.swing.plaf.basic.BasicMenuItemUI$Handler.mouseReleased(Ljava/awt/event/MouseEvent;)V+62
j  java.awt.Component.processMouseEvent(Ljava/awt/event/MouseEvent;)V+64
j  javax.swing.JComponent.processMouseEvent(Ljava/awt/event/MouseEvent;)V+23
j  java.awt.Component.processEvent(Ljava/awt/AWTEvent;)V+81
j  java.awt.Container.processEvent(Ljava/awt/AWTEvent;)V+18
j  java.awt.Component.dispatchEventImpl(Ljava/awt/AWTEvent;)V+566
j  java.awt.Container.dispatchEventImpl(Ljava/awt/AWTEvent;)V+42
J  java.awt.LightweightDispatcher.retargetMouseEvent(Ljava/awt/Component;ILjava/awt/event/MouseEvent;)V
j  java.awt.LightweightDispatcher.processMouseEvent(Ljava/awt/event/MouseEvent;)Z+139
j  java.awt.LightweightDispatcher.dispatchEvent(Ljava/awt/AWTEvent;)Z+50
j  java.awt.Container.dispatchEventImpl(Ljava/awt/AWTEvent;)V+12
J  java.awt.EventDispatchThread.pumpOneEventForFilters(I)Z
J  java.awt.EventDispatchThread.pumpEventsForFilter(ILjava/awt/Conditional;Ljava/awt/EventFilter;)V
j  java.awt.EventDispatchThread.pumpEventsForHierarchy(ILjava/awt/Conditional;Ljava/awt/Component;)V+11
j  java.awt.EventDispatchThread.pumpEvents(ILjava/awt/Conditional;)V+4
j  java.awt.EventDispatchThread.pumpEvents(Ljava/awt/Conditional;)V+3
j  java.awt.EventDispatchThread.run()V+9
v  ~StubRoutines::call_stub

---------------  P R O C E S S  ---------------

Java Threads: ( => current thread )
  0x00000000676e5800 JavaThread "Timer-479" [_thread_blocked, id=3768, stack(0x0000000025480000,0x0000000025500000)]
  0x0000000064f95800 JavaThread "Timer-478" [_thread_blocked, id=6776, stack(0x0000000019050000,0x00000000190d0000)]
  0x00000000676e8800 JavaThread "Timer-475" [_thread_blocked, id=6580, stack(0x0000000018f80000,0x0000000019000000)]
  0x00000000676e7000 JavaThread "Timer-474" [_thread_blocked, id=6844, stack(0x0000000014980000,0x0000000014a00000)]
  0x00000000676e7800 JavaThread "Swing-Shell" daemon [_thread_blocked, id=5056, stack(0x0000000014770000,0x00000000147f0000)]
  0x000000000ea2c000 JavaThread "Prefs Updater" daemon [_thread_blocked, id=5432, stack(0x00000000295a0000,0x0000000029620000)]
  0x000000000ea2d800 JavaThread "Foxtrot Single Worker Thread #1" daemon [_thread_blocked, id=552, stack(0x0000000071990000,0x0000000071a10000)]
  0x000000000ea2f000 JavaThread "Active Reference Queue Daemon" daemon [_thread_blocked, id=4960, stack(0x0000000071e90000,0x0000000071f10000)]
  0x000000000ea2c800 JavaThread "Timer-110" daemon [_thread_blocked, id=924, stack(0x0000000071af0000,0x0000000071b70000)]
  0x000000000ea2a800 JavaThread "zSelector" [_thread_blocked, id=5504, stack(0x00000000419d0000,0x0000000041a50000)]
  0x000000000ea29000 JavaThread "Timer-52" [_thread_blocked, id=5748, stack(0x0000000008540000,0x00000000085c0000)]
  0x0000000064f96000 JavaThread "Timer-51" [_thread_blocked, id=5804, stack(0x0000000008700000,0x0000000008780000)]
  0x0000000064f91800 JavaThread "Beanshell interpreter" [_thread_blocked, id=5380, stack(0x0000000054c50000,0x0000000054cd0000)]
  0x0000000064f92800 JavaThread "Thread-62" [_thread_blocked, id=3248, stack(0x00000000682e0000,0x0000000068360000)]
  0x0000000064f90800 JavaThread "Thread-57" [_thread_blocked, id=5932, stack(0x000000002d7f0000,0x000000002d870000)]
  0x0000000064f94800 JavaThread "Timer-6" daemon [_thread_blocked, id=2604, stack(0x000000003d9f0000,0x000000003da70000)]
  0x0000000064f93000 JavaThread "Explorer NavigationContext request queue" [_thread_blocked, id=2124, stack(0x00000000214b0000,0x0000000021530000)]
  0x0000000064f91000 JavaThread "AddressBar directory emptiness poller" [_thread_blocked, id=2280, stack(0x0000000025530000,0x00000000255b0000)]
  0x0000000064f8f800 JavaThread "Timer-1" [_thread_blocked, id=4408, stack(0x0000000021400000,0x0000000021480000)]
  0x0000000064f8f000 JavaThread "TimerQueue" daemon [_thread_blocked, id=1052, stack(0x0000000010f00000,0x0000000010f80000)]
  0x000000000f2c3000 JavaThread "FelixPackageAdmin" daemon [_thread_blocked, id=4952, stack(0x000000000fc20000,0x000000000fca0000)]
  0x000000000e9ff800 JavaThread "FelixStartLevel" daemon [_thread_blocked, id=5104, stack(0x000000000fef0000,0x000000000ff70000)]
  0x00000000650a9800 JavaThread "FelixDispatchQueue" daemon [_thread_blocked, id=4920, stack(0x000000000fe00000,0x000000000fe80000)]
=>0x000000006535a800 JavaThread "AWT-EventQueue-0" [_thread_in_native, id=5488, stack(0x000000000fae0000,0x000000000fb60000)]
  0x000000000f860800 JavaThread "com.google.common.base.internal.Finalizer" daemon [_thread_blocked, id=700, stack(0x000000000fd10000,0x000000000fd90000)]
  0x000000000f218800 JavaThread "AWT-Windows" daemon [_thread_in_native, id=1324, stack(0x000000000fa50000,0x000000000fad0000)]
  0x000000000f217800 JavaThread "AWT-Shutdown" [_thread_blocked, id=6032, stack(0x000000000fb60000,0x000000000fbe0000)]
  0x000000000f217000 JavaThread "Java2D Disposer" daemon [_thread_blocked, id=820, stack(0x000000000d280000,0x000000000d300000)]
  0x000000000f7c9800 JavaThread "Timer-0" [_thread_blocked, id=4484, stack(0x000000000d5c0000,0x000000000d640000)]
  0x000000000f69a000 JavaThread "EventMgr Dispatcher" daemon [_thread_in_native, id=2236, stack(0x0000000019230000,0x000000001d230000)]
  0x000000000e972000 JavaThread "Low Memory Detector" daemon [_thread_blocked, id=5864, stack(0x000000000d470000,0x000000000d4f0000)]
  0x000000000e96a800 JavaThread "CompilerThread1" daemon [_thread_blocked, id=2724, stack(0x000000005cdf0000,0x0000000060df0000)]
  0x000000000e963800 JavaThread "CompilerThread0" daemon [_thread_blocked, id=5340, stack(0x0000000058dd0000,0x000000005cdd0000)]
  0x000000000e962000 JavaThread "Attach Listener" daemon [_thread_blocked, id=3668, stack(0x000000000eac0000,0x000000000eb40000)]
  0x000000000e904800 JavaThread "Finalizer" daemon [_thread_blocked, id=4360, stack(0x000000000d130000,0x000000000d1b0000)]
  0x000000000e903800 JavaThread "Reference Handler" daemon [_thread_blocked, id=4348, stack(0x000000000d640000,0x000000000d6c0000)]
  0x00000000053b1800 JavaThread "main" [_thread_in_native, id=5000, stack(0x00000000001c0000,0x00000000041c0000)]

Other Threads:
  0x000000000e900800 VMThread [stack: 0x0000000054d10000,0x0000000058d10000] [id=5460]
  0x000000000e98e000 WatcherThread [stack: 0x0000000060e40000,0x0000000064e40000] [id=5832]

VM state:not at safepoint (normal execution)

VM Mutex/Monitor currently owned by a thread: None

Heap
 PSYoungGen      total 48448K, used 15815K [0x00000000e8000000, 0x00000000eb850000, 0x0000000108000000)
  eden space 47680K, 31% used [0x00000000e8000000,0x00000000e8eb7900,0x00000000eae90000)
  from space 768K, 97% used [0x00000000eb560000,0x00000000eb61acf8,0x00000000eb620000)
  to   space 1792K, 0% used [0x00000000eb690000,0x00000000eb690000,0x00000000eb850000)
 PSOldGen        total 84032K, used 77356K [0x0000000088000000, 0x000000008d210000, 0x00000000e8000000)
  object space 84032K, 92% used [0x0000000088000000,0x000000008cb8b2d0,0x000000008d210000)
 PSPermGen       total 81472K, used 80868K [0x0000000080000000, 0x0000000084f90000, 0x0000000088000000)
  object space 81472K, 99% used [0x0000000080000000,0x0000000084ef9120,0x0000000084f90000)

Dynamic libraries:
0x000000013fac0000 - 0x000000013faf2000 	C:\Program Files\MATLAB\R2012a\bin\win64\MATLAB.exe
0x0000000077090000 - 0x0000000077239000 	C:\Windows\SYSTEM32\ntdll.dll
0x0000000076e70000 - 0x0000000076f8f000 	C:\Windows\system32\kernel32.dll
0x000007fefcf30000 - 0x000007fefcf9c000 	C:\Windows\system32\KERNELBASE.dll
0x0000000074460000 - 0x0000000074554000 	C:\Program Files\MATLAB\R2012a\bin\win64\libut.dll
0x00000000758a0000 - 0x0000000075952000 	C:\Program Files\MATLAB\R2012a\bin\win64\libmwi18n.dll
0x0000000180000000 - 0x000000018000b000 	C:\Program Files\MATLAB\R2012a\bin\win64\libmwresource_core.dll
0x00000000725c0000 - 0x0000000072693000 	C:\Windows\WinSxS\amd64_microsoft.vc90.crt_1fc8b3b9a1e18e3b_9.0.30729.6161_none_08e61857a83bc251\MSVCP90.dll
0x0000000072510000 - 0x00000000725b3000 	C:\Windows\WinSxS\amd64_microsoft.vc90.crt_1fc8b3b9a1e18e3b_9.0.30729.6161_none_08e61857a83bc251\MSVCR90.dll
0x000000007a170000 - 0x000000007a19c000 	C:\Program Files\MATLAB\R2012a\bin\win64\boost_filesystem-vc90-mt-1_44.dll
0x000000007a560000 - 0x000000007a569000 	C:\Program Files\MATLAB\R2012a\bin\win64\boost_system-vc90-mt-1_44.dll
0x000007fefd280000 - 0x000007fefd35b000 	C:\Windows\system32\ADVAPI32.dll
0x000007feff2e0000 - 0x000007feff37f000 	C:\Windows\system32\msvcrt.dll
0x000007feff380000 - 0x000007feff39f000 	C:\Windows\SYSTEM32\sechost.dll
0x000007fefd8e0000 - 0x000007fefda0d000 	C:\Windows\system32\RPCRT4.dll
0x000000007a010000 - 0x000000007a035000 	C:\Program Files\MATLAB\R2012a\bin\win64\LIBEXPAT.dll
0x00000000734b0000 - 0x00000000736a1000 	C:\Program Files\MATLAB\R2012a\bin\win64\icuin44.dll
0x0000000073d60000 - 0x0000000073ed1000 	C:\Program Files\MATLAB\R2012a\bin\win64\icuuc44.dll
0x0000000010000000 - 0x0000000010e41000 	C:\Program Files\MATLAB\R2012a\bin\win64\icudt44.dll
0x0000000073f70000 - 0x00000000740ad000 	C:\Program Files\MATLAB\R2012a\bin\win64\libmwfl.dll
0x0000000004450000 - 0x0000000004746000 	C:\Program Files\MATLAB\R2012a\bin\win64\libmwMATLAB_res.dll
0x000000007a3b0000 - 0x000000007a3c0000 	C:\Program Files\MATLAB\R2012a\bin\win64\boost_date_time-vc90-mt-1_44.dll
0x000000007a250000 - 0x000000007a263000 	C:\Program Files\MATLAB\R2012a\bin\win64\boost_signals-vc90-mt-1_44.dll
0x000000007a2d0000 - 0x000000007a2e2000 	C:\Program Files\MATLAB\R2012a\bin\win64\boost_thread-vc90-mt-1_44.dll
0x00000000041c0000 - 0x0000000004206000 	C:\Program Files\MATLAB\R2012a\bin\win64\tbb.dll
0x000007fefee60000 - 0x000007fefee79000 	C:\Windows\system32\imagehlp.dll
0x0000000077260000 - 0x0000000077267000 	C:\Windows\system32\PSAPI.DLL
0x0000000073d40000 - 0x0000000073d53000 	C:\Program Files\MATLAB\R2012a\bin\win64\icuio44.dll
0x000007feeb890000 - 0x000007feeb9b5000 	C:\Windows\system32\dbghelp.dll
0x0000000076f90000 - 0x000000007708a000 	C:\Windows\system32\USER32.dll
0x000007fefd590000 - 0x000007fefd5f7000 	C:\Windows\system32\GDI32.dll
0x000007fefda10000 - 0x000007fefda1e000 	C:\Windows\system32\LPK.dll
0x000007fefd600000 - 0x000007fefd6c9000 	C:\Windows\system32\USP10.dll
0x000000007bed0000 - 0x000000007c183000 	C:\Program Files\MATLAB\R2012a\bin\win64\libmwservices.dll
0x0000000075a20000 - 0x0000000075ae2000 	C:\Program Files\MATLAB\R2012a\bin\win64\libmx.dll
0x000000007a210000 - 0x000000007a228000 	C:\Program Files\MATLAB\R2012a\bin\win64\zlib1.dll
0x0000000004240000 - 0x0000000004261000 	C:\Program Files\MATLAB\R2012a\bin\win64\libmwmfl_scalar.dll
0x0000000075f10000 - 0x0000000075f5d000 	C:\Program Files\MATLAB\R2012a\bin\win64\mpath.dll
0x000000007b680000 - 0x000000007bbe1000 	C:\Program Files\MATLAB\R2012a\bin\win64\mlutil.dll
0x0000000073cc0000 - 0x0000000073d3f000 	C:\Program Files\MATLAB\R2012a\bin\win64\xmlcore.dll
0x000000007bc30000 - 0x000000007be83000 	C:\Program Files\MATLAB\R2012a\bin\win64\xerces-c_2_7.dll
0x000007fefd540000 - 0x000007fefd58d000 	C:\Windows\system32\WS2_32.dll
0x000007feff090000 - 0x000007feff098000 	C:\Windows\system32\NSI.dll
0x00000000042c0000 - 0x00000000042da000 	C:\Program Files\MATLAB\R2012a\bin\win64\libmwMATLAB_settings_res.dll
0x00000000042f0000 - 0x0000000004337000 	C:\Program Files\MATLAB\R2012a\bin\win64\boost_serialization-vc90-mt-1_44.dll
0x000007fefdac0000 - 0x000007fefe848000 	C:\Windows\system32\SHELL32.dll
0x000007feff010000 - 0x000007feff081000 	C:\Windows\system32\SHLWAPI.dll
0x000007fef64a0000 - 0x000007fef6540000 	C:\Windows\WinSxS\amd64_microsoft.windows.common-controls_6595b64144ccf1df_5.82.7601.18201_none_a4d3b9377117c3df\COMCTL32.dll
0x000007fefeb10000 - 0x000007fefeba7000 	C:\Windows\system32\COMDLG32.dll
0x000007fefa820000 - 0x000007fefa836000 	C:\Windows\system32\NETAPI32.dll
0x000007fefa810000 - 0x000007fefa81c000 	C:\Windows\system32\netutils.dll
0x000007fefc960000 - 0x000007fefc983000 	C:\Windows\system32\srvcli.dll
0x000007fefa7d0000 - 0x000007fefa7e5000 	C:\Windows\system32\wkscli.dll
0x000007fefd6d0000 - 0x000007fefd8d3000 	C:\Windows\system32\ole32.dll
0x000007feff200000 - 0x000007feff2d7000 	C:\Windows\system32\OLEAUT32.dll
0x0000000074970000 - 0x0000000074b06000 	C:\Program Files\MATLAB\R2012a\bin\win64\mcr.dll
0x0000000075000000 - 0x000000007536b000 	C:\Program Files\MATLAB\R2012a\bin\win64\iqm.dll
0x000000006af90000 - 0x000000006b7b1000 	C:\Program Files\MATLAB\R2012a\bin\win64\m_interpreter.dll
0x0000000073c60000 - 0x0000000073c85000 	C:\Program Files\MATLAB\R2012a\bin\win64\libmex.dll
0x00000000739d0000 - 0x0000000073a83000 	C:\Program Files\MATLAB\R2012a\bin\win64\m_dispatcher.dll
0x0000000074880000 - 0x000000007496d000 	C:\Program Files\MATLAB\R2012a\bin\win64\boost_regex-vc90-mt-1_44.dll
0x0000000073940000 - 0x00000000739c4000 	C:\Program Files\MATLAB\R2012a\bin\win64\profiler.dll
0x00000000047c0000 - 0x0000000004a15000 	C:\Program Files\MATLAB\R2012a\bin\win64\libmwmathutil.dll
0x0000000079f40000 - 0x0000000079f6d000 	C:\Program Files\MATLAB\R2012a\bin\win64\libmwmathrng.dll
0x0000000074c10000 - 0x0000000074ced000 	C:\Program Files\MATLAB\R2012a\bin\win64\libmwmathcore.dll
0x0000000076160000 - 0x00000000761cb000 	C:\Program Files\MATLAB\R2012a\bin\win64\libmwspmatrix.dll
0x0000000075ea0000 - 0x0000000075f02000 	C:\Program Files\MATLAB\R2012a\bin\win64\libmwcholmod.dll
0x000000007a460000 - 0x000000007a46d000 	C:\Program Files\MATLAB\R2012a\bin\win64\libmwamd.dll
0x000000007a4b0000 - 0x000000007a4bc000 	C:\Program Files\MATLAB\R2012a\bin\win64\libmwcolamd.dll
0x0000000073ca0000 - 0x0000000073cb9000 	C:\Program Files\MATLAB\R2012a\bin\win64\libmwblas.dll
0x0000000073920000 - 0x0000000073932000 	C:\Program Files\MATLAB\R2012a\bin\win64\libmwbinder.dll
0x0000000073c90000 - 0x0000000073c9b000 	C:\Program Files\MATLAB\R2012a\bin\win64\libmwompwrapper.dll
0x0000000073420000 - 0x00000000734a6000 	C:\Program Files\MATLAB\R2012a\bin\win64\libmwlapack.dll
0x00000000738f0000 - 0x0000000073911000 	C:\Program Files\MATLAB\R2012a\bin\win64\m_pcodeio.dll
0x0000000079b10000 - 0x0000000079b77000 	C:\Program Files\MATLAB\R2012a\bin\win64\m_ir.dll
0x000000006a940000 - 0x000000006af90000 	C:\Program Files\MATLAB\R2012a\bin\win64\m_parser.dll
0x0000000073400000 - 0x000000007341a000 	C:\Program Files\MATLAB\R2012a\bin\win64\ir_xfmr.dll
0x0000000071570000 - 0x00000000717e9000 	C:\Program Files\MATLAB\R2012a\bin\win64\mcos.dll
0x0000000073c50000 - 0x0000000073c5c000 	C:\Program Files\MATLAB\R2012a\bin\win64\mtok.dll
0x0000000073380000 - 0x00000000733b1000 	C:\Program Files\MATLAB\R2012a\bin\win64\m_pcodegen.dll
0x0000000079fb0000 - 0x0000000079fe7000 	C:\Program Files\MATLAB\R2012a\bin\win64\libmwbridge.dll
0x00000000732b0000 - 0x0000000073378000 	C:\Program Files\MATLAB\R2012a\bin\win64\udd.dll
0x0000000071110000 - 0x0000000071262000 	C:\Program Files\MATLAB\R2012a\bin\win64\libmwgui.dll
0x00000000733e0000 - 0x00000000733f7000 	C:\Program Files\MATLAB\R2012a\bin\win64\graphics_util.dll
0x0000000069f90000 - 0x000000006a933000 	C:\Program Files\MATLAB\R2012a\bin\win64\hg.dll
0x0000000004b90000 - 0x0000000004bf7000 	C:\Program Files\MATLAB\R2012a\bin\win64\libmat.dll
0x0000000072d30000 - 0x0000000072f44000 	C:\Program Files\MATLAB\R2012a\bin\win64\hdf5dll.dll
0x0000000075710000 - 0x00000000757c1000 	C:\Program Files\MATLAB\R2012a\bin\win64\jmi.dll
0x0000000004c30000 - 0x0000000004c3e000 	C:\Program Files\MATLAB\R2012a\bin\win64\nativejava_services.dll
0x0000000073260000 - 0x00000000732a2000 	C:\Program Files\MATLAB\R2012a\bin\win64\libmwhardcopy.dll
0x0000000073200000 - 0x000000007325a000 	C:\Program Files\MATLAB\R2012a\bin\win64\libuij.dll
0x0000000069d80000 - 0x0000000069f8c000 	C:\Program Files\MATLAB\R2012a\bin\win64\hgdatatypes.dll
0x0000000069c80000 - 0x0000000069d7d000 	C:\Program Files\MATLAB\R2012a\bin\win64\hgutils.dll
0x0000000069bc0000 - 0x0000000069c7d000 	C:\Program Files\MATLAB\R2012a\bin\win64\udd_mi.dll
0x0000000004ca0000 - 0x0000000004cdb000 	C:\Program Files\MATLAB\R2012a\bin\win64\libmwgbtutils.dll
0x0000000004cf0000 - 0x0000000004d09000 	C:\Program Files\MATLAB\R2012a\bin\win64\libmwgbt.dll
0x0000000004d20000 - 0x0000000004fea000 	C:\Program Files\MATLAB\R2012a\bin\win64\uiw.dll
0x00000000733d0000 - 0x00000000733df000 	C:\Program Files\MATLAB\R2012a\bin\win64\uinone.dll
0x000007fef7670000 - 0x000007fef7688000 	C:\Windows\system32\MPR.dll
0x00000000696d0000 - 0x0000000069bb4000 	C:\Windows\WinSxS\amd64_microsoft.vc90.mfc_1fc8b3b9a1e18e3b_9.0.30729.6161_none_044aad0bab1eb146\mfc90.dll
0x000007fef6d70000 - 0x000007fef6d77000 	C:\Windows\system32\MSIMG32.dll
0x000007fef7110000 - 0x000007fef7181000 	C:\Windows\system32\WINSPOOL.DRV
0x0000000071e30000 - 0x0000000071e50000 	C:\Program Files\MATLAB\R2012a\bin\win64\mwoles05.DLL
0x0000000071db0000 - 0x0000000071e2c000 	C:\Program Files\MATLAB\R2012a\bin\win64\comcli.dll
0x0000000071c60000 - 0x0000000071c8f000 	C:\Windows\WinSxS\amd64_microsoft.vc90.atl_1fc8b3b9a1e18e3b_9.0.30729.6161_none_0a1fd3a3a768b895\ATL90.DLL
0x00000000733c0000 - 0x00000000733cc000 	C:\Program Files\MATLAB\R2012a\bin\win64\mlautoregister.dll
0x0000000005040000 - 0x0000000005050000 	C:\Program Files\MATLAB\R2012a\bin\win64\boost_iostreams-vc90-mt-1_44.dll
0x000007fefcce0000 - 0x000007fefcd37000 	C:\Windows\system32\apphelp.dll
0x000007feed9a0000 - 0x000007feed9f1000 	C:\Windows\AppPatch\AppPatch64\AcGenral.DLL
0x000007fefccb0000 - 0x000007fefccd5000 	C:\Windows\system32\SspiCli.dll
0x00000000729c0000 - 0x00000000729c3000 	C:\Windows\system32\sfc.dll
0x000007fef99c0000 - 0x000007fef99d0000 	C:\Windows\system32\sfc_os.DLL
0x000007fefc190000 - 0x000007fefc1ae000 	C:\Windows\system32\USERENV.dll
0x000007fefce50000 - 0x000007fefce5f000 	C:\Windows\system32\profapi.dll
0x000007fefb0c0000 - 0x000007fefb0d8000 	C:\Windows\system32\dwmapi.dll
0x000007fefeae0000 - 0x000007fefeb0e000 	C:\Windows\system32\IMM32.DLL
0x000007fefee80000 - 0x000007fefef89000 	C:\Windows\system32\MSCTF.dll
0x000007fefb4f0000 - 0x000007fefb546000 	C:\Windows\system32\UxTheme.dll
0x00000000731f0000 - 0x00000000731fd000 	C:\Windows\WinSxS\amd64_microsoft.vc90.mfcloc_1fc8b3b9a1e18e3b_9.0.30729.6161_none_01c9581e60cbee58\MFC90ENU.DLL
0x00000000050c0000 - 0x00000000050e9000 	C:\Program Files\MATLAB\R2012a\bin\win64\tbbmalloc.dll
0x000007fefb560000 - 0x000007fefb56f000 	C:\Program Files\MATLAB\R2012a\bin\win64\xmlxrcsc.dll
0x000007fefcd40000 - 0x000007fefcd4f000 	C:\Windows\system32\CRYPTBASE.dll
0x000007fefb920000 - 0x000007fefbb14000 	C:\Windows\WinSxS\amd64_microsoft.windows.common-controls_6595b64144ccf1df_6.0.7601.17514_none_fa396087175ac9ac\comctl32.dll
0x000007fefd360000 - 0x000007fefd537000 	C:\Windows\system32\SETUPAPI.dll
0x000007fefd240000 - 0x000007fefd276000 	C:\Windows\system32\CFGMGR32.dll
0x000007fefcf00000 - 0x000007fefcf1a000 	C:\Windows\system32\DEVOBJ.dll
0x000007fefda20000 - 0x000007fefdab9000 	C:\Windows\system32\CLBCatQ.DLL
0x000007fefb6c0000 - 0x000007fefb7ec000 	C:\Windows\system32\propsys.dll

VM Arguments:
jvm_args: -Xss512k -XX:PermSize=32m -Xms64m -XX:NewRatio=3 -XX:MaxPermSize=128m -Xmx196m -XX:MaxDirectMemorySize=2147400000 -Dsun.java2d.noddraw=true -Dsun.awt.nopixfmt=true -Xshare:off -Xrs -Dsun.awt.disableMixing=true -Xmx2048m -Djava.library.path=C:\Program Files\MATLAB\R2012a\bin\win64;C:\Micro-Manager-1.4\ vfprintf abort 
java_command: <unknown>
Launcher Type: generic

Environment Variables:
PATH=C:\Windows\system32;C:\Windows;C:\Windows\System32\Wbem;C:\Windows\System32\WindowsPowerShell\v1.0\;C:\Program Files\MATLAB\R2013b\bin;C:\Program Files (x86)\MATLAB-32\R2012a\bin;C:\Program Files\MATLAB\R2012a\bin;C:\Program Files\MATLAB\R2010b\bin;C:\Micro-Manager-1.4;C:\Program Files (x86)\Ocean Optics\Overture\OOI_HOME;C:\Program Files\Microsoft Windows Performance Toolkit\;C:\Program Files\IVI Foundation\VISA\Win64\Bin\;C:\Program Files (x86)\IVI Foundation\VISA\WinNT\Bin\;C:\Program Files (x86)\IVI Foundation\VISA\WinNT\Bin
USERNAME=keck
OS=Windows_NT
PROCESSOR_IDENTIFIER=Intel64 Family 6 Model 42 Stepping 7, GenuineIntel



---------------  S Y S T E M  ---------------

OS: Windows 7 Build 7601 Service Pack 1

CPU:total 4 (8 cores per cpu, 2 threads per core) family 6 model 42 stepping 7, cmov, cx8, fxsr, mmx, sse, sse2, sse3, ssse3, sse4.1, sse4.2, ht

Memory: 4k page, physical 16682868k(9389736k free), swap 17602604k(10105092k free)

vm_info: Java HotSpot(TM) 64-Bit Server VM (14.3-b01) for windows-amd64 JRE (1.6.0_17-b04), built on Oct 11 2009 00:46:08 by "java_re" with MS VC++ 8.0

time: Fri Jun 06 17:43:13 2014
elapsed time: 87339 seconds

