#
# A fatal error has been detected by the Java Runtime Environment:
#
#  EXCEPTION_ACCESS_VIOLATION (0xc0000005) at pc=0x000007fee7924a7b, pid=2092, tid=1680
#
# JRE version: 6.0_17-b04
# Java VM: Java HotSpot(TM) 64-Bit Server VM (14.3-b01 mixed mode windows-amd64 )
# Problematic frame:
# C  0x000007fee7924a7b
#
# If you would like to submit a bug report, please visit:
#   http://java.sun.com/webapps/bugreport/crash.jsp
# The crash happened outside the Java Virtual Machine in native code.
# See problematic frame for where to report the bug.
#

---------------  T H R E A D  ---------------

Current thread (0x00000000058a3800):  JavaThread "main" [_thread_in_native, id=1680, stack(0x0000000000170000,0x0000000004170000)]

siginfo: ExceptionCode=0xc0000005, reading address 0x0000000000000088

Registers:
EAX=0x0000000000000000, EBX=0x0000000083e465f8, ECX=0x95b3f67324ab0000, EDX=0x000007fee79597f8
ESP=0x000000000415a400, EBP=0x000000000415a568, ESI=0x0000000000000001, EDI=0x000000008397fae8
EIP=0x000007fee7924a7b, EFLAGS=0x0000000000010246

Top of Stack: (sp=0x000000000415a400)
0x000000000415a400:   000000000415a4a0 0000000083e465f8
0x000000000415a410:   000000008397fae8 0000000078be2765
0x000000000415a420:   0000000000000000 000007fee78d7b70
0x000000000415a430:   fffffffffffffffe 00000000058a46e0
0x000000000415a440:   000000000415a598 0000000083e465f0
0x000000000415a450:   00000000058a3800 000000008397fae8
0x000000000415a460:   0000000000000001 000007fee78d7b99
0x000000000415a470:   0000000000000000 0000000078a5e492
0x000000000415a480:   0000000000000001 0000000083e465f8
0x000000000415a490:   00000000058a39b8 fffffffffffffffe
0x000000000415a4a0:   0000000045bdc100 0000000045bc4e90
0x000000000415a4b0:   0000000000000000 0000000045bd1432
0x000000000415a4c0:   000000000415a588 0000000083e465f8
0x000000000415a4d0:   000095b3f26680db 000000008397fae8
0x000000000415a4e0:   0000000000000000 0000000045bd1588
0x000000000415a4f0:   00000000000000ec 000000000415a588 

Instructions: (pc=0x000007fee7924a7b)
0x000007fee7924a6b:   fd ff 4c 8d 05 6c 4d 03 00 48 8d 15 7d 4d 03 00
0x000007fee7924a7b:   49 8b 8e 88 00 00 00 e8 a9 b3 fd ff 48 85 c0 74 


Stack: [0x0000000000170000,0x0000000004170000],  sp=0x000000000415a400,  free space=65449k
Native frames: (J=compiled Java code, j=interpreted, Vv=VM code, C=native code)
C  0x000007fee7924a7b
j  mmcorej.CMMCore.reset()V+5
v  ~StubRoutines::call_stub

Java frames: (J=compiled Java code, j=interpreted, Vv=VM code)
j  mmcorej.MMCoreJJNI.CMMCore_reset(JLmmcorej/CMMCore;)V+0
j  mmcorej.CMMCore.reset()V+5
v  ~StubRoutines::call_stub
j  com.mathworks.jmi.NativeMatlab.ProcessPendingEvents()Z+0
j  com.mathworks.jmi.NativeMatlab.processPendingEvents()Z+8
j  com.mathworks.jmi.Matlab$ProcessPendingEvents.callBooleanMethod(Ljava/lang/Object;)Z+0
j  com.mathworks.util.FactoryUtils.processPendingEvents()Z+12
j  com.mathworks.widgets.desk.Desktop.canClose()Z+38
j  com.mathworks.mde.desk.MLDesktop.canClose()Z+113
j  com.mathworks.mde.desk.MLDesktop$2.call()Ljava/lang/Boolean;+4
j  com.mathworks.mde.desk.MLDesktop$2.call()Ljava/lang/Object;+1
j  com.mathworks.jmi.Matlab.isOkToExit()Z+54
v  ~StubRoutines::call_stub
j  com.mathworks.jmi.NativeMatlab.SendMatlabMessage(Ljava/lang/Object;)Ljava/lang/Object;+0
j  com.mathworks.jmi.NativeMatlab.sendMatlabMessage(Ljava/lang/Object;)Ljava/lang/Object;+22
j  com.mathworks.jmi.MatlabLooper.sendMatlabMessage(Lcom/mathworks/services/message/MWMessage;)Ljava/lang/Object;+20
j  com.mathworks.jmi.Matlab.mtFevalConsoleOutput(Ljava/lang/String;[Ljava/lang/Object;I)Ljava/lang/Object;+58
j  com.mathworks.mde.desk.MLDesktop$9.run()V+14
j  com.mathworks.jmi.NativeMatlab.dispatchMTRequests(Z)V+57
v  ~StubRoutines::call_stub

---------------  P R O C E S S  ---------------

Java Threads: ( => current thread )
  0x000000006c94c000 JavaThread "Active Reference Queue Daemon" daemon [_thread_blocked, id=6704, stack(0x0000000010f90000,0x0000000011010000)]
  0x000000006c94b000 JavaThread "Timer-455" daemon [_thread_blocked, id=1788, stack(0x00000000214c0000,0x0000000021540000)]
  0x000000006c3a3000 JavaThread "Foxtrot Single Worker Thread #1" daemon [_thread_blocked, id=6964, stack(0x0000000022ee0000,0x0000000022f60000)]
  0x000000006c94f000 JavaThread "pool-10-thread-1" [_thread_blocked, id=4908, stack(0x0000000010eb0000,0x0000000010f30000)]
  0x000000006c949800 JavaThread "Swing-Shell" daemon [_thread_blocked, id=6452, stack(0x000000002ab90000,0x000000002ac10000)]
  0x00000000658bf800 JavaThread "Beanshell interpreter" [_thread_blocked, id=484, stack(0x0000000041cf0000,0x0000000041d70000)]
  0x00000000658c3000 JavaThread "Thread-278" [_thread_blocked, id=5176, stack(0x0000000044810000,0x0000000044890000)]
  0x00000000658c5000 JavaThread "Thread-265" [_thread_blocked, id=5956, stack(0x000000002a8f0000,0x000000002a970000)]
  0x00000000658c4800 JavaThread "Timer-7" daemon [_thread_blocked, id=1772, stack(0x0000000050e20000,0x0000000050ea0000)]
  0x00000000658c3800 JavaThread "Explorer NavigationContext request queue" [_thread_blocked, id=5172, stack(0x00000000317c0000,0x0000000031840000)]
  0x00000000658c1800 JavaThread "AddressBar directory emptiness poller" [_thread_blocked, id=3012, stack(0x00000000212c0000,0x0000000021340000)]
  0x00000000658c0000 JavaThread "Timer-1" [_thread_blocked, id=3840, stack(0x00000000295f0000,0x0000000029670000)]
  0x00000000658be800 JavaThread "TimerQueue" daemon [_thread_blocked, id=6408, stack(0x0000000021340000,0x00000000213c0000)]
  0x00000000658be000 JavaThread "FelixPackageAdmin" daemon [_thread_blocked, id=4360, stack(0x0000000029530000,0x00000000295b0000)]
  0x000000000f247000 JavaThread "FelixStartLevel" daemon [_thread_blocked, id=6672, stack(0x0000000025420000,0x00000000254a0000)]
  0x000000000f246800 JavaThread "FelixDispatchQueue" daemon [_thread_blocked, id=416, stack(0x000000001d180000,0x000000001d200000)]
  0x000000006538f800 JavaThread "Run$_AWT-EventQueue-0" [_thread_blocked, id=6472, stack(0x0000000014eb0000,0x0000000014f30000)]
  0x00000000656df800 JavaThread "com.google.common.base.internal.Finalizer" daemon [_thread_blocked, id=2732, stack(0x000000001d100000,0x000000001d180000)]
  0x000000000f6e6800 JavaThread "AWT-Windows" daemon [_thread_in_native, id=6204, stack(0x000000000ff60000,0x000000000ffe0000)]
  0x000000000f6e6000 JavaThread "AWT-Shutdown" [_thread_blocked, id=6888, stack(0x000000000fe40000,0x000000000fec0000)]
  0x000000000f6e5000 JavaThread "Java2D Disposer" daemon [_thread_blocked, id=6912, stack(0x000000000f030000,0x000000000f0b0000)]
  0x000000000fbe5800 JavaThread "Timer-0" [_thread_blocked, id=5344, stack(0x000000000da30000,0x000000000dab0000)]
  0x000000000fbf1800 JavaThread "EventMgr Dispatcher" daemon [_thread_in_native, id=6852, stack(0x00000000190e0000,0x000000001d0e0000)]
  0x000000000edf3000 JavaThread "Low Memory Detector" daemon [_thread_blocked, id=6764, stack(0x000000000f0d0000,0x000000000f150000)]
  0x000000000edf1800 JavaThread "CompilerThread1" daemon [_thread_blocked, id=3428, stack(0x0000000061320000,0x0000000065320000)]
  0x000000000ede5800 JavaThread "CompilerThread0" daemon [_thread_blocked, id=6940, stack(0x000000005d140000,0x0000000061140000)]
  0x000000000ede3000 JavaThread "Attach Listener" daemon [_thread_blocked, id=6336, stack(0x000000000f170000,0x000000000f1f0000)]
  0x000000000ed86800 JavaThread "Finalizer" daemon [_thread_blocked, id=5788, stack(0x000000000dae0000,0x000000000db60000)]
  0x000000000ed86000 JavaThread "Reference Handler" daemon [_thread_blocked, id=5548, stack(0x000000000ef90000,0x000000000f010000)]
=>0x00000000058a3800 JavaThread "main" [_thread_in_native, id=1680, stack(0x0000000000170000,0x0000000004170000)]

Other Threads:
  0x000000000ed82800 VMThread [stack: 0x0000000059090000,0x000000005d090000] [id=2980]
  0x000000000ee1f000 WatcherThread [stack: 0x0000000108000000,0x000000010c000000] [id=5564]

VM state:not at safepoint (normal execution)

VM Mutex/Monitor currently owned by a thread: None

Heap
 PSYoungGen      total 463680K, used 387986K [0x00000000e8000000, 0x0000000107810000, 0x0000000108000000)
  eden space 459840K, 83% used [0x00000000e8000000,0x00000000ff726b28,0x0000000104110000)
  from space 3840K, 99% used [0x0000000107450000,0x000000010780e058,0x0000000107810000)
  to   space 8256K, 0% used [0x00000001067f0000,0x00000001067f0000,0x0000000107000000)
 PSOldGen        total 86784K, used 57397K [0x0000000088000000, 0x000000008d4c0000, 0x00000000e8000000)
  object space 86784K, 66% used [0x0000000088000000,0x000000008b80d7d8,0x000000008d4c0000)
 PSPermGen       total 84672K, used 84566K [0x0000000080000000, 0x00000000852b0000, 0x0000000088000000)
  object space 84672K, 99% used [0x0000000080000000,0x0000000085295830,0x00000000852b0000)

Dynamic libraries:
0x000000013f8b0000 - 0x000000013f8e2000 	C:\Program Files\MATLAB\R2012a\bin\win64\MATLAB.exe
0x0000000077bd0000 - 0x0000000077d79000 	C:\Windows\SYSTEM32\ntdll.dll
0x00000000779b0000 - 0x0000000077acf000 	C:\Windows\system32\kernel32.dll
0x000007fefdd50000 - 0x000007fefddbc000 	C:\Windows\system32\KERNELBASE.dll
0x0000000075710000 - 0x0000000075798000 	C:\Windows\System32\SYSFER.DLL
0x0000000074460000 - 0x0000000074554000 	C:\Program Files\MATLAB\R2012a\bin\win64\libut.dll
0x00000000758a0000 - 0x0000000075952000 	C:\Program Files\MATLAB\R2012a\bin\win64\libmwi18n.dll
0x0000000180000000 - 0x000000018000b000 	C:\Program Files\MATLAB\R2012a\bin\win64\libmwresource_core.dll
0x0000000074b00000 - 0x0000000074bd3000 	C:\Windows\WinSxS\amd64_microsoft.vc90.crt_1fc8b3b9a1e18e3b_9.0.30729.6161_none_08e61857a83bc251\MSVCP90.dll
0x0000000074a50000 - 0x0000000074af3000 	C:\Windows\WinSxS\amd64_microsoft.vc90.crt_1fc8b3b9a1e18e3b_9.0.30729.6161_none_08e61857a83bc251\MSVCR90.dll
0x000000007a170000 - 0x000000007a19c000 	C:\Program Files\MATLAB\R2012a\bin\win64\boost_filesystem-vc90-mt-1_44.dll
0x000000007a560000 - 0x000000007a569000 	C:\Program Files\MATLAB\R2012a\bin\win64\boost_system-vc90-mt-1_44.dll
0x000007fefddc0000 - 0x000007fefde9b000 	C:\Windows\system32\ADVAPI32.dll
0x000007fefe960000 - 0x000007fefe9ff000 	C:\Windows\system32\msvcrt.dll
0x000007feffe40000 - 0x000007feffe5f000 	C:\Windows\SYSTEM32\sechost.dll
0x000007fefe2f0000 - 0x000007fefe41d000 	C:\Windows\system32\RPCRT4.dll
0x000000007a010000 - 0x000000007a035000 	C:\Program Files\MATLAB\R2012a\bin\win64\LIBEXPAT.dll
0x0000000070520000 - 0x0000000070711000 	C:\Program Files\MATLAB\R2012a\bin\win64\icuin44.dll
0x00000000703a0000 - 0x0000000070511000 	C:\Program Files\MATLAB\R2012a\bin\win64\icuuc44.dll
0x0000000010000000 - 0x0000000010e41000 	C:\Program Files\MATLAB\R2012a\bin\win64\icudt44.dll
0x0000000073f70000 - 0x00000000740ad000 	C:\Program Files\MATLAB\R2012a\bin\win64\libmwfl.dll
0x0000000004300000 - 0x00000000045f6000 	C:\Program Files\MATLAB\R2012a\bin\win64\libmwMATLAB_res.dll
0x000000007a3b0000 - 0x000000007a3c0000 	C:\Program Files\MATLAB\R2012a\bin\win64\boost_date_time-vc90-mt-1_44.dll
0x000000007a250000 - 0x000000007a263000 	C:\Program Files\MATLAB\R2012a\bin\win64\boost_signals-vc90-mt-1_44.dll
0x000000007a2d0000 - 0x000000007a2e2000 	C:\Program Files\MATLAB\R2012a\bin\win64\boost_thread-vc90-mt-1_44.dll
0x00000000041b0000 - 0x00000000041f6000 	C:\Program Files\MATLAB\R2012a\bin\win64\tbb.dll
0x000007fefe2d0000 - 0x000007fefe2e9000 	C:\Windows\system32\imagehlp.dll
0x0000000077da0000 - 0x0000000077da7000 	C:\Windows\system32\PSAPI.DLL
0x0000000073de0000 - 0x0000000073df3000 	C:\Program Files\MATLAB\R2012a\bin\win64\icuio44.dll
0x000007fefb3a0000 - 0x000007fefb4c5000 	C:\Windows\system32\dbghelp.dll
0x0000000077ad0000 - 0x0000000077bca000 	C:\Windows\system32\USER32.dll
0x000007fefea00000 - 0x000007fefea67000 	C:\Windows\system32\GDI32.dll
0x000007fefe950000 - 0x000007fefe95e000 	C:\Windows\system32\LPK.dll
0x000007fefe770000 - 0x000007fefe839000 	C:\Windows\system32\USP10.dll
0x000000007bed0000 - 0x000000007c183000 	C:\Program Files\MATLAB\R2012a\bin\win64\libmwservices.dll
0x0000000075a20000 - 0x0000000075ae2000 	C:\Program Files\MATLAB\R2012a\bin\win64\libmx.dll
0x000000007a210000 - 0x000000007a228000 	C:\Program Files\MATLAB\R2012a\bin\win64\zlib1.dll
0x0000000004650000 - 0x0000000004671000 	C:\Program Files\MATLAB\R2012a\bin\win64\libmwmfl_scalar.dll
0x0000000075f10000 - 0x0000000075f5d000 	C:\Program Files\MATLAB\R2012a\bin\win64\mpath.dll
0x000000007b680000 - 0x000000007bbe1000 	C:\Program Files\MATLAB\R2012a\bin\win64\mlutil.dll
0x0000000070f30000 - 0x0000000070faf000 	C:\Program Files\MATLAB\R2012a\bin\win64\xmlcore.dll
0x000000007bc30000 - 0x000000007be83000 	C:\Program Files\MATLAB\R2012a\bin\win64\xerces-c_2_7.dll
0x000007fefebd0000 - 0x000007fefec1d000 	C:\Windows\system32\WS2_32.dll
0x000007fefe420000 - 0x000007fefe428000 	C:\Windows\system32\NSI.dll
0x00000000046d0000 - 0x00000000046ea000 	C:\Program Files\MATLAB\R2012a\bin\win64\libmwMATLAB_settings_res.dll
0x0000000004700000 - 0x0000000004747000 	C:\Program Files\MATLAB\R2012a\bin\win64\boost_serialization-vc90-mt-1_44.dll
0x000007fefec20000 - 0x000007feff9a8000 	C:\Windows\system32\SHELL32.dll
0x000007fefeb50000 - 0x000007fefebc1000 	C:\Windows\system32\SHLWAPI.dll
0x000007fef6e40000 - 0x000007fef6ee0000 	C:\Windows\WinSxS\amd64_microsoft.windows.common-controls_6595b64144ccf1df_5.82.7601.18201_none_a4d3b9377117c3df\COMCTL32.dll
0x000007feff9b0000 - 0x000007feffa47000 	C:\Windows\system32\COMDLG32.dll
0x000007fefacb0000 - 0x000007fefacc6000 	C:\Windows\system32\NETAPI32.dll
0x000007fefaca0000 - 0x000007fefacac000 	C:\Windows\system32\netutils.dll
0x000007fefd410000 - 0x000007fefd433000 	C:\Windows\system32\srvcli.dll
0x000007fefac80000 - 0x000007fefac95000 	C:\Windows\system32\wkscli.dll
0x000007feffc30000 - 0x000007feffe33000 	C:\Windows\system32\ole32.dll
0x000007fefea70000 - 0x000007fefeb47000 	C:\Windows\system32\OLEAUT32.dll
0x0000000004760000 - 0x00000000048f6000 	C:\Program Files\MATLAB\R2012a\bin\win64\mcr.dll
0x0000000075000000 - 0x000000007536b000 	C:\Program Files\MATLAB\R2012a\bin\win64\iqm.dll
0x0000000068c80000 - 0x00000000694a1000 	C:\Program Files\MATLAB\R2012a\bin\win64\m_interpreter.dll
0x0000000073da0000 - 0x0000000073dc5000 	C:\Program Files\MATLAB\R2012a\bin\win64\libmex.dll
0x00000000702e0000 - 0x0000000070393000 	C:\Program Files\MATLAB\R2012a\bin\win64\m_dispatcher.dll
0x0000000074880000 - 0x000000007496d000 	C:\Program Files\MATLAB\R2012a\bin\win64\boost_regex-vc90-mt-1_44.dll
0x0000000070250000 - 0x00000000702d4000 	C:\Program Files\MATLAB\R2012a\bin\win64\profiler.dll
0x0000000004970000 - 0x0000000004bc5000 	C:\Program Files\MATLAB\R2012a\bin\win64\libmwmathutil.dll
0x0000000079f40000 - 0x0000000079f6d000 	C:\Program Files\MATLAB\R2012a\bin\win64\libmwmathrng.dll
0x0000000074c10000 - 0x0000000074ced000 	C:\Program Files\MATLAB\R2012a\bin\win64\libmwmathcore.dll
0x0000000076160000 - 0x00000000761cb000 	C:\Program Files\MATLAB\R2012a\bin\win64\libmwspmatrix.dll
0x0000000075ea0000 - 0x0000000075f02000 	C:\Program Files\MATLAB\R2012a\bin\win64\libmwcholmod.dll
0x000000007a460000 - 0x000000007a46d000 	C:\Program Files\MATLAB\R2012a\bin\win64\libmwamd.dll
0x000000007a4b0000 - 0x000000007a4bc000 	C:\Program Files\MATLAB\R2012a\bin\win64\libmwcolamd.dll
0x0000000073d80000 - 0x0000000073d99000 	C:\Program Files\MATLAB\R2012a\bin\win64\libmwblas.dll
0x0000000070f10000 - 0x0000000070f22000 	C:\Program Files\MATLAB\R2012a\bin\win64\libmwbinder.dll
0x0000000072ba0000 - 0x0000000072bab000 	C:\Program Files\MATLAB\R2012a\bin\win64\libmwompwrapper.dll
0x00000000701c0000 - 0x0000000070246000 	C:\Program Files\MATLAB\R2012a\bin\win64\libmwlapack.dll
0x0000000070ee0000 - 0x0000000070f01000 	C:\Program Files\MATLAB\R2012a\bin\win64\m_pcodeio.dll
0x0000000079b10000 - 0x0000000079b77000 	C:\Program Files\MATLAB\R2012a\bin\win64\m_ir.dll
0x000000006b770000 - 0x000000006bdc0000 	C:\Program Files\MATLAB\R2012a\bin\win64\m_parser.dll
0x0000000070ec0000 - 0x0000000070eda000 	C:\Program Files\MATLAB\R2012a\bin\win64\ir_xfmr.dll
0x000000006ff40000 - 0x00000000701b9000 	C:\Program Files\MATLAB\R2012a\bin\win64\mcos.dll
0x00000000725b0000 - 0x00000000725bc000 	C:\Program Files\MATLAB\R2012a\bin\win64\mtok.dll
0x0000000070910000 - 0x0000000070941000 	C:\Program Files\MATLAB\R2012a\bin\win64\m_pcodegen.dll
0x0000000079fb0000 - 0x0000000079fe7000 	C:\Program Files\MATLAB\R2012a\bin\win64\libmwbridge.dll
0x000000006fe70000 - 0x000000006ff38000 	C:\Program Files\MATLAB\R2012a\bin\win64\udd.dll
0x000000006b610000 - 0x000000006b762000 	C:\Program Files\MATLAB\R2012a\bin\win64\libmwgui.dll
0x0000000070980000 - 0x0000000070997000 	C:\Program Files\MATLAB\R2012a\bin\win64\graphics_util.dll
0x00000000682d0000 - 0x0000000068c73000 	C:\Program Files\MATLAB\R2012a\bin\win64\hg.dll
0x0000000004d40000 - 0x0000000004da7000 	C:\Program Files\MATLAB\R2012a\bin\win64\libmat.dll
0x0000000072d30000 - 0x0000000072f44000 	C:\Program Files\MATLAB\R2012a\bin\win64\hdf5dll.dll
0x0000000004dd0000 - 0x0000000004e81000 	C:\Program Files\MATLAB\R2012a\bin\win64\jmi.dll
0x0000000004ea0000 - 0x0000000004eae000 	C:\Program Files\MATLAB\R2012a\bin\win64\nativejava_services.dll
0x000000006dc20000 - 0x000000006dc62000 	C:\Program Files\MATLAB\R2012a\bin\win64\libmwhardcopy.dll
0x000000006dbc0000 - 0x000000006dc1a000 	C:\Program Files\MATLAB\R2012a\bin\win64\libuij.dll
0x000000006b400000 - 0x000000006b60c000 	C:\Program Files\MATLAB\R2012a\bin\win64\hgdatatypes.dll
0x000000006b300000 - 0x000000006b3fd000 	C:\Program Files\MATLAB\R2012a\bin\win64\hgutils.dll
0x000000006b240000 - 0x000000006b2fd000 	C:\Program Files\MATLAB\R2012a\bin\win64\udd_mi.dll
0x0000000004f10000 - 0x0000000004f4b000 	C:\Program Files\MATLAB\R2012a\bin\win64\libmwgbtutils.dll
0x0000000004f60000 - 0x0000000004f79000 	C:\Program Files\MATLAB\R2012a\bin\win64\libmwgbt.dll
0x0000000004f90000 - 0x000000000525a000 	C:\Program Files\MATLAB\R2012a\bin\win64\uiw.dll
0x0000000070eb0000 - 0x0000000070ebf000 	C:\Program Files\MATLAB\R2012a\bin\win64\uinone.dll
0x000007fefa8b0000 - 0x000007fefa8c8000 	C:\Windows\system32\MPR.dll
0x0000000067de0000 - 0x00000000682c4000 	C:\Windows\WinSxS\amd64_microsoft.vc90.mfc_1fc8b3b9a1e18e3b_9.0.30729.6161_none_044aad0bab1eb146\mfc90.dll
0x000007fef8100000 - 0x000007fef8107000 	C:\Windows\system32\MSIMG32.dll
0x000007fef7c40000 - 0x000007fef7cb1000 	C:\Windows\system32\WINSPOOL.DRV
0x000000006fa50000 - 0x000000006fa70000 	C:\Program Files\MATLAB\R2012a\bin\win64\mwoles05.DLL
0x000000006db40000 - 0x000000006dbbc000 	C:\Program Files\MATLAB\R2012a\bin\win64\comcli.dll
0x000000006db10000 - 0x000000006db3f000 	C:\Windows\WinSxS\amd64_microsoft.vc90.atl_1fc8b3b9a1e18e3b_9.0.30729.6161_none_0a1fd3a3a768b895\ATL90.DLL
0x0000000070dd0000 - 0x0000000070ddc000 	C:\Program Files\MATLAB\R2012a\bin\win64\mlautoregister.dll
0x00000000052b0000 - 0x00000000052c0000 	C:\Program Files\MATLAB\R2012a\bin\win64\boost_iostreams-vc90-mt-1_44.dll
0x000007fefd800000 - 0x000007fefd857000 	C:\Windows\system32\apphelp.dll
0x000007fefaea0000 - 0x000007fefaef1000 	C:\Windows\AppPatch\AppPatch64\AcGenral.DLL
0x000007fefd7d0000 - 0x000007fefd7f5000 	C:\Windows\system32\SspiCli.dll
0x0000000074430000 - 0x0000000074433000 	C:\Windows\system32\sfc.dll
0x000007fef97d0000 - 0x000007fef97e0000 	C:\Windows\system32\sfc_os.DLL
0x000007fefdce0000 - 0x000007fefdcfe000 	C:\Windows\system32\USERENV.dll
0x000007fefda00000 - 0x000007fefda0f000 	C:\Windows\system32\profapi.dll
0x000007fefbf30000 - 0x000007fefbf48000 	C:\Windows\system32\dwmapi.dll
0x000007fefe430000 - 0x000007fefe45e000 	C:\Windows\system32\IMM32.DLL
0x000007fefe840000 - 0x000007fefe949000 	C:\Windows\system32\MSCTF.dll
0x000007fefbfa0000 - 0x000007fefbff6000 	C:\Windows\system32\UxTheme.dll
0x0000000070d80000 - 0x0000000070d8d000 	C:\Windows\WinSxS\amd64_microsoft.vc90.mfcloc_1fc8b3b9a1e18e3b_9.0.30729.6161_none_01c9581e60cbee58\MFC90ENU.DLL
0x00000000055c0000 - 0x00000000055e9000 	C:\Program Files\MATLAB\R2012a\bin\win64\tbbmalloc.dll
0x000007fefc400000 - 0x000007fefc40f000 	C:\Program Files\MATLAB\R2012a\bin\win64\xmlxrcsc.dll
0x000007fefd860000 - 0x000007fefd86f000 	C:\Windows\system32\CRYPTBASE.dll
0x000007fefc430000 - 0x000007fefc624000 	C:\Windows\WinSxS\amd64_microsoft.windows.common-controls_6595b64144ccf1df_6.0.7601.17514_none_fa396087175ac9ac\comctl32.dll
0x000007feffa50000 - 0x000007feffc27000 	C:\Windows\system32\SETUPAPI.dll
0x000007fefdca0000 - 0x000007fefdcd6000 	C:\Windows\system32\CFGMGR32.dll
0x000007fefdd00000 - 0x000007fefdd1a000 	C:\Windows\system32\DEVOBJ.dll
0x000007fefdea0000 - 0x000007fefdf39000 	C:\Windows\system32\CLBCatQ.DLL

VM Arguments:
jvm_args: -Xss512k -XX:PermSize=32m -Xms64m -XX:NewRatio=3 -XX:MaxPermSize=128m -Xmx196m -XX:MaxDirectMemorySize=2147400000 -Dsun.java2d.noddraw=true -Dsun.awt.nopixfmt=true -Xshare:off -Xrs -Dsun.awt.disableMixing=true -Xmx2048m -Djava.library.path=C:\Program Files\MATLAB\R2012a\bin\win64;C:\Micro-Manager-1.4.17\ vfprintf abort 
java_command: <unknown>
Launcher Type: generic

Environment Variables:
PATH=C:\Windows\system32;C:\Windows;C:\Windows\System32\Wbem;C:\Windows\System32\WindowsPowerShell\v1.0\;C:\Program Files\MATLAB\R2013b\bin;C:\Program Files (x86)\MATLAB-32\R2012a\bin;C:\Program Files\MATLAB\R2012a\bin;C:\Program Files\MATLAB\R2010b\bin;C:\Micro-Manager-1.4.17;C:\Program Files (x86)\Ocean Optics\Overture\OOI_HOME;C:\Program Files\Microsoft Windows Performance Toolkit\;C:\Program Files\IVI Foundation\VISA\Win64\Bin\;C:\Program Files (x86)\IVI Foundation\VISA\WinNT\Bin\;C:\Program Files (x86)\IVI Foundation\VISA\WinNT\Bin
USERNAME=keck
OS=Windows_NT
PROCESSOR_IDENTIFIER=Intel64 Family 6 Model 42 Stepping 7, GenuineIntel



---------------  S Y S T E M  ---------------

OS: Windows 7 Build 7601 Service Pack 1

CPU:total 4 (8 cores per cpu, 2 threads per core) family 6 model 42 stepping 7, cmov, cx8, fxsr, mmx, sse, sse2, sse3, ssse3, sse4.1, sse4.2, ht

Memory: 4k page, physical 16682868k(12736104k free), swap 17500204k(13754512k free)

vm_info: Java HotSpot(TM) 64-Bit Server VM (14.3-b01) for windows-amd64 JRE (1.6.0_17-b04), built on Oct 11 2009 00:46:08 by "java_re" with MS VC++ 8.0

time: Tue Jul 01 13:02:07 2014
elapsed time: 3924 seconds

